{"/Users/esra/Documents/programming/react/carpathian/src/App.tsx": {"path":"/Users/esra/Documents/programming/react/carpathian/src/App.tsx","statementMap":{"0":{"start":{"line":21,"column":6},"end":{"line":21,"column":null}},"1":{"start":{"line":21,"column":27},"end":{"line":21,"column":null}},"2":{"start":{"line":22,"column":6},"end":{"line":22,"column":null}},"3":{"start":{"line":22,"column":35},"end":{"line":22,"column":null}},"4":{"start":{"line":23,"column":6},"end":{"line":23,"column":null}},"5":{"start":{"line":23,"column":34},"end":{"line":23,"column":null}},"6":{"start":{"line":24,"column":6},"end":{"line":24,"column":null}},"7":{"start":{"line":24,"column":34},"end":{"line":24,"column":null}},"8":{"start":{"line":27,"column":2},"end":{"line":27,"column":null}},"9":{"start":{"line":28,"column":2},"end":{"line":28,"column":null}},"10":{"start":{"line":29,"column":2},"end":{"line":29,"column":null}},"11":{"start":{"line":32,"column":45},"end":{"line":33,"column":19}},"12":{"start":{"line":35,"column":8},"end":{"line":37,"column":null}},"13":{"start":{"line":35,"column":27},"end":{"line":36,"column":52}},"14":{"start":{"line":39,"column":8},"end":{"line":41,"column":null}},"15":{"start":{"line":39,"column":26},"end":{"line":40,"column":65}},"16":{"start":{"line":43,"column":10},"end":{"line":43,"column":66}},"17":{"start":{"line":44,"column":10},"end":{"line":44,"column":63}},"18":{"start":{"line":45,"column":20},"end":{"line":45,"column":null}},"19":{"start":{"line":47,"column":8},"end":{"line":47,"column":36}},"20":{"start":{"line":48,"column":8},"end":{"line":48,"column":35}},"21":{"start":{"line":49,"column":8},"end":{"line":49,"column":35}},"22":{"start":{"line":50,"column":24},"end":{"line":50,"column":80}},"23":{"start":{"line":51,"column":10},"end":{"line":51,"column":66}},"24":{"start":{"line":52,"column":10},"end":{"line":52,"column":84}},"25":{"start":{"line":53,"column":8},"end":{"line":53,"column":49}},"26":{"start":{"line":53,"column":37},"end":{"line":53,"column":49}},"27":{"start":{"line":55,"column":25},"end":{"line":55,"column":null}},"28":{"start":{"line":56,"column":24},"end":{"line":56,"column":null}},"29":{"start":{"line":57,"column":22},"end":{"line":57,"column":null}},"30":{"start":{"line":58,"column":27},"end":{"line":58,"column":null}},"31":{"start":{"line":59,"column":21},"end":{"line":69,"column":null}},"32":{"start":{"line":71,"column":2},"end":{"line":76,"column":null}},"33":{"start":{"line":72,"column":4},"end":{"line":76,"column":null}},"34":{"start":{"line":76,"column":31},"end":{"line":76,"column":55}},"35":{"start":{"line":81,"column":2},"end":{"line":228,"column":null}},"36":{"start":{"line":117,"column":27},"end":{"line":117,"column":43}},"37":{"start":{"line":125,"column":27},"end":{"line":125,"column":44}},"38":{"start":{"line":156,"column":33},"end":{"line":156,"column":57}},"39":{"start":{"line":157,"column":33},"end":{"line":157,"column":56}},"40":{"start":{"line":166,"column":16},"end":{"line":166,"column":null}},"41":{"start":{"line":169,"column":16},"end":{"line":169,"column":null}},"42":{"start":{"line":193,"column":119},"end":{"line":193,"column":146}},"43":{"start":{"line":193,"column":146},"end":{"line":193,"column":184}},"44":{"start":{"line":202,"column":14},"end":{"line":217,"column":null}},"45":{"start":{"line":218,"column":14},"end":{"line":218,"column":null}},"46":{"start":{"line":219,"column":14},"end":{"line":219,"column":null}},"47":{"start":{"line":227,"column":116},"end":{"line":227,"column":157}},"48":{"start":{"line":227,"column":157},"end":{"line":227,"column":194}}},"fnMap":{"0":{"name":"(anonymous_0)","decl":{"start":{"line":21,"column":16},"end":{"line":21,"column":27}},"loc":{"start":{"line":21,"column":27},"end":{"line":21,"column":null}},"line":21},"1":{"name":"(anonymous_1)","decl":{"start":{"line":22,"column":24},"end":{"line":22,"column":35}},"loc":{"start":{"line":22,"column":35},"end":{"line":22,"column":null}},"line":22},"2":{"name":"(anonymous_2)","decl":{"start":{"line":23,"column":23},"end":{"line":23,"column":34}},"loc":{"start":{"line":23,"column":34},"end":{"line":23,"column":null}},"line":23},"3":{"name":"(anonymous_3)","decl":{"start":{"line":24,"column":23},"end":{"line":24,"column":34}},"loc":{"start":{"line":24,"column":34},"end":{"line":24,"column":null}},"line":24},"4":{"name":"App","decl":{"start":{"line":26,"column":24},"end":{"line":26,"column":30}},"loc":{"start":{"line":26,"column":30},"end":{"line":228,"column":null}},"line":26},"5":{"name":"(anonymous_5)","decl":{"start":{"line":35,"column":27},"end":{"line":35,"column":null}},"loc":{"start":{"line":35,"column":27},"end":{"line":36,"column":52}},"line":35},"6":{"name":"(anonymous_6)","decl":{"start":{"line":39,"column":26},"end":{"line":39,"column":null}},"loc":{"start":{"line":39,"column":26},"end":{"line":40,"column":65}},"line":39},"7":{"name":"(anonymous_7)","decl":{"start":{"line":53,"column":20},"end":{"line":53,"column":32}},"loc":{"start":{"line":53,"column":37},"end":{"line":53,"column":49}},"line":53},"8":{"name":"(anonymous_8)","decl":{"start":{"line":76,"column":16},"end":{"line":76,"column":31}},"loc":{"start":{"line":76,"column":31},"end":{"line":76,"column":55}},"line":76},"9":{"name":"(anonymous_9)","decl":{"start":{"line":117,"column":12},"end":{"line":117,"column":27}},"loc":{"start":{"line":117,"column":27},"end":{"line":117,"column":43}},"line":117},"10":{"name":"(anonymous_10)","decl":{"start":{"line":125,"column":12},"end":{"line":125,"column":27}},"loc":{"start":{"line":125,"column":27},"end":{"line":125,"column":44}},"line":125},"11":{"name":"(anonymous_11)","decl":{"start":{"line":156,"column":18},"end":{"line":156,"column":33}},"loc":{"start":{"line":156,"column":33},"end":{"line":156,"column":57}},"line":156},"12":{"name":"(anonymous_12)","decl":{"start":{"line":157,"column":18},"end":{"line":157,"column":33}},"loc":{"start":{"line":157,"column":33},"end":{"line":157,"column":56}},"line":157},"13":{"name":"(anonymous_13)","decl":{"start":{"line":165,"column":66},"end":{"line":165,"column":70}},"loc":{"start":{"line":166,"column":16},"end":{"line":166,"column":null}},"line":166},"14":{"name":"(anonymous_14)","decl":{"start":{"line":168,"column":64},"end":{"line":168,"column":68}},"loc":{"start":{"line":169,"column":16},"end":{"line":169,"column":null}},"line":169},"15":{"name":"(anonymous_15)","decl":{"start":{"line":193,"column":101},"end":{"line":193,"column":108}},"loc":{"start":{"line":193,"column":117},"end":{"line":193,"column":184}},"line":193},"16":{"name":"(anonymous_16)","decl":{"start":{"line":201,"column":22},"end":{"line":201,"column":29}},"loc":{"start":{"line":201,"column":38},"end":{"line":219,"column":null}},"line":201},"17":{"name":"(anonymous_17)","decl":{"start":{"line":227,"column":98},"end":{"line":227,"column":105}},"loc":{"start":{"line":227,"column":114},"end":{"line":227,"column":194}},"line":227}},"branchMap":{"0":{"loc":{"start":{"line":45,"column":20},"end":{"line":45,"column":null}},"type":"binary-expr","locations":[{"start":{"line":45,"column":20},"end":{"line":45,"column":36}},{"start":{"line":45,"column":36},"end":{"line":45,"column":66}},{"start":{"line":45,"column":66},"end":{"line":45,"column":null}}],"line":45},"1":{"loc":{"start":{"line":57,"column":22},"end":{"line":57,"column":null}},"type":"cond-expr","locations":[{"start":{"line":57,"column":57},"end":{"line":57,"column":74}},{"start":{"line":57,"column":74},"end":{"line":57,"column":null}}],"line":57},"2":{"loc":{"start":{"line":58,"column":27},"end":{"line":58,"column":null}},"type":"binary-expr","locations":[{"start":{"line":58,"column":27},"end":{"line":58,"column":56}},{"start":{"line":58,"column":56},"end":{"line":58,"column":90}},{"start":{"line":58,"column":90},"end":{"line":58,"column":123}},{"start":{"line":58,"column":123},"end":{"line":58,"column":null}}],"line":58},"3":{"loc":{"start":{"line":59,"column":21},"end":{"line":69,"column":null}},"type":"cond-expr","locations":[{"start":{"line":60,"column":6},"end":{"line":63,"column":null}},{"start":{"line":64,"column":6},"end":{"line":69,"column":null}}],"line":59},"4":{"loc":{"start":{"line":65,"column":15},"end":{"line":65,"column":null}},"type":"cond-expr","locations":[{"start":{"line":65,"column":34},"end":{"line":65,"column":62}},{"start":{"line":65,"column":62},"end":{"line":65,"column":null}}],"line":65},"5":{"loc":{"start":{"line":66,"column":21},"end":{"line":68,"column":null}},"type":"cond-expr","locations":[{"start":{"line":67,"column":12},"end":{"line":67,"column":null}},{"start":{"line":68,"column":12},"end":{"line":68,"column":null}}],"line":66},"6":{"loc":{"start":{"line":71,"column":2},"end":{"line":76,"column":null}},"type":"if","locations":[{"start":{"line":71,"column":2},"end":{"line":76,"column":null}},{"start":{},"end":{}}],"line":71},"7":{"loc":{"start":{"line":95,"column":9},"end":{"line":109,"column":9}},"type":"binary-expr","locations":[{"start":{"line":95,"column":9},"end":{"line":95,"column":null}},{"start":{"line":96,"column":10},"end":{"line":109,"column":9}}],"line":95},"8":{"loc":{"start":{"line":98,"column":14},"end":{"line":102,"column":null}},"type":"cond-expr","locations":[{"start":{"line":99,"column":18},"end":{"line":99,"column":null}},{"start":{"line":100,"column":18},"end":{"line":102,"column":null}}],"line":98},"9":{"loc":{"start":{"line":100,"column":18},"end":{"line":102,"column":null}},"type":"cond-expr","locations":[{"start":{"line":101,"column":20},"end":{"line":101,"column":null}},{"start":{"line":102,"column":20},"end":{"line":102,"column":null}}],"line":100},"10":{"loc":{"start":{"line":104,"column":18},"end":{"line":104,"column":null}},"type":"cond-expr","locations":[{"start":{"line":104,"column":51},"end":{"line":104,"column":61}},{"start":{"line":104,"column":61},"end":{"line":104,"column":null}}],"line":104},"11":{"loc":{"start":{"line":118,"column":161},"end":{"line":118,"column":null}},"type":"cond-expr","locations":[{"start":{"line":118,"column":180},"end":{"line":118,"column":243}},{"start":{"line":118,"column":243},"end":{"line":118,"column":null}}],"line":118},"12":{"loc":{"start":{"line":126,"column":161},"end":{"line":126,"column":null}},"type":"cond-expr","locations":[{"start":{"line":126,"column":181},"end":{"line":126,"column":244}},{"start":{"line":126,"column":244},"end":{"line":126,"column":null}}],"line":126},"13":{"loc":{"start":{"line":156,"column":177},"end":{"line":156,"column":299}},"type":"cond-expr","locations":[{"start":{"line":156,"column":212},"end":{"line":156,"column":242}},{"start":{"line":156,"column":242},"end":{"line":156,"column":299}}],"line":156},"14":{"loc":{"start":{"line":157,"column":176},"end":{"line":157,"column":297}},"type":"cond-expr","locations":[{"start":{"line":157,"column":210},"end":{"line":157,"column":240}},{"start":{"line":157,"column":240},"end":{"line":157,"column":297}}],"line":157},"15":{"loc":{"start":{"line":161,"column":11},"end":{"line":171,"column":null}},"type":"cond-expr","locations":[{"start":{"line":162,"column":12},"end":{"line":162,"column":null}},{"start":{"line":164,"column":12},"end":{"line":171,"column":null}}],"line":161},"16":{"loc":{"start":{"line":165,"column":15},"end":{"line":166,"column":null}},"type":"binary-expr","locations":[{"start":{"line":165,"column":15},"end":{"line":165,"column":51}},{"start":{"line":165,"column":51},"end":{"line":166,"column":null}}],"line":165},"17":{"loc":{"start":{"line":168,"column":15},"end":{"line":169,"column":null}},"type":"binary-expr","locations":[{"start":{"line":168,"column":15},"end":{"line":168,"column":50}},{"start":{"line":168,"column":50},"end":{"line":169,"column":null}}],"line":168},"18":{"loc":{"start":{"line":173,"column":12},"end":{"line":184,"column":null}},"type":"binary-expr","locations":[{"start":{"line":173,"column":12},"end":{"line":173,"column":26}},{"start":{"line":173,"column":26},"end":{"line":173,"column":null}},{"start":{"line":174,"column":12},"end":{"line":184,"column":null}}],"line":173},"19":{"loc":{"start":{"line":177,"column":15},"end":{"line":184,"column":null}},"type":"binary-expr","locations":[{"start":{"line":177,"column":15},"end":{"line":177,"column":null}},{"start":{"line":178,"column":16},"end":{"line":184,"column":null}}],"line":177},"20":{"loc":{"start":{"line":191,"column":7},"end":{"line":194,"column":null}},"type":"binary-expr","locations":[{"start":{"line":191,"column":7},"end":{"line":191,"column":null}},{"start":{"line":192,"column":8},"end":{"line":194,"column":null}}],"line":191},"21":{"loc":{"start":{"line":196,"column":7},"end":{"line":223,"column":null}},"type":"binary-expr","locations":[{"start":{"line":196,"column":7},"end":{"line":196,"column":null}},{"start":{"line":197,"column":8},"end":{"line":223,"column":null}}],"line":196},"22":{"loc":{"start":{"line":225,"column":7},"end":{"line":228,"column":null}},"type":"binary-expr","locations":[{"start":{"line":225,"column":7},"end":{"line":225,"column":null}},{"start":{"line":226,"column":8},"end":{"line":228,"column":null}}],"line":225}},"s":{"0":2,"1":2,"2":2,"3":1,"4":2,"5":0,"6":2,"7":1,"8":74,"9":74,"10":74,"11":74,"12":74,"13":23,"14":74,"15":23,"16":74,"17":74,"18":74,"19":74,"20":74,"21":74,"22":74,"23":74,"24":74,"25":74,"26":243,"27":74,"28":74,"29":74,"30":74,"31":74,"32":74,"33":0,"34":0,"35":74,"36":0,"37":2,"38":0,"39":2,"40":15,"41":5,"42":3,"43":3,"44":0,"45":0,"46":0,"47":2,"48":1},"f":{"0":2,"1":1,"2":0,"3":1,"4":74,"5":23,"6":23,"7":243,"8":0,"9":0,"10":2,"11":0,"12":2,"13":15,"14":5,"15":3,"16":0,"17":2},"b":{"0":[74,34,32],"1":[71,3],"2":[74,74,74,74],"3":[71,3],"4":[2,1],"5":[2,1],"6":[0,74],"7":[74,13],"8":[9,4],"9":[3,1],"10":[1,12],"11":[72,2],"12":[2,72],"13":[71,3],"14":[3,71],"15":[32,42],"16":[42,39],"17":[42,3],"18":[74,42,26],"19":[26,0],"20":[74,6],"21":[74,0],"22":[74,4]},"meta":{"lastBranch":23,"lastFunction":18,"lastStatement":49,"seen":{"s:21:6:21:Infinity":0,"f:21:16:21:27":0,"s:21:27:21:Infinity":1,"s:22:6:22:Infinity":2,"f:22:24:22:35":1,"s:22:35:22:Infinity":3,"s:23:6:23:Infinity":4,"f:23:23:23:34":2,"s:23:34:23:Infinity":5,"s:24:6:24:Infinity":6,"f:24:23:24:34":3,"s:24:34:24:Infinity":7,"f:26:24:26:30":4,"s:27:2:27:Infinity":8,"s:28:2:28:Infinity":9,"s:29:2:29:Infinity":10,"s:32:45:33:19":11,"s:35:8:37:Infinity":12,"f:35:27:35:Infinity":5,"s:35:27:36:52":13,"s:39:8:41:Infinity":14,"f:39:26:39:Infinity":6,"s:39:26:40:65":15,"s:43:10:43:66":16,"s:44:10:44:63":17,"s:45:20:45:Infinity":18,"b:45:20:45:36:45:36:45:66:45:66:45:Infinity":0,"s:47:8:47:36":19,"s:48:8:48:35":20,"s:49:8:49:35":21,"s:50:24:50:80":22,"s:51:10:51:66":23,"s:52:10:52:84":24,"s:53:8:53:49":25,"f:53:20:53:32":7,"s:53:37:53:49":26,"s:55:25:55:Infinity":27,"s:56:24:56:Infinity":28,"s:57:22:57:Infinity":29,"b:57:57:57:74:57:74:57:Infinity":1,"s:58:27:58:Infinity":30,"b:58:27:58:56:58:56:58:90:58:90:58:123:58:123:58:Infinity":2,"s:59:21:69:Infinity":31,"b:60:6:63:Infinity:64:6:69:Infinity":3,"b:65:34:65:62:65:62:65:Infinity":4,"b:67:12:67:Infinity:68:12:68:Infinity":5,"b:71:2:76:Infinity:undefined:undefined:undefined:undefined":6,"s:71:2:76:Infinity":32,"s:72:4:76:Infinity":33,"f:76:16:76:31":8,"s:76:31:76:55":34,"s:81:2:228:Infinity":35,"b:95:9:95:Infinity:96:10:109:9":7,"b:99:18:99:Infinity:100:18:102:Infinity":8,"b:101:20:101:Infinity:102:20:102:Infinity":9,"b:104:51:104:61:104:61:104:Infinity":10,"f:117:12:117:27":9,"s:117:27:117:43":36,"b:118:180:118:243:118:243:118:Infinity":11,"f:125:12:125:27":10,"s:125:27:125:44":37,"b:126:181:126:244:126:244:126:Infinity":12,"f:156:18:156:33":11,"s:156:33:156:57":38,"b:156:212:156:242:156:242:156:299":13,"f:157:18:157:33":12,"s:157:33:157:56":39,"b:157:210:157:240:157:240:157:297":14,"b:162:12:162:Infinity:164:12:171:Infinity":15,"b:165:15:165:51:165:51:166:Infinity":16,"f:165:66:165:70":13,"s:166:16:166:Infinity":40,"b:168:15:168:50:168:50:169:Infinity":17,"f:168:64:168:68":14,"s:169:16:169:Infinity":41,"b:173:12:173:26:173:26:173:Infinity:174:12:184:Infinity":18,"b:177:15:177:Infinity:178:16:184:Infinity":19,"b:191:7:191:Infinity:192:8:194:Infinity":20,"f:193:101:193:108":15,"s:193:119:193:146":42,"s:193:146:193:184":43,"b:196:7:196:Infinity:197:8:223:Infinity":21,"f:201:22:201:29":16,"s:202:14:217:Infinity":44,"s:218:14:218:Infinity":45,"s:219:14:219:Infinity":46,"b:225:7:225:Infinity:226:8:228:Infinity":22,"f:227:98:227:105":17,"s:227:116:227:157":47,"s:227:157:227:194":48}}}
,"/Users/esra/Documents/programming/react/carpathian/src/components/cards/ExpertCard.tsx": {"path":"/Users/esra/Documents/programming/react/carpathian/src/components/cards/ExpertCard.tsx","statementMap":{"0":{"start":{"line":6,"column":6},"end":{"line":8,"column":null}},"1":{"start":{"line":7,"column":16},"end":{"line":7,"column":81}},"2":{"start":{"line":8,"column":2},"end":{"line":8,"column":null}},"3":{"start":{"line":8,"column":41},"end":{"line":8,"column":63}},"4":{"start":{"line":11,"column":6},"end":{"line":35,"column":null}},"5":{"start":{"line":12,"column":19},"end":{"line":12,"column":36}},"6":{"start":{"line":13,"column":15},"end":{"line":13,"column":86}},"7":{"start":{"line":13,"column":56},"end":{"line":13,"column":82}},"8":{"start":{"line":14,"column":19},"end":{"line":18,"column":null}},"9":{"start":{"line":19,"column":38},"end":{"line":19,"column":null}},"10":{"start":{"line":20,"column":14},"end":{"line":32,"column":null}},"11":{"start":{"line":35,"column":2},"end":{"line":35,"column":null}},"12":{"start":{"line":38,"column":6},"end":{"line":44,"column":null}},"13":{"start":{"line":39,"column":21},"end":{"line":39,"column":31}},"14":{"start":{"line":40,"column":24},"end":{"line":40,"column":74}},"15":{"start":{"line":41,"column":2},"end":{"line":42,"column":null}},"16":{"start":{"line":42,"column":4},"end":{"line":42,"column":null}},"17":{"start":{"line":44,"column":2},"end":{"line":44,"column":null}},"18":{"start":{"line":47,"column":6},"end":{"line":47,"column":63}},"19":{"start":{"line":47,"column":42},"end":{"line":47,"column":63}},"20":{"start":{"line":48,"column":6},"end":{"line":48,"column":82}},"21":{"start":{"line":48,"column":49},"end":{"line":48,"column":82}},"22":{"start":{"line":49,"column":6},"end":{"line":50,"column":75}},"23":{"start":{"line":50,"column":2},"end":{"line":50,"column":75}},"24":{"start":{"line":80,"column":13},"end":{"line":276,"column":null}},"25":{"start":{"line":99,"column":33},"end":{"line":99,"column":76}},"26":{"start":{"line":100,"column":8},"end":{"line":100,"column":47}},"27":{"start":{"line":100,"column":37},"end":{"line":100,"column":47}},"28":{"start":{"line":101,"column":8},"end":{"line":101,"column":68}},"29":{"start":{"line":101,"column":46},"end":{"line":101,"column":68}},"30":{"start":{"line":102,"column":8},"end":{"line":102,"column":64}},"31":{"start":{"line":102,"column":43},"end":{"line":102,"column":64}},"32":{"start":{"line":103,"column":21},"end":{"line":103,"column":null}},"33":{"start":{"line":104,"column":24},"end":{"line":104,"column":57}},"34":{"start":{"line":105,"column":23},"end":{"line":105,"column":70}},"35":{"start":{"line":106,"column":28},"end":{"line":106,"column":52}},"36":{"start":{"line":107,"column":8},"end":{"line":107,"column":60}},"37":{"start":{"line":108,"column":28},"end":{"line":108,"column":null}},"38":{"start":{"line":109,"column":29},"end":{"line":109,"column":null}},"39":{"start":{"line":110,"column":16},"end":{"line":114,"column":4}},"40":{"start":{"line":115,"column":36},"end":{"line":121,"column":null}},"41":{"start":{"line":123,"column":8},"end":{"line":128,"column":null}},"42":{"start":{"line":124,"column":19},"end":{"line":124,"column":null}},"43":{"start":{"line":125,"column":4},"end":{"line":126,"column":null}},"44":{"start":{"line":126,"column":6},"end":{"line":126,"column":null}},"45":{"start":{"line":128,"column":4},"end":{"line":128,"column":null}},"46":{"start":{"line":131,"column":8},"end":{"line":143,"column":null}},"47":{"start":{"line":132,"column":18},"end":{"line":132,"column":null}},"48":{"start":{"line":133,"column":25},"end":{"line":133,"column":null}},"49":{"start":{"line":135,"column":4},"end":{"line":138,"column":null}},"50":{"start":{"line":136,"column":6},"end":{"line":136,"column":null}},"51":{"start":{"line":137,"column":6},"end":{"line":137,"column":null}},"52":{"start":{"line":138,"column":6},"end":{"line":138,"column":null}},"53":{"start":{"line":141,"column":4},"end":{"line":143,"column":null}},"54":{"start":{"line":142,"column":6},"end":{"line":142,"column":null}},"55":{"start":{"line":143,"column":6},"end":{"line":143,"column":null}},"56":{"start":{"line":147,"column":8},"end":{"line":155,"column":null}},"57":{"start":{"line":148,"column":4},"end":{"line":155,"column":null}},"58":{"start":{"line":158,"column":8},"end":{"line":173,"column":null}},"59":{"start":{"line":159,"column":4},"end":{"line":173,"column":null}},"60":{"start":{"line":161,"column":8},"end":{"line":171,"column":null}},"61":{"start":{"line":176,"column":2},"end":{"line":276,"column":null}},"62":{"start":{"line":251,"column":18},"end":{"line":251,"column":null}}},"fnMap":{"0":{"name":"(anonymous_0)","decl":{"start":{"line":6,"column":6},"end":{"line":6,"column":21}},"loc":{"start":{"line":6,"column":38},"end":{"line":8,"column":null}},"line":6},"1":{"name":"(anonymous_1)","decl":{"start":{"line":8,"column":27},"end":{"line":8,"column":32}},"loc":{"start":{"line":8,"column":41},"end":{"line":8,"column":63}},"line":8},"2":{"name":"(anonymous_2)","decl":{"start":{"line":11,"column":6},"end":{"line":11,"column":28}},"loc":{"start":{"line":11,"column":45},"end":{"line":35,"column":null}},"line":11},"3":{"name":"(anonymous_3)","decl":{"start":{"line":13,"column":32},"end":{"line":13,"column":40}},"loc":{"start":{"line":13,"column":56},"end":{"line":13,"column":82}},"line":13},"4":{"name":"(anonymous_4)","decl":{"start":{"line":38,"column":6},"end":{"line":38,"column":26}},"loc":{"start":{"line":38,"column":42},"end":{"line":44,"column":null}},"line":38},"5":{"name":"(anonymous_5)","decl":{"start":{"line":47,"column":6},"end":{"line":47,"column":26}},"loc":{"start":{"line":47,"column":42},"end":{"line":47,"column":63}},"line":47},"6":{"name":"(anonymous_6)","decl":{"start":{"line":48,"column":6},"end":{"line":48,"column":25}},"loc":{"start":{"line":48,"column":49},"end":{"line":48,"column":82}},"line":48},"7":{"name":"(anonymous_7)","decl":{"start":{"line":49,"column":6},"end":{"line":49,"column":31}},"loc":{"start":{"line":50,"column":2},"end":{"line":50,"column":75}},"line":50},"8":{"name":"(anonymous_8)","decl":{"start":{"line":80,"column":13},"end":{"line":80,"column":54}},"loc":{"start":{"line":98,"column":6},"end":{"line":276,"column":null}},"line":98},"9":{"name":"(anonymous_9)","decl":{"start":{"line":100,"column":18},"end":{"line":100,"column":31}},"loc":{"start":{"line":100,"column":37},"end":{"line":100,"column":47}},"line":100},"10":{"name":"(anonymous_10)","decl":{"start":{"line":101,"column":27},"end":{"line":101,"column":40}},"loc":{"start":{"line":101,"column":46},"end":{"line":101,"column":68}},"line":101},"11":{"name":"(anonymous_11)","decl":{"start":{"line":102,"column":24},"end":{"line":102,"column":37}},"loc":{"start":{"line":102,"column":43},"end":{"line":102,"column":64}},"line":102},"12":{"name":"(anonymous_12)","decl":{"start":{"line":123,"column":8},"end":{"line":123,"column":29}},"loc":{"start":{"line":123,"column":66},"end":{"line":128,"column":null}},"line":123},"13":{"name":"(anonymous_13)","decl":{"start":{"line":131,"column":8},"end":{"line":131,"column":29}},"loc":{"start":{"line":131,"column":79},"end":{"line":143,"column":null}},"line":131},"14":{"name":"(anonymous_14)","decl":{"start":{"line":147,"column":8},"end":{"line":147,"column":24}},"loc":{"start":{"line":148,"column":4},"end":{"line":155,"column":null}},"line":148},"15":{"name":"(anonymous_15)","decl":{"start":{"line":158,"column":8},"end":{"line":158,"column":29}},"loc":{"start":{"line":159,"column":4},"end":{"line":173,"column":null}},"line":159},"16":{"name":"(anonymous_16)","decl":{"start":{"line":160,"column":19},"end":{"line":160,"column":24}},"loc":{"start":{"line":161,"column":8},"end":{"line":171,"column":null}},"line":161},"17":{"name":"(anonymous_17)","decl":{"start":{"line":250,"column":27},"end":{"line":250,"column":32}},"loc":{"start":{"line":251,"column":18},"end":{"line":251,"column":null}},"line":251}},"branchMap":{"0":{"loc":{"start":{"line":8,"column":9},"end":{"line":8,"column":null}},"type":"binary-expr","locations":[{"start":{"line":8,"column":9},"end":{"line":8,"column":73}},{"start":{"line":8,"column":77},"end":{"line":8,"column":null}}],"line":8},"1":{"loc":{"start":{"line":41,"column":2},"end":{"line":42,"column":null}},"type":"if","locations":[{"start":{"line":41,"column":2},"end":{"line":42,"column":null}},{"start":{},"end":{}}],"line":41},"2":{"loc":{"start":{"line":44,"column":47},"end":{"line":44,"column":null}},"type":"cond-expr","locations":[{"start":{"line":44,"column":73},"end":{"line":44,"column":81}},{"start":{"line":44,"column":81},"end":{"line":44,"column":null}}],"line":44},"3":{"loc":{"start":{"line":50,"column":10},"end":{"line":50,"column":74}},"type":"binary-expr","locations":[{"start":{"line":50,"column":10},"end":{"line":50,"column":49}},{"start":{"line":50,"column":53},"end":{"line":50,"column":74}}],"line":50},"4":{"loc":{"start":{"line":90,"column":2},"end":{"line":90,"column":null}},"type":"default-arg","locations":[{"start":{"line":90,"column":17},"end":{"line":90,"column":null}}],"line":90},"5":{"loc":{"start":{"line":91,"column":2},"end":{"line":91,"column":null}},"type":"default-arg","locations":[{"start":{"line":91,"column":13},"end":{"line":91,"column":null}}],"line":91},"6":{"loc":{"start":{"line":104,"column":24},"end":{"line":104,"column":57}},"type":"binary-expr","locations":[{"start":{"line":104,"column":24},"end":{"line":104,"column":36}},{"start":{"line":104,"column":36},"end":{"line":104,"column":57}}],"line":104},"7":{"loc":{"start":{"line":105,"column":23},"end":{"line":105,"column":70}},"type":"binary-expr","locations":[{"start":{"line":105,"column":23},"end":{"line":105,"column":44}},{"start":{"line":105,"column":44},"end":{"line":105,"column":70}}],"line":105},"8":{"loc":{"start":{"line":108,"column":28},"end":{"line":108,"column":null}},"type":"cond-expr","locations":[{"start":{"line":108,"column":63},"end":{"line":108,"column":75}},{"start":{"line":108,"column":75},"end":{"line":108,"column":null}}],"line":108},"9":{"loc":{"start":{"line":109,"column":29},"end":{"line":109,"column":null}},"type":"cond-expr","locations":[{"start":{"line":109,"column":73},"end":{"line":109,"column":85}},{"start":{"line":109,"column":85},"end":{"line":109,"column":null}}],"line":109},"10":{"loc":{"start":{"line":116,"column":8},"end":{"line":116,"column":116}},"type":"cond-expr","locations":[{"start":{"line":116,"column":16},"end":{"line":116,"column":111}},{"start":{"line":116,"column":114},"end":{"line":116,"column":116}}],"line":116},"11":{"loc":{"start":{"line":117,"column":8},"end":{"line":117,"column":131}},"type":"cond-expr","locations":[{"start":{"line":117,"column":19},"end":{"line":117,"column":126}},{"start":{"line":117,"column":129},"end":{"line":117,"column":131}}],"line":117},"12":{"loc":{"start":{"line":118,"column":8},"end":{"line":118,"column":121}},"type":"cond-expr","locations":[{"start":{"line":118,"column":17},"end":{"line":118,"column":116}},{"start":{"line":118,"column":119},"end":{"line":118,"column":121}}],"line":118},"13":{"loc":{"start":{"line":119,"column":8},"end":{"line":119,"column":152}},"type":"cond-expr","locations":[{"start":{"line":119,"column":24},"end":{"line":119,"column":147}},{"start":{"line":119,"column":150},"end":{"line":119,"column":152}}],"line":119},"14":{"loc":{"start":{"line":120,"column":8},"end":{"line":120,"column":null}},"type":"cond-expr","locations":[{"start":{"line":120,"column":16},"end":{"line":120,"column":111}},{"start":{"line":120,"column":114},"end":{"line":120,"column":null}}],"line":120},"15":{"loc":{"start":{"line":125,"column":4},"end":{"line":126,"column":null}},"type":"if","locations":[{"start":{"line":125,"column":4},"end":{"line":126,"column":null}},{"start":{},"end":{}}],"line":125},"16":{"loc":{"start":{"line":135,"column":4},"end":{"line":138,"column":null}},"type":"if","locations":[{"start":{"line":135,"column":4},"end":{"line":138,"column":null}},{"start":{},"end":{}}],"line":135},"17":{"loc":{"start":{"line":135,"column":8},"end":{"line":135,"column":67}},"type":"binary-expr","locations":[{"start":{"line":135,"column":8},"end":{"line":135,"column":30}},{"start":{"line":135,"column":30},"end":{"line":135,"column":67}}],"line":135},"18":{"loc":{"start":{"line":141,"column":4},"end":{"line":143,"column":null}},"type":"if","locations":[{"start":{"line":141,"column":4},"end":{"line":143,"column":null}},{"start":{},"end":{}}],"line":141},"19":{"loc":{"start":{"line":147,"column":24},"end":{"line":147,"column":null}},"type":"default-arg","locations":[{"start":{"line":147,"column":33},"end":{"line":147,"column":null}}],"line":147},"20":{"loc":{"start":{"line":159,"column":45},"end":{"line":159,"column":null}},"type":"cond-expr","locations":[{"start":{"line":159,"column":67},"end":{"line":159,"column":89}},{"start":{"line":159,"column":89},"end":{"line":159,"column":null}}],"line":159},"21":{"loc":{"start":{"line":164,"column":18},"end":{"line":164,"column":null}},"type":"cond-expr","locations":[{"start":{"line":164,"column":34},"end":{"line":164,"column":45}},{"start":{"line":164,"column":45},"end":{"line":164,"column":null}}],"line":164},"22":{"loc":{"start":{"line":165,"column":15},"end":{"line":165,"column":null}},"type":"cond-expr","locations":[{"start":{"line":165,"column":31},"end":{"line":165,"column":55}},{"start":{"line":165,"column":55},"end":{"line":165,"column":null}}],"line":165},"23":{"loc":{"start":{"line":179,"column":8},"end":{"line":181,"column":null}},"type":"cond-expr","locations":[{"start":{"line":180,"column":12},"end":{"line":180,"column":null}},{"start":{"line":181,"column":12},"end":{"line":181,"column":null}}],"line":179},"24":{"loc":{"start":{"line":182,"column":10},"end":{"line":182,"column":68}},"type":"cond-expr","locations":[{"start":{"line":182,"column":23},"end":{"line":182,"column":65}},{"start":{"line":182,"column":65},"end":{"line":182,"column":68}}],"line":182},"25":{"loc":{"start":{"line":184,"column":34},"end":{"line":184,"column":null}},"type":"cond-expr","locations":[{"start":{"line":184,"column":46},"end":{"line":184,"column":55}},{"start":{"line":184,"column":55},"end":{"line":184,"column":null}}],"line":184},"26":{"loc":{"start":{"line":189,"column":77},"end":{"line":189,"column":134}},"type":"cond-expr","locations":[{"start":{"line":189,"column":93},"end":{"line":189,"column":98}},{"start":{"line":189,"column":98},"end":{"line":189,"column":134}}],"line":189},"27":{"loc":{"start":{"line":189,"column":137},"end":{"line":189,"column":null}},"type":"cond-expr","locations":[{"start":{"line":189,"column":149},"end":{"line":189,"column":181}},{"start":{"line":189,"column":181},"end":{"line":189,"column":null}}],"line":189},"28":{"loc":{"start":{"line":194,"column":52},"end":{"line":194,"column":null}},"type":"cond-expr","locations":[{"start":{"line":194,"column":64},"end":{"line":194,"column":88}},{"start":{"line":194,"column":88},"end":{"line":194,"column":null}}],"line":194},"29":{"loc":{"start":{"line":207,"column":73},"end":{"line":207,"column":null}},"type":"binary-expr","locations":[{"start":{"line":207,"column":73},"end":{"line":207,"column":83}},{"start":{"line":207,"column":83},"end":{"line":207,"column":null}}],"line":207},"30":{"loc":{"start":{"line":237,"column":87},"end":{"line":237,"column":null}},"type":"cond-expr","locations":[{"start":{"line":237,"column":100},"end":{"line":237,"column":124}},{"start":{"line":237,"column":124},"end":{"line":237,"column":null}}],"line":237}},"s":{"0":3,"1":18,"2":18,"3":36,"4":3,"5":18,"6":18,"7":305,"8":18,"9":18,"10":18,"11":18,"12":3,"13":5,"14":5,"15":5,"16":5,"17":0,"18":3,"19":5,"20":3,"21":5,"22":3,"23":18,"24":3,"25":18,"26":18,"27":30,"28":18,"29":30,"30":18,"31":30,"32":18,"33":18,"34":18,"35":18,"36":18,"37":18,"38":18,"39":18,"40":18,"41":18,"42":5,"43":5,"44":4,"45":1,"46":18,"47":4,"48":4,"49":4,"50":2,"51":2,"52":2,"53":2,"54":2,"55":2,"56":18,"57":36,"58":18,"59":36,"60":140,"61":18,"62":37},"f":{"0":18,"1":36,"2":18,"3":305,"4":5,"5":5,"6":5,"7":18,"8":18,"9":30,"10":30,"11":30,"12":5,"13":4,"14":36,"15":36,"16":140,"17":37},"b":{"0":[18,0],"1":[5,0],"2":[0,0],"3":[18,1],"4":[18],"5":[18],"6":[18,5],"7":[18,5],"8":[1,17],"9":[17,1],"10":[18,0],"11":[13,5],"12":[13,5],"13":[13,5],"14":[13,5],"15":[4,1],"16":[2,2],"17":[4,3],"18":[2,0],"19":[36],"20":[18,18],"21":[104,36],"22":[104,36],"23":[0,18],"24":[0,18],"25":[2,16],"26":[0,18],"27":[2,16],"28":[2,16],"29":[18,5],"30":[16,2]},"meta":{"lastBranch":31,"lastFunction":18,"lastStatement":63,"seen":{"s:6:6:8:Infinity":0,"f:6:6:6:21":0,"s:7:16:7:81":1,"s:8:2:8:Infinity":2,"b:8:9:8:73:8:77:8:Infinity":0,"f:8:27:8:32":1,"s:8:41:8:63":3,"s:11:6:35:Infinity":4,"f:11:6:11:28":2,"s:12:19:12:36":5,"s:13:15:13:86":6,"f:13:32:13:40":3,"s:13:56:13:82":7,"s:14:19:18:Infinity":8,"s:19:38:19:Infinity":9,"s:20:14:32:Infinity":10,"s:35:2:35:Infinity":11,"s:38:6:44:Infinity":12,"f:38:6:38:26":4,"s:39:21:39:31":13,"s:40:24:40:74":14,"b:41:2:42:Infinity:undefined:undefined:undefined:undefined":1,"s:41:2:42:Infinity":15,"s:42:4:42:Infinity":16,"s:44:2:44:Infinity":17,"b:44:73:44:81:44:81:44:Infinity":2,"s:47:6:47:63":18,"f:47:6:47:26":5,"s:47:42:47:63":19,"s:48:6:48:82":20,"f:48:6:48:25":6,"s:48:49:48:82":21,"s:49:6:50:75":22,"f:49:6:49:31":7,"s:50:2:50:75":23,"b:50:10:50:49:50:53:50:74":3,"s:80:13:276:Infinity":24,"f:80:13:80:54":8,"b:90:17:90:Infinity":4,"b:91:13:91:Infinity":5,"s:99:33:99:76":25,"s:100:8:100:47":26,"f:100:18:100:31":9,"s:100:37:100:47":27,"s:101:8:101:68":28,"f:101:27:101:40":10,"s:101:46:101:68":29,"s:102:8:102:64":30,"f:102:24:102:37":11,"s:102:43:102:64":31,"s:103:21:103:Infinity":32,"s:104:24:104:57":33,"b:104:24:104:36:104:36:104:57":6,"s:105:23:105:70":34,"b:105:23:105:44:105:44:105:70":7,"s:106:28:106:52":35,"s:107:8:107:60":36,"s:108:28:108:Infinity":37,"b:108:63:108:75:108:75:108:Infinity":8,"s:109:29:109:Infinity":38,"b:109:73:109:85:109:85:109:Infinity":9,"s:110:16:114:4":39,"s:115:36:121:Infinity":40,"b:116:16:116:111:116:114:116:116":10,"b:117:19:117:126:117:129:117:131":11,"b:118:17:118:116:118:119:118:121":12,"b:119:24:119:147:119:150:119:152":13,"b:120:16:120:111:120:114:120:Infinity":14,"s:123:8:128:Infinity":41,"f:123:8:123:29":12,"s:124:19:124:Infinity":42,"b:125:4:126:Infinity:undefined:undefined:undefined:undefined":15,"s:125:4:126:Infinity":43,"s:126:6:126:Infinity":44,"s:128:4:128:Infinity":45,"s:131:8:143:Infinity":46,"f:131:8:131:29":13,"s:132:18:132:Infinity":47,"s:133:25:133:Infinity":48,"b:135:4:138:Infinity:undefined:undefined:undefined:undefined":16,"s:135:4:138:Infinity":49,"b:135:8:135:30:135:30:135:67":17,"s:136:6:136:Infinity":50,"s:137:6:137:Infinity":51,"s:138:6:138:Infinity":52,"b:141:4:143:Infinity:undefined:undefined:undefined:undefined":18,"s:141:4:143:Infinity":53,"s:142:6:142:Infinity":54,"s:143:6:143:Infinity":55,"s:147:8:155:Infinity":56,"f:147:8:147:24":14,"s:148:4:155:Infinity":57,"b:147:33:147:Infinity":19,"s:158:8:173:Infinity":58,"f:158:8:158:29":15,"s:159:4:173:Infinity":59,"b:159:67:159:89:159:89:159:Infinity":20,"f:160:19:160:24":16,"s:161:8:171:Infinity":60,"b:164:34:164:45:164:45:164:Infinity":21,"b:165:31:165:55:165:55:165:Infinity":22,"s:176:2:276:Infinity":61,"b:180:12:180:Infinity:181:12:181:Infinity":23,"b:182:23:182:65:182:65:182:68":24,"b:184:46:184:55:184:55:184:Infinity":25,"b:189:93:189:98:189:98:189:134":26,"b:189:149:189:181:189:181:189:Infinity":27,"b:194:64:194:88:194:88:194:Infinity":28,"b:207:73:207:83:207:83:207:Infinity":29,"b:237:100:237:124:237:124:237:Infinity":30,"f:250:27:250:32":17,"s:251:18:251:Infinity":62}}}
,"/Users/esra/Documents/programming/react/carpathian/src/components/cards/ProjectCard.tsx": {"path":"/Users/esra/Documents/programming/react/carpathian/src/components/cards/ProjectCard.tsx","statementMap":{"0":{"start":{"line":28,"column":6},"end":{"line":31,"column":null}},"1":{"start":{"line":29,"column":21},"end":{"line":29,"column":39}},"2":{"start":{"line":30,"column":24},"end":{"line":30,"column":74}},"3":{"start":{"line":31,"column":2},"end":{"line":31,"column":null}},"4":{"start":{"line":34,"column":6},"end":{"line":38,"column":null}},"5":{"start":{"line":35,"column":2},"end":{"line":35,"column":null}},"6":{"start":{"line":35,"column":19},"end":{"line":35,"column":null}},"7":{"start":{"line":36,"column":2},"end":{"line":36,"column":null}},"8":{"start":{"line":36,"column":41},"end":{"line":36,"column":null}},"9":{"start":{"line":37,"column":2},"end":{"line":37,"column":null}},"10":{"start":{"line":37,"column":23},"end":{"line":37,"column":null}},"11":{"start":{"line":38,"column":2},"end":{"line":38,"column":null}},"12":{"start":{"line":41,"column":6},"end":{"line":50,"column":null}},"13":{"start":{"line":42,"column":2},"end":{"line":50,"column":null}},"14":{"start":{"line":44,"column":6},"end":{"line":44,"column":null}},"15":{"start":{"line":46,"column":6},"end":{"line":46,"column":null}},"16":{"start":{"line":48,"column":6},"end":{"line":48,"column":null}},"17":{"start":{"line":50,"column":6},"end":{"line":50,"column":null}},"18":{"start":{"line":54,"column":6},"end":{"line":57,"column":null}},"19":{"start":{"line":55,"column":2},"end":{"line":57,"column":null}},"20":{"start":{"line":59,"column":13},"end":{"line":304,"column":null}},"21":{"start":{"line":78,"column":33},"end":{"line":78,"column":76}},"22":{"start":{"line":79,"column":8},"end":{"line":79,"column":47}},"23":{"start":{"line":79,"column":37},"end":{"line":79,"column":47}},"24":{"start":{"line":80,"column":8},"end":{"line":80,"column":68}},"25":{"start":{"line":80,"column":40},"end":{"line":80,"column":68}},"26":{"start":{"line":81,"column":8},"end":{"line":81,"column":64}},"27":{"start":{"line":81,"column":43},"end":{"line":81,"column":64}},"28":{"start":{"line":82,"column":8},"end":{"line":82,"column":71}},"29":{"start":{"line":82,"column":49},"end":{"line":82,"column":71}},"30":{"start":{"line":83,"column":8},"end":{"line":83,"column":57}},"31":{"start":{"line":83,"column":42},"end":{"line":83,"column":57}},"32":{"start":{"line":84,"column":25},"end":{"line":84,"column":70}},"33":{"start":{"line":85,"column":30},"end":{"line":85,"column":84}},"34":{"start":{"line":86,"column":21},"end":{"line":86,"column":57}},"35":{"start":{"line":87,"column":23},"end":{"line":87,"column":74}},"36":{"start":{"line":88,"column":8},"end":{"line":88,"column":51}},"37":{"start":{"line":89,"column":8},"end":{"line":89,"column":58}},"38":{"start":{"line":90,"column":23},"end":{"line":90,"column":null}},"39":{"start":{"line":91,"column":16},"end":{"line":95,"column":4}},"40":{"start":{"line":97,"column":8},"end":{"line":106,"column":null}},"41":{"start":{"line":98,"column":4},"end":{"line":98,"column":null}},"42":{"start":{"line":99,"column":4},"end":{"line":99,"column":null}},"43":{"start":{"line":99,"column":23},"end":{"line":99,"column":null}},"44":{"start":{"line":101,"column":4},"end":{"line":101,"column":null}},"45":{"start":{"line":102,"column":4},"end":{"line":102,"column":null}},"46":{"start":{"line":103,"column":4},"end":{"line":106,"column":null}},"47":{"start":{"line":109,"column":8},"end":{"line":114,"column":null}},"48":{"start":{"line":110,"column":19},"end":{"line":110,"column":null}},"49":{"start":{"line":111,"column":4},"end":{"line":112,"column":null}},"50":{"start":{"line":112,"column":6},"end":{"line":112,"column":null}},"51":{"start":{"line":114,"column":4},"end":{"line":114,"column":null}},"52":{"start":{"line":117,"column":2},"end":{"line":304,"column":null}},"53":{"start":{"line":259,"column":40},"end":{"line":259,"column":63}}},"fnMap":{"0":{"name":"(anonymous_0)","decl":{"start":{"line":28,"column":6},"end":{"line":28,"column":27}},"loc":{"start":{"line":28,"column":51},"end":{"line":31,"column":null}},"line":28},"1":{"name":"(anonymous_1)","decl":{"start":{"line":34,"column":6},"end":{"line":34,"column":24}},"loc":{"start":{"line":34,"column":94},"end":{"line":38,"column":null}},"line":34},"2":{"name":"(anonymous_2)","decl":{"start":{"line":41,"column":6},"end":{"line":41,"column":23}},"loc":{"start":{"line":41,"column":41},"end":{"line":50,"column":null}},"line":41},"3":{"name":"(anonymous_3)","decl":{"start":{"line":54,"column":6},"end":{"line":54,"column":25}},"loc":{"start":{"line":55,"column":2},"end":{"line":57,"column":null}},"line":55},"4":{"name":"(anonymous_4)","decl":{"start":{"line":59,"column":13},"end":{"line":59,"column":56}},"loc":{"start":{"line":77,"column":6},"end":{"line":304,"column":null}},"line":77},"5":{"name":"(anonymous_5)","decl":{"start":{"line":79,"column":18},"end":{"line":79,"column":31}},"loc":{"start":{"line":79,"column":37},"end":{"line":79,"column":47}},"line":79},"6":{"name":"(anonymous_6)","decl":{"start":{"line":80,"column":21},"end":{"line":80,"column":34}},"loc":{"start":{"line":80,"column":40},"end":{"line":80,"column":68}},"line":80},"7":{"name":"(anonymous_7)","decl":{"start":{"line":81,"column":24},"end":{"line":81,"column":37}},"loc":{"start":{"line":81,"column":43},"end":{"line":81,"column":64}},"line":81},"8":{"name":"(anonymous_8)","decl":{"start":{"line":82,"column":30},"end":{"line":82,"column":43}},"loc":{"start":{"line":82,"column":49},"end":{"line":82,"column":71}},"line":82},"9":{"name":"(anonymous_9)","decl":{"start":{"line":83,"column":23},"end":{"line":83,"column":36}},"loc":{"start":{"line":83,"column":42},"end":{"line":83,"column":57}},"line":83},"10":{"name":"(anonymous_10)","decl":{"start":{"line":97,"column":8},"end":{"line":97,"column":33}},"loc":{"start":{"line":97,"column":57},"end":{"line":106,"column":null}},"line":97},"11":{"name":"(anonymous_11)","decl":{"start":{"line":109,"column":8},"end":{"line":109,"column":29}},"loc":{"start":{"line":109,"column":66},"end":{"line":114,"column":null}},"line":109},"12":{"name":"(anonymous_12)","decl":{"start":{"line":259,"column":20},"end":{"line":259,"column":30}},"loc":{"start":{"line":259,"column":40},"end":{"line":259,"column":63}},"line":259}},"branchMap":{"0":{"loc":{"start":{"line":31,"column":9},"end":{"line":31,"column":null}},"type":"cond-expr","locations":[{"start":{"line":31,"column":56},"end":{"line":31,"column":72}},{"start":{"line":31,"column":72},"end":{"line":31,"column":null}}],"line":31},"1":{"loc":{"start":{"line":31,"column":9},"end":{"line":31,"column":56}},"type":"binary-expr","locations":[{"start":{"line":31,"column":9},"end":{"line":31,"column":26}},{"start":{"line":31,"column":26},"end":{"line":31,"column":56}}],"line":31},"2":{"loc":{"start":{"line":35,"column":2},"end":{"line":35,"column":null}},"type":"if","locations":[{"start":{"line":35,"column":2},"end":{"line":35,"column":null}},{"start":{},"end":{}}],"line":35},"3":{"loc":{"start":{"line":36,"column":2},"end":{"line":36,"column":null}},"type":"if","locations":[{"start":{"line":36,"column":2},"end":{"line":36,"column":null}},{"start":{},"end":{}}],"line":36},"4":{"loc":{"start":{"line":37,"column":2},"end":{"line":37,"column":null}},"type":"if","locations":[{"start":{"line":37,"column":2},"end":{"line":37,"column":null}},{"start":{},"end":{}}],"line":37},"5":{"loc":{"start":{"line":38,"column":9},"end":{"line":38,"column":null}},"type":"binary-expr","locations":[{"start":{"line":38,"column":9},"end":{"line":38,"column":21}},{"start":{"line":38,"column":21},"end":{"line":38,"column":null}}],"line":38},"6":{"loc":{"start":{"line":42,"column":2},"end":{"line":50,"column":null}},"type":"switch","locations":[{"start":{"line":43,"column":4},"end":{"line":44,"column":null}},{"start":{"line":45,"column":4},"end":{"line":46,"column":null}},{"start":{"line":47,"column":4},"end":{"line":48,"column":null}},{"start":{"line":49,"column":4},"end":{"line":50,"column":null}}],"line":42},"7":{"loc":{"start":{"line":55,"column":2},"end":{"line":57,"column":null}},"type":"cond-expr","locations":[{"start":{"line":56,"column":6},"end":{"line":56,"column":null}},{"start":{"line":57,"column":6},"end":{"line":57,"column":null}}],"line":55},"8":{"loc":{"start":{"line":80,"column":40},"end":{"line":80,"column":68}},"type":"binary-expr","locations":[{"start":{"line":80,"column":40},"end":{"line":80,"column":65}},{"start":{"line":80,"column":65},"end":{"line":80,"column":68}}],"line":80},"9":{"loc":{"start":{"line":84,"column":25},"end":{"line":84,"column":70}},"type":"binary-expr","locations":[{"start":{"line":84,"column":25},"end":{"line":84,"column":40}},{"start":{"line":84,"column":40},"end":{"line":84,"column":70}}],"line":84},"10":{"loc":{"start":{"line":86,"column":21},"end":{"line":86,"column":57}},"type":"binary-expr","locations":[{"start":{"line":86,"column":21},"end":{"line":86,"column":37}},{"start":{"line":86,"column":37},"end":{"line":86,"column":57}}],"line":86},"11":{"loc":{"start":{"line":87,"column":23},"end":{"line":87,"column":74}},"type":"binary-expr","locations":[{"start":{"line":87,"column":23},"end":{"line":87,"column":41}},{"start":{"line":87,"column":41},"end":{"line":87,"column":74}}],"line":87},"12":{"loc":{"start":{"line":90,"column":23},"end":{"line":90,"column":null}},"type":"binary-expr","locations":[{"start":{"line":90,"column":23},"end":{"line":90,"column":34}},{"start":{"line":90,"column":34},"end":{"line":90,"column":null}}],"line":90},"13":{"loc":{"start":{"line":99,"column":4},"end":{"line":99,"column":null}},"type":"if","locations":[{"start":{"line":99,"column":4},"end":{"line":99,"column":null}},{"start":{},"end":{}}],"line":99},"14":{"loc":{"start":{"line":104,"column":16},"end":{"line":104,"column":null}},"type":"cond-expr","locations":[{"start":{"line":104,"column":32},"end":{"line":104,"column":41}},{"start":{"line":104,"column":41},"end":{"line":104,"column":null}}],"line":104},"15":{"loc":{"start":{"line":111,"column":4},"end":{"line":112,"column":null}},"type":"if","locations":[{"start":{"line":111,"column":4},"end":{"line":112,"column":null}},{"start":{},"end":{}}],"line":111},"16":{"loc":{"start":{"line":120,"column":8},"end":{"line":122,"column":null}},"type":"cond-expr","locations":[{"start":{"line":121,"column":12},"end":{"line":121,"column":null}},{"start":{"line":122,"column":12},"end":{"line":122,"column":null}}],"line":120},"17":{"loc":{"start":{"line":125,"column":35},"end":{"line":125,"column":null}},"type":"cond-expr","locations":[{"start":{"line":125,"column":47},"end":{"line":125,"column":56}},{"start":{"line":125,"column":56},"end":{"line":125,"column":null}}],"line":125},"18":{"loc":{"start":{"line":130,"column":77},"end":{"line":130,"column":134}},"type":"cond-expr","locations":[{"start":{"line":130,"column":93},"end":{"line":130,"column":98}},{"start":{"line":130,"column":98},"end":{"line":130,"column":134}}],"line":130},"19":{"loc":{"start":{"line":130,"column":137},"end":{"line":130,"column":null}},"type":"cond-expr","locations":[{"start":{"line":130,"column":149},"end":{"line":130,"column":181}},{"start":{"line":130,"column":181},"end":{"line":130,"column":null}}],"line":130},"20":{"loc":{"start":{"line":135,"column":53},"end":{"line":135,"column":null}},"type":"cond-expr","locations":[{"start":{"line":135,"column":65},"end":{"line":135,"column":89}},{"start":{"line":135,"column":89},"end":{"line":135,"column":null}}],"line":135},"21":{"loc":{"start":{"line":191,"column":15},"end":{"line":201,"column":null}},"type":"cond-expr","locations":[{"start":{"line":192,"column":16},"end":{"line":201,"column":null}},{"start":{"line":201,"column":18},"end":{"line":201,"column":null}}],"line":191},"22":{"loc":{"start":{"line":230,"column":89},"end":{"line":230,"column":null}},"type":"cond-expr","locations":[{"start":{"line":230,"column":102},"end":{"line":230,"column":126}},{"start":{"line":230,"column":126},"end":{"line":230,"column":null}}],"line":230}},"s":{"0":4,"1":14,"2":14,"3":14,"4":4,"5":31,"6":23,"7":8,"8":0,"9":8,"10":6,"11":2,"12":4,"13":14,"14":7,"15":0,"16":7,"17":0,"18":4,"19":14,"20":4,"21":31,"22":31,"23":63,"24":31,"25":63,"26":31,"27":63,"28":31,"29":63,"30":31,"31":63,"32":31,"33":31,"34":31,"35":31,"36":31,"37":31,"38":31,"39":31,"40":31,"41":1,"42":1,"43":0,"44":1,"45":1,"46":1,"47":31,"48":4,"49":4,"50":3,"51":1,"52":31,"53":1},"f":{"0":14,"1":31,"2":14,"3":14,"4":31,"5":63,"6":63,"7":63,"8":63,"9":63,"10":1,"11":4,"12":1},"b":{"0":[12,2],"1":[14,12],"2":[23,8],"3":[0,8],"4":[6,2],"5":[2,0],"6":[7,0,7,0],"7":[13,1],"8":[63,0],"9":[31,14],"10":[31,14],"11":[31,14],"12":[31,14],"13":[0,1],"14":[0,1],"15":[3,1],"16":[1,30],"17":[3,28],"18":[1,30],"19":[3,28],"20":[3,28],"21":[17,14],"22":[28,3]},"meta":{"lastBranch":23,"lastFunction":13,"lastStatement":54,"seen":{"s:28:6:31:Infinity":0,"f:28:6:28:27":0,"s:29:21:29:39":1,"s:30:24:30:74":2,"s:31:2:31:Infinity":3,"b:31:56:31:72:31:72:31:Infinity":0,"b:31:9:31:26:31:26:31:56":1,"s:34:6:38:Infinity":4,"f:34:6:34:24":1,"b:35:2:35:Infinity:undefined:undefined:undefined:undefined":2,"s:35:2:35:Infinity":5,"s:35:19:35:Infinity":6,"b:36:2:36:Infinity:undefined:undefined:undefined:undefined":3,"s:36:2:36:Infinity":7,"s:36:41:36:Infinity":8,"b:37:2:37:Infinity:undefined:undefined:undefined:undefined":4,"s:37:2:37:Infinity":9,"s:37:23:37:Infinity":10,"s:38:2:38:Infinity":11,"b:38:9:38:21:38:21:38:Infinity":5,"s:41:6:50:Infinity":12,"f:41:6:41:23":2,"b:43:4:44:Infinity:45:4:46:Infinity:47:4:48:Infinity:49:4:50:Infinity":6,"s:42:2:50:Infinity":13,"s:44:6:44:Infinity":14,"s:46:6:46:Infinity":15,"s:48:6:48:Infinity":16,"s:50:6:50:Infinity":17,"s:54:6:57:Infinity":18,"f:54:6:54:25":3,"s:55:2:57:Infinity":19,"b:56:6:56:Infinity:57:6:57:Infinity":7,"s:59:13:304:Infinity":20,"f:59:13:59:56":4,"s:78:33:78:76":21,"s:79:8:79:47":22,"f:79:18:79:31":5,"s:79:37:79:47":23,"s:80:8:80:68":24,"f:80:21:80:34":6,"s:80:40:80:68":25,"b:80:40:80:65:80:65:80:68":8,"s:81:8:81:64":26,"f:81:24:81:37":7,"s:81:43:81:64":27,"s:82:8:82:71":28,"f:82:30:82:43":8,"s:82:49:82:71":29,"s:83:8:83:57":30,"f:83:23:83:36":9,"s:83:42:83:57":31,"s:84:25:84:70":32,"b:84:25:84:40:84:40:84:70":9,"s:85:30:85:84":33,"s:86:21:86:57":34,"b:86:21:86:37:86:37:86:57":10,"s:87:23:87:74":35,"b:87:23:87:41:87:41:87:74":11,"s:88:8:88:51":36,"s:89:8:89:58":37,"s:90:23:90:Infinity":38,"b:90:23:90:34:90:34:90:Infinity":12,"s:91:16:95:4":39,"s:97:8:106:Infinity":40,"f:97:8:97:33":10,"s:98:4:98:Infinity":41,"b:99:4:99:Infinity:undefined:undefined:undefined:undefined":13,"s:99:4:99:Infinity":42,"s:99:23:99:Infinity":43,"s:101:4:101:Infinity":44,"s:102:4:102:Infinity":45,"s:103:4:106:Infinity":46,"b:104:32:104:41:104:41:104:Infinity":14,"s:109:8:114:Infinity":47,"f:109:8:109:29":11,"s:110:19:110:Infinity":48,"b:111:4:112:Infinity:undefined:undefined:undefined:undefined":15,"s:111:4:112:Infinity":49,"s:112:6:112:Infinity":50,"s:114:4:114:Infinity":51,"s:117:2:304:Infinity":52,"b:121:12:121:Infinity:122:12:122:Infinity":16,"b:125:47:125:56:125:56:125:Infinity":17,"b:130:93:130:98:130:98:130:134":18,"b:130:149:130:181:130:181:130:Infinity":19,"b:135:65:135:89:135:89:135:Infinity":20,"b:192:16:201:Infinity:201:18:201:Infinity":21,"b:230:102:230:126:230:126:230:Infinity":22,"f:259:20:259:30":12,"s:259:40:259:63":53}}}
,"/Users/esra/Documents/programming/react/carpathian/src/components/cards/expertProfileImage.ts": {"path":"/Users/esra/Documents/programming/react/carpathian/src/components/cards/expertProfileImage.ts","statementMap":{"0":{"start":{"line":1,"column":13},"end":{"line":1,"column":null}},"1":{"start":{"line":1,"column":58},"end":{"line":1,"column":null}}},"fnMap":{"0":{"name":"(anonymous_0)","decl":{"start":{"line":1,"column":13},"end":{"line":1,"column":43}},"loc":{"start":{"line":1,"column":58},"end":{"line":1,"column":null}},"line":1}},"branchMap":{},"s":{"0":4,"1":60},"f":{"0":60},"b":{},"meta":{"lastBranch":0,"lastFunction":1,"lastStatement":2,"seen":{"s:1:13:1:Infinity":0,"f:1:13:1:43":0,"s:1:58:1:Infinity":1}}}
,"/Users/esra/Documents/programming/react/carpathian/src/components/common/ErrorBoundary.tsx": {"path":"/Users/esra/Documents/programming/react/carpathian/src/components/common/ErrorBoundary.tsx","statementMap":{"0":{"start":{"line":7,"column":30},"end":{"line":7,"column":44}},"1":{"start":{"line":7,"column":44},"end":{"line":7,"column":null}},"2":{"start":{"line":9,"column":57},"end":{"line":9,"column":null}},"3":{"start":{"line":10,"column":53},"end":{"line":10,"column":null}},"4":{"start":{"line":13,"column":4},"end":{"line":18,"column":null}},"5":{"start":{"line":14,"column":6},"end":{"line":18,"column":null}},"6":{"start":{"line":18,"column":33},"end":{"line":18,"column":80}},"7":{"start":{"line":22,"column":4},"end":{"line":22,"column":null}}},"fnMap":{"0":{"name":"(anonymous_0)","decl":{"start":{"line":7,"column":2},"end":{"line":7,"column":14}},"loc":{"start":{"line":7,"column":28},"end":{"line":7,"column":null}},"line":7},"1":{"name":"(anonymous_1)","decl":{"start":{"line":9,"column":9},"end":{"line":9,"column":34}},"loc":{"start":{"line":9,"column":55},"end":{"line":9,"column":null}},"line":9},"2":{"name":"(anonymous_2)","decl":{"start":{"line":10,"column":2},"end":{"line":10,"column":20}},"loc":{"start":{"line":10,"column":51},"end":{"line":10,"column":null}},"line":10},"3":{"name":"(anonymous_3)","decl":{"start":{"line":12,"column":2},"end":{"line":12,"column":11}},"loc":{"start":{"line":12,"column":11},"end":{"line":22,"column":null}},"line":12},"4":{"name":"(anonymous_4)","decl":{"start":{"line":18,"column":18},"end":{"line":18,"column":33}},"loc":{"start":{"line":18,"column":33},"end":{"line":18,"column":80}},"line":18}},"branchMap":{"0":{"loc":{"start":{"line":13,"column":4},"end":{"line":18,"column":null}},"type":"if","locations":[{"start":{"line":13,"column":4},"end":{"line":18,"column":null}},{"start":{},"end":{}}],"line":13},"1":{"loc":{"start":{"line":14,"column":13},"end":{"line":18,"column":null}},"type":"binary-expr","locations":[{"start":{"line":14,"column":13},"end":{"line":14,"column":null}},{"start":{"line":15,"column":8},"end":{"line":18,"column":null}}],"line":14}},"s":{"0":6,"1":6,"2":4,"3":2,"4":9,"5":4,"6":0,"7":5},"f":{"0":6,"1":1,"2":2,"3":9,"4":0},"b":{"0":[4,5],"1":[4,2]},"meta":{"lastBranch":2,"lastFunction":5,"lastStatement":8,"seen":{"f:7:2:7:14":0,"s:7:30:7:44":0,"s:7:44:7:Infinity":1,"f:9:9:9:34":1,"s:9:57:9:Infinity":2,"f:10:2:10:20":2,"s:10:53:10:Infinity":3,"f:12:2:12:11":3,"b:13:4:18:Infinity:undefined:undefined:undefined:undefined":0,"s:13:4:18:Infinity":4,"s:14:6:18:Infinity":5,"b:14:13:14:Infinity:15:8:18:Infinity":1,"f:18:18:18:33":4,"s:18:33:18:80":6,"s:22:4:22:Infinity":7}}}
,"/Users/esra/Documents/programming/react/carpathian/src/components/common/Modal.tsx": {"path":"/Users/esra/Documents/programming/react/carpathian/src/components/common/Modal.tsx","statementMap":{"0":{"start":{"line":13,"column":13},"end":{"line":79,"column":null}},"1":{"start":{"line":14,"column":8},"end":{"line":14,"column":49}},"2":{"start":{"line":15,"column":8},"end":{"line":15,"column":49}},"3":{"start":{"line":16,"column":8},"end":{"line":16,"column":59}},"4":{"start":{"line":18,"column":16},"end":{"line":18,"column":null}},"5":{"start":{"line":20,"column":2},"end":{"line":33,"column":null}},"6":{"start":{"line":21,"column":4},"end":{"line":21,"column":null}},"7":{"start":{"line":21,"column":17},"end":{"line":21,"column":null}},"8":{"start":{"line":23,"column":4},"end":{"line":23,"column":null}},"9":{"start":{"line":24,"column":4},"end":{"line":24,"column":null}},"10":{"start":{"line":26,"column":22},"end":{"line":26,"column":131}},"11":{"start":{"line":27,"column":5},"end":{"line":27,"column":null}},"12":{"start":{"line":29,"column":4},"end":{"line":31,"column":null}},"13":{"start":{"line":30,"column":6},"end":{"line":30,"column":null}},"14":{"start":{"line":31,"column":6},"end":{"line":31,"column":null}},"15":{"start":{"line":35,"column":8},"end":{"line":50,"column":15}},"16":{"start":{"line":36,"column":4},"end":{"line":36,"column":null}},"17":{"start":{"line":36,"column":30},"end":{"line":36,"column":41}},"18":{"start":{"line":36,"column":41},"end":{"line":36,"column":null}},"19":{"start":{"line":37,"column":4},"end":{"line":37,"column":null}},"20":{"start":{"line":37,"column":48},"end":{"line":37,"column":null}},"21":{"start":{"line":39,"column":22},"end":{"line":39,"column":145}},"22":{"start":{"line":40,"column":4},"end":{"line":40,"column":null}},"23":{"start":{"line":40,"column":32},"end":{"line":40,"column":null}},"24":{"start":{"line":42,"column":18},"end":{"line":42,"column":null}},"25":{"start":{"line":43,"column":17},"end":{"line":43,"column":null}},"26":{"start":{"line":45,"column":4},"end":{"line":48,"column":null}},"27":{"start":{"line":46,"column":6},"end":{"line":46,"column":26}},"28":{"start":{"line":46,"column":26},"end":{"line":46,"column":null}},"29":{"start":{"line":47,"column":15},"end":{"line":48,"column":null}},"30":{"start":{"line":48,"column":6},"end":{"line":48,"column":26}},"31":{"start":{"line":48,"column":26},"end":{"line":48,"column":null}},"32":{"start":{"line":52,"column":2},"end":{"line":52,"column":null}},"33":{"start":{"line":52,"column":15},"end":{"line":52,"column":null}},"34":{"start":{"line":54,"column":4},"end":{"line":76,"column":null}},"35":{"start":{"line":62,"column":24},"end":{"line":62,"column":null}},"36":{"start":{"line":62,"column":61},"end":{"line":62,"column":null}},"37":{"start":{"line":79,"column":2},"end":{"line":79,"column":null}}},"fnMap":{"0":{"name":"(anonymous_0)","decl":{"start":{"line":13,"column":13},"end":{"line":13,"column":22}},"loc":{"start":{"line":13,"column":88},"end":{"line":79,"column":null}},"line":13},"1":{"name":"(anonymous_1)","decl":{"start":{"line":20,"column":2},"end":{"line":20,"column":18}},"loc":{"start":{"line":20,"column":18},"end":{"line":33,"column":6}},"line":20},"2":{"name":"(anonymous_2)","decl":{"start":{"line":29,"column":4},"end":{"line":29,"column":17}},"loc":{"start":{"line":29,"column":17},"end":{"line":31,"column":null}},"line":29},"3":{"name":"(anonymous_3)","decl":{"start":{"line":35,"column":24},"end":{"line":35,"column":37}},"loc":{"start":{"line":35,"column":64},"end":{"line":50,"column":6}},"line":35},"4":{"name":"(anonymous_4)","decl":{"start":{"line":62,"column":6},"end":{"line":62,"column":16}},"loc":{"start":{"line":62,"column":22},"end":{"line":62,"column":null}},"line":62}},"branchMap":{"0":{"loc":{"start":{"line":13,"column":58},"end":{"line":13,"column":88}},"type":"default-arg","locations":[{"start":{"line":13,"column":65},"end":{"line":13,"column":88}}],"line":13},"1":{"loc":{"start":{"line":21,"column":4},"end":{"line":21,"column":null}},"type":"if","locations":[{"start":{"line":21,"column":4},"end":{"line":21,"column":null}},{"start":{},"end":{}}],"line":21},"2":{"loc":{"start":{"line":36,"column":4},"end":{"line":36,"column":null}},"type":"if","locations":[{"start":{"line":36,"column":4},"end":{"line":36,"column":null}},{"start":{},"end":{}}],"line":36},"3":{"loc":{"start":{"line":37,"column":4},"end":{"line":37,"column":null}},"type":"if","locations":[{"start":{"line":37,"column":4},"end":{"line":37,"column":null}},{"start":{},"end":{}}],"line":37},"4":{"loc":{"start":{"line":37,"column":8},"end":{"line":37,"column":48}},"type":"binary-expr","locations":[{"start":{"line":37,"column":8},"end":{"line":37,"column":27}},{"start":{"line":37,"column":27},"end":{"line":37,"column":48}}],"line":37},"5":{"loc":{"start":{"line":40,"column":4},"end":{"line":40,"column":null}},"type":"if","locations":[{"start":{"line":40,"column":4},"end":{"line":40,"column":null}},{"start":{},"end":{}}],"line":40},"6":{"loc":{"start":{"line":45,"column":4},"end":{"line":48,"column":null}},"type":"if","locations":[{"start":{"line":45,"column":4},"end":{"line":48,"column":null}},{"start":{"line":47,"column":15},"end":{"line":48,"column":null}}],"line":45},"7":{"loc":{"start":{"line":45,"column":8},"end":{"line":45,"column":56}},"type":"binary-expr","locations":[{"start":{"line":45,"column":8},"end":{"line":45,"column":22}},{"start":{"line":45,"column":22},"end":{"line":45,"column":56}}],"line":45},"8":{"loc":{"start":{"line":47,"column":15},"end":{"line":48,"column":null}},"type":"if","locations":[{"start":{"line":47,"column":15},"end":{"line":48,"column":null}},{"start":{},"end":{}}],"line":47},"9":{"loc":{"start":{"line":47,"column":15},"end":{"line":47,"column":63}},"type":"binary-expr","locations":[{"start":{"line":47,"column":15},"end":{"line":47,"column":30}},{"start":{"line":47,"column":30},"end":{"line":47,"column":63}}],"line":47},"10":{"loc":{"start":{"line":52,"column":2},"end":{"line":52,"column":null}},"type":"if","locations":[{"start":{"line":52,"column":2},"end":{"line":52,"column":null}},{"start":{},"end":{}}],"line":52},"11":{"loc":{"start":{"line":62,"column":24},"end":{"line":62,"column":null}},"type":"if","locations":[{"start":{"line":62,"column":24},"end":{"line":62,"column":null}},{"start":{},"end":{}}],"line":62}},"s":{"0":7,"1":195,"2":195,"3":195,"4":195,"5":195,"6":56,"7":20,"8":36,"9":36,"10":36,"11":56,"12":56,"13":36,"14":36,"15":195,"16":638,"17":2,"18":2,"19":636,"20":635,"21":1,"22":1,"23":0,"24":1,"25":1,"26":1,"27":0,"28":0,"29":1,"30":0,"31":0,"32":195,"33":73,"34":122,"35":60,"36":1,"37":122},"f":{"0":195,"1":56,"2":36,"3":638,"4":60},"b":{"0":[195],"1":[20,36],"2":[2,636],"3":[635,1],"4":[636,1],"5":[0,1],"6":[0,1],"7":[1,0],"8":[0,1],"9":[1,1],"10":[73,122],"11":[1,59]},"meta":{"lastBranch":12,"lastFunction":5,"lastStatement":38,"seen":{"s:13:13:79:Infinity":0,"f:13:13:13:22":0,"b:13:65:13:88":0,"s:14:8:14:49":1,"s:15:8:15:49":2,"s:16:8:16:59":3,"s:18:16:18:Infinity":4,"s:20:2:33:Infinity":5,"f:20:2:20:18":1,"b:21:4:21:Infinity:undefined:undefined:undefined:undefined":1,"s:21:4:21:Infinity":6,"s:21:17:21:Infinity":7,"s:23:4:23:Infinity":8,"s:24:4:24:Infinity":9,"s:26:22:26:131":10,"s:27:5:27:Infinity":11,"s:29:4:31:Infinity":12,"f:29:4:29:17":2,"s:30:6:30:Infinity":13,"s:31:6:31:Infinity":14,"s:35:8:50:15":15,"f:35:24:35:37":3,"b:36:4:36:Infinity:undefined:undefined:undefined:undefined":2,"s:36:4:36:Infinity":16,"s:36:30:36:41":17,"s:36:41:36:Infinity":18,"b:37:4:37:Infinity:undefined:undefined:undefined:undefined":3,"s:37:4:37:Infinity":19,"b:37:8:37:27:37:27:37:48":4,"s:37:48:37:Infinity":20,"s:39:22:39:145":21,"b:40:4:40:Infinity:undefined:undefined:undefined:undefined":5,"s:40:4:40:Infinity":22,"s:40:32:40:Infinity":23,"s:42:18:42:Infinity":24,"s:43:17:43:Infinity":25,"b:45:4:48:Infinity:47:15:48:Infinity":6,"s:45:4:48:Infinity":26,"b:45:8:45:22:45:22:45:56":7,"s:46:6:46:26":27,"s:46:26:46:Infinity":28,"b:47:15:48:Infinity:undefined:undefined:undefined:undefined":8,"s:47:15:48:Infinity":29,"b:47:15:47:30:47:30:47:63":9,"s:48:6:48:26":30,"s:48:26:48:Infinity":31,"b:52:2:52:Infinity:undefined:undefined:undefined:undefined":10,"s:52:2:52:Infinity":32,"s:52:15:52:Infinity":33,"s:54:4:76:Infinity":34,"f:62:6:62:16":4,"b:62:24:62:Infinity:undefined:undefined:undefined:undefined":11,"s:62:24:62:Infinity":35,"s:62:61:62:Infinity":36,"s:79:2:79:Infinity":37}}}
,"/Users/esra/Documents/programming/react/carpathian/src/components/layout/AccessibilityControls.tsx": {"path":"/Users/esra/Documents/programming/react/carpathian/src/components/layout/AccessibilityControls.tsx","statementMap":{"0":{"start":{"line":6,"column":13},"end":{"line":60,"column":null}},"1":{"start":{"line":7,"column":16},"end":{"line":7,"column":41}},"2":{"start":{"line":8,"column":17},"end":{"line":8,"column":45}},"3":{"start":{"line":9,"column":8},"end":{"line":9,"column":80}},"4":{"start":{"line":9,"column":44},"end":{"line":9,"column":80}},"5":{"start":{"line":11,"column":2},"end":{"line":60,"column":null}},"6":{"start":{"line":14,"column":23},"end":{"line":14,"column":38}},"7":{"start":{"line":21,"column":44},"end":{"line":21,"column":60}},"8":{"start":{"line":29,"column":31},"end":{"line":29,"column":61}},"9":{"start":{"line":30,"column":30},"end":{"line":30,"column":67}},"10":{"start":{"line":40,"column":29},"end":{"line":40,"column":74}},"11":{"start":{"line":51,"column":29},"end":{"line":51,"column":76}}},"fnMap":{"0":{"name":"(anonymous_0)","decl":{"start":{"line":6,"column":13},"end":{"line":6,"column":43}},"loc":{"start":{"line":6,"column":43},"end":{"line":60,"column":null}},"line":6},"1":{"name":"(anonymous_1)","decl":{"start":{"line":9,"column":8},"end":{"line":9,"column":26}},"loc":{"start":{"line":9,"column":44},"end":{"line":9,"column":80}},"line":9},"2":{"name":"(anonymous_2)","decl":{"start":{"line":14,"column":8},"end":{"line":14,"column":23}},"loc":{"start":{"line":14,"column":23},"end":{"line":14,"column":38}},"line":14},"3":{"name":"(anonymous_3)","decl":{"start":{"line":21,"column":29},"end":{"line":21,"column":44}},"loc":{"start":{"line":21,"column":44},"end":{"line":21,"column":60}},"line":21},"4":{"name":"(anonymous_4)","decl":{"start":{"line":29,"column":14},"end":{"line":29,"column":25}},"loc":{"start":{"line":29,"column":31},"end":{"line":29,"column":61}},"line":29},"5":{"name":"(anonymous_5)","decl":{"start":{"line":30,"column":14},"end":{"line":30,"column":24}},"loc":{"start":{"line":30,"column":30},"end":{"line":30,"column":67}},"line":30},"6":{"name":"(anonymous_6)","decl":{"start":{"line":40,"column":14},"end":{"line":40,"column":29}},"loc":{"start":{"line":40,"column":29},"end":{"line":40,"column":74}},"line":40},"7":{"name":"(anonymous_7)","decl":{"start":{"line":51,"column":14},"end":{"line":51,"column":29}},"loc":{"start":{"line":51,"column":29},"end":{"line":51,"column":76}},"line":51}},"branchMap":{"0":{"loc":{"start":{"line":41,"column":72},"end":{"line":41,"column":null}},"type":"cond-expr","locations":[{"start":{"line":41,"column":92},"end":{"line":41,"column":111}},{"start":{"line":41,"column":111},"end":{"line":41,"column":null}}],"line":41},"1":{"loc":{"start":{"line":44,"column":94},"end":{"line":44,"column":153}},"type":"cond-expr","locations":[{"start":{"line":44,"column":114},"end":{"line":44,"column":132}},{"start":{"line":44,"column":132},"end":{"line":44,"column":153}}],"line":44},"2":{"loc":{"start":{"line":52,"column":72},"end":{"line":52,"column":null}},"type":"cond-expr","locations":[{"start":{"line":52,"column":93},"end":{"line":52,"column":112}},{"start":{"line":52,"column":112},"end":{"line":52,"column":null}}],"line":52},"3":{"loc":{"start":{"line":55,"column":94},"end":{"line":55,"column":154}},"type":"cond-expr","locations":[{"start":{"line":55,"column":115},"end":{"line":55,"column":133}},{"start":{"line":55,"column":133},"end":{"line":55,"column":154}}],"line":55}},"s":{"0":3,"1":76,"2":76,"3":76,"4":3,"5":76,"6":7,"7":0,"8":2,"9":1,"10":1,"11":1},"f":{"0":76,"1":3,"2":7,"3":0,"4":2,"5":1,"6":1,"7":1},"b":{"0":[0,76],"1":[0,76],"2":[0,76],"3":[0,76]},"meta":{"lastBranch":4,"lastFunction":8,"lastStatement":12,"seen":{"s:6:13:60:Infinity":0,"f:6:13:6:43":0,"s:7:16:7:41":1,"s:8:17:8:45":2,"s:9:8:9:80":3,"f:9:8:9:26":1,"s:9:44:9:80":4,"s:11:2:60:Infinity":5,"f:14:8:14:23":2,"s:14:23:14:38":6,"f:21:29:21:44":3,"s:21:44:21:60":7,"f:29:14:29:25":4,"s:29:31:29:61":8,"f:30:14:30:24":5,"s:30:30:30:67":9,"f:40:14:40:29":6,"s:40:29:40:74":10,"b:41:92:41:111:41:111:41:Infinity":0,"b:44:114:44:132:44:132:44:153":1,"f:51:14:51:29":7,"s:51:29:51:76":11,"b:52:93:52:112:52:112:52:Infinity":2,"b:55:115:55:133:55:133:55:154":3}}}
,"/Users/esra/Documents/programming/react/carpathian/src/components/layout/FilterBar.tsx": {"path":"/Users/esra/Documents/programming/react/carpathian/src/components/layout/FilterBar.tsx","statementMap":{"0":{"start":{"line":4,"column":13},"end":{"line":13,"column":null}},"1":{"start":{"line":5,"column":8},"end":{"line":5,"column":52}},"2":{"start":{"line":5,"column":36},"end":{"line":5,"column":52}},"3":{"start":{"line":7,"column":2},"end":{"line":13,"column":null}}},"fnMap":{"0":{"name":"(anonymous_0)","decl":{"start":{"line":4,"column":13},"end":{"line":4,"column":31}},"loc":{"start":{"line":4,"column":31},"end":{"line":13,"column":null}},"line":4},"1":{"name":"(anonymous_1)","decl":{"start":{"line":5,"column":19},"end":{"line":5,"column":31}},"loc":{"start":{"line":5,"column":36},"end":{"line":5,"column":52}},"line":5}},"branchMap":{},"s":{"0":3,"1":68,"2":233,"3":68},"f":{"0":68,"1":233},"b":{},"meta":{"lastBranch":0,"lastFunction":2,"lastStatement":4,"seen":{"s:4:13:13:Infinity":0,"f:4:13:4:31":0,"s:5:8:5:52":1,"f:5:19:5:31":1,"s:5:36:5:52":2,"s:7:2:13:Infinity":3}}}
,"/Users/esra/Documents/programming/react/carpathian/src/components/layout/FilterControls.tsx": {"path":"/Users/esra/Documents/programming/react/carpathian/src/components/layout/FilterControls.tsx","statementMap":{"0":{"start":{"line":14,"column":82},"end":{"line":18,"column":null}},"1":{"start":{"line":20,"column":6},"end":{"line":23,"column":null}},"2":{"start":{"line":20,"column":58},"end":{"line":23,"column":null}},"3":{"start":{"line":25,"column":6},"end":{"line":27,"column":null}},"4":{"start":{"line":26,"column":8},"end":{"line":26,"column":53}},"5":{"start":{"line":27,"column":2},"end":{"line":27,"column":null}},"6":{"start":{"line":27,"column":63},"end":{"line":27,"column":90}},"7":{"start":{"line":30,"column":19},"end":{"line":30,"column":null}},"8":{"start":{"line":31,"column":21},"end":{"line":31,"column":null}},"9":{"start":{"line":33,"column":13},"end":{"line":162,"column":null}},"10":{"start":{"line":34,"column":8},"end":{"line":34,"column":57}},"11":{"start":{"line":34,"column":41},"end":{"line":34,"column":57}},"12":{"start":{"line":35,"column":8},"end":{"line":35,"column":45}},"13":{"start":{"line":35,"column":35},"end":{"line":35,"column":45}},"14":{"start":{"line":36,"column":8},"end":{"line":36,"column":57}},"15":{"start":{"line":36,"column":41},"end":{"line":36,"column":57}},"16":{"start":{"line":37,"column":8},"end":{"line":37,"column":61}},"17":{"start":{"line":37,"column":43},"end":{"line":37,"column":61}},"18":{"start":{"line":38,"column":8},"end":{"line":38,"column":59}},"19":{"start":{"line":38,"column":42},"end":{"line":38,"column":59}},"20":{"start":{"line":39,"column":8},"end":{"line":39,"column":63}},"21":{"start":{"line":39,"column":44},"end":{"line":39,"column":63}},"22":{"start":{"line":40,"column":8},"end":{"line":40,"column":55}},"23":{"start":{"line":40,"column":40},"end":{"line":40,"column":55}},"24":{"start":{"line":41,"column":25},"end":{"line":41,"column":null}},"25":{"start":{"line":42,"column":22},"end":{"line":42,"column":68}},"26":{"start":{"line":43,"column":8},"end":{"line":43,"column":55}},"27":{"start":{"line":44,"column":8},"end":{"line":44,"column":108}},"28":{"start":{"line":44,"column":18},"end":{"line":44,"column":80}},"29":{"start":{"line":45,"column":8},"end":{"line":45,"column":null}},"30":{"start":{"line":46,"column":27},"end":{"line":46,"column":59}},"31":{"start":{"line":48,"column":2},"end":{"line":51,"column":null}},"32":{"start":{"line":49,"column":4},"end":{"line":49,"column":null}},"33":{"start":{"line":49,"column":48},"end":{"line":49,"column":null}},"34":{"start":{"line":50,"column":4},"end":{"line":50,"column":null}},"35":{"start":{"line":53,"column":2},"end":{"line":55,"column":null}},"36":{"start":{"line":54,"column":4},"end":{"line":54,"column":null}},"37":{"start":{"line":57,"column":8},"end":{"line":65,"column":null}},"38":{"start":{"line":58,"column":4},"end":{"line":59,"column":null}},"39":{"start":{"line":59,"column":6},"end":{"line":59,"column":null}},"40":{"start":{"line":61,"column":4},"end":{"line":62,"column":null}},"41":{"start":{"line":62,"column":6},"end":{"line":62,"column":null}},"42":{"start":{"line":64,"column":4},"end":{"line":65,"column":null}},"43":{"start":{"line":65,"column":6},"end":{"line":65,"column":null}},"44":{"start":{"line":69,"column":8},"end":{"line":72,"column":null}},"45":{"start":{"line":70,"column":24},"end":{"line":70,"column":null}},"46":{"start":{"line":71,"column":4},"end":{"line":71,"column":null}},"47":{"start":{"line":72,"column":4},"end":{"line":72,"column":null}},"48":{"start":{"line":75,"column":8},"end":{"line":78,"column":null}},"49":{"start":{"line":76,"column":24},"end":{"line":76,"column":null}},"50":{"start":{"line":77,"column":4},"end":{"line":77,"column":null}},"51":{"start":{"line":78,"column":4},"end":{"line":78,"column":null}},"52":{"start":{"line":81,"column":8},"end":{"line":84,"column":null}},"53":{"start":{"line":82,"column":24},"end":{"line":82,"column":null}},"54":{"start":{"line":83,"column":4},"end":{"line":83,"column":null}},"55":{"start":{"line":84,"column":4},"end":{"line":84,"column":null}},"56":{"start":{"line":87,"column":20},"end":{"line":89,"column":null}},"57":{"start":{"line":90,"column":27},"end":{"line":90,"column":null}},"58":{"start":{"line":91,"column":27},"end":{"line":93,"column":null}},"59":{"start":{"line":95,"column":2},"end":{"line":162,"column":null}},"60":{"start":{"line":103,"column":31},"end":{"line":103,"column":65}},"61":{"start":{"line":114,"column":31},"end":{"line":114,"column":100}},"62":{"start":{"line":119,"column":12},"end":{"line":119,"column":null}},"63":{"start":{"line":129,"column":31},"end":{"line":129,"column":68}},"64":{"start":{"line":134,"column":12},"end":{"line":134,"column":null}},"65":{"start":{"line":144,"column":31},"end":{"line":144,"column":70}},"66":{"start":{"line":149,"column":12},"end":{"line":149,"column":null}}},"fnMap":{"0":{"name":"(anonymous_0)","decl":{"start":{"line":20,"column":6},"end":{"line":20,"column":33}},"loc":{"start":{"line":20,"column":58},"end":{"line":23,"column":null}},"line":20},"1":{"name":"(anonymous_1)","decl":{"start":{"line":25,"column":6},"end":{"line":25,"column":29}},"loc":{"start":{"line":25,"column":84},"end":{"line":27,"column":null}},"line":25},"2":{"name":"(anonymous_2)","decl":{"start":{"line":27,"column":44},"end":{"line":27,"column":50}},"loc":{"start":{"line":27,"column":63},"end":{"line":27,"column":90}},"line":27},"3":{"name":"(anonymous_3)","decl":{"start":{"line":33,"column":13},"end":{"line":33,"column":31}},"loc":{"start":{"line":33,"column":117},"end":{"line":162,"column":null}},"line":33},"4":{"name":"(anonymous_4)","decl":{"start":{"line":34,"column":24},"end":{"line":34,"column":36}},"loc":{"start":{"line":34,"column":41},"end":{"line":34,"column":57}},"line":34},"5":{"name":"(anonymous_5)","decl":{"start":{"line":35,"column":18},"end":{"line":35,"column":30}},"loc":{"start":{"line":35,"column":35},"end":{"line":35,"column":45}},"line":35},"6":{"name":"(anonymous_6)","decl":{"start":{"line":36,"column":24},"end":{"line":36,"column":36}},"loc":{"start":{"line":36,"column":41},"end":{"line":36,"column":57}},"line":36},"7":{"name":"(anonymous_7)","decl":{"start":{"line":37,"column":26},"end":{"line":37,"column":38}},"loc":{"start":{"line":37,"column":43},"end":{"line":37,"column":61}},"line":37},"8":{"name":"(anonymous_8)","decl":{"start":{"line":38,"column":25},"end":{"line":38,"column":37}},"loc":{"start":{"line":38,"column":42},"end":{"line":38,"column":59}},"line":38},"9":{"name":"(anonymous_9)","decl":{"start":{"line":39,"column":27},"end":{"line":39,"column":39}},"loc":{"start":{"line":39,"column":44},"end":{"line":39,"column":63}},"line":39},"10":{"name":"(anonymous_10)","decl":{"start":{"line":40,"column":23},"end":{"line":40,"column":35}},"loc":{"start":{"line":40,"column":40},"end":{"line":40,"column":55}},"line":40},"11":{"name":"(anonymous_11)","decl":{"start":{"line":44,"column":18},"end":{"line":44,"column":32}},"loc":{"start":{"line":44,"column":18},"end":{"line":44,"column":80}},"line":44},"12":{"name":"(anonymous_12)","decl":{"start":{"line":48,"column":2},"end":{"line":48,"column":18}},"loc":{"start":{"line":48,"column":18},"end":{"line":51,"column":6}},"line":48},"13":{"name":"(anonymous_13)","decl":{"start":{"line":53,"column":2},"end":{"line":53,"column":18}},"loc":{"start":{"line":53,"column":18},"end":{"line":55,"column":6}},"line":53},"14":{"name":"(anonymous_14)","decl":{"start":{"line":57,"column":8},"end":{"line":57,"column":37}},"loc":{"start":{"line":57,"column":146},"end":{"line":65,"column":null}},"line":57},"15":{"name":"(anonymous_15)","decl":{"start":{"line":69,"column":8},"end":{"line":69,"column":30}},"loc":{"start":{"line":69,"column":70},"end":{"line":72,"column":null}},"line":69},"16":{"name":"(anonymous_16)","decl":{"start":{"line":75,"column":8},"end":{"line":75,"column":29}},"loc":{"start":{"line":75,"column":47},"end":{"line":78,"column":null}},"line":75},"17":{"name":"(anonymous_17)","decl":{"start":{"line":81,"column":8},"end":{"line":81,"column":31}},"loc":{"start":{"line":81,"column":51},"end":{"line":84,"column":null}},"line":81},"18":{"name":"(anonymous_18)","decl":{"start":{"line":103,"column":10},"end":{"line":103,"column":21}},"loc":{"start":{"line":103,"column":31},"end":{"line":103,"column":65}},"line":103},"19":{"name":"(anonymous_19)","decl":{"start":{"line":114,"column":10},"end":{"line":114,"column":21}},"loc":{"start":{"line":114,"column":31},"end":{"line":114,"column":100}},"line":114},"20":{"name":"(anonymous_20)","decl":{"start":{"line":118,"column":28},"end":{"line":118,"column":33}},"loc":{"start":{"line":119,"column":12},"end":{"line":119,"column":null}},"line":119},"21":{"name":"(anonymous_21)","decl":{"start":{"line":129,"column":10},"end":{"line":129,"column":21}},"loc":{"start":{"line":129,"column":31},"end":{"line":129,"column":68}},"line":129},"22":{"name":"(anonymous_22)","decl":{"start":{"line":133,"column":30},"end":{"line":133,"column":35}},"loc":{"start":{"line":134,"column":12},"end":{"line":134,"column":null}},"line":134},"23":{"name":"(anonymous_23)","decl":{"start":{"line":144,"column":10},"end":{"line":144,"column":21}},"loc":{"start":{"line":144,"column":31},"end":{"line":144,"column":70}},"line":144},"24":{"name":"(anonymous_24)","decl":{"start":{"line":148,"column":29},"end":{"line":148,"column":34}},"loc":{"start":{"line":149,"column":12},"end":{"line":149,"column":null}},"line":149}},"branchMap":{"0":{"loc":{"start":{"line":20,"column":58},"end":{"line":23,"column":null}},"type":"binary-expr","locations":[{"start":{"line":20,"column":58},"end":{"line":20,"column":null}},{"start":{"line":21,"column":2},"end":{"line":21,"column":null}},{"start":{"line":22,"column":2},"end":{"line":22,"column":null}},{"start":{"line":23,"column":2},"end":{"line":23,"column":null}}],"line":20},"1":{"loc":{"start":{"line":27,"column":9},"end":{"line":27,"column":90}},"type":"binary-expr","locations":[{"start":{"line":27,"column":9},"end":{"line":27,"column":25}},{"start":{"line":27,"column":25},"end":{"line":27,"column":90}}],"line":27},"2":{"loc":{"start":{"line":33,"column":43},"end":{"line":33,"column":73}},"type":"default-arg","locations":[{"start":{"line":33,"column":54},"end":{"line":33,"column":73}}],"line":33},"3":{"loc":{"start":{"line":33,"column":73},"end":{"line":33,"column":117}},"type":"default-arg","locations":[{"start":{"line":33,"column":83},"end":{"line":33,"column":117}}],"line":33},"4":{"loc":{"start":{"line":41,"column":25},"end":{"line":41,"column":null}},"type":"binary-expr","locations":[{"start":{"line":41,"column":25},"end":{"line":41,"column":37}},{"start":{"line":41,"column":37},"end":{"line":41,"column":null}}],"line":41},"5":{"loc":{"start":{"line":45,"column":8},"end":{"line":45,"column":null}},"type":"binary-expr","locations":[{"start":{"line":45,"column":8},"end":{"line":45,"column":72}},{"start":{"line":45,"column":76},"end":{"line":45,"column":null}}],"line":45},"6":{"loc":{"start":{"line":49,"column":4},"end":{"line":49,"column":null}},"type":"if","locations":[{"start":{"line":49,"column":4},"end":{"line":49,"column":null}},{"start":{},"end":{}}],"line":49},"7":{"loc":{"start":{"line":58,"column":4},"end":{"line":59,"column":null}},"type":"if","locations":[{"start":{"line":58,"column":4},"end":{"line":59
[...]
,"/Users/esra/Documents/programming/react/carpathian/src/utils/highlightText.ts": {"path":"/Users/esra/Documents/programming/react/carpathian/src/utils/highlightText.ts","statementMap":{"0":{"start":{"line":3,"column":6},"end":{"line":3,"column":73}},"1":{"start":{"line":3,"column":30},"end":{"line":3,"column":73}},"2":{"start":{"line":5,"column":13},"end":{"line":23,"column":null}},"3":{"start":{"line":6,"column":2},"end":{"line":7,"column":null}},"4":{"start":{"line":7,"column":4},"end":{"line":7,"column":null}},"5":{"start":{"line":10,"column":18},"end":{"line":10,"column":67}},"6":{"start":{"line":11,"column":21},"end":{"line":11,"column":53}},"7":{"start":{"line":12,"column":21},"end":{"line":12,"column":52}},"8":{"start":{"line":13,"column":16},"end":{"line":13,"column":38}},"9":{"start":{"line":15,"column":15},"end":{"line":21,"column":13}},"10":{"start":{"line":17,"column":6},"end":{"line":19,"column":22}},"11":{"start":{"line":23,"column":2},"end":{"line":23,"column":null}}},"fnMap":{"0":{"name":"(anonymous_0)","decl":{"start":{"line":3,"column":6},"end":{"line":3,"column":16}},"loc":{"start":{"line":3,"column":30},"end":{"line":3,"column":73}},"line":3},"1":{"name":"(anonymous_1)","decl":{"start":{"line":5,"column":13},"end":{"line":5,"column":30}},"loc":{"start":{"line":5,"column":87},"end":{"line":23,"column":null}},"line":5},"2":{"name":"(anonymous_2)","decl":{"start":{"line":16,"column":5},"end":{"line":16,"column":10}},"loc":{"start":{"line":17,"column":6},"end":{"line":19,"column":22}},"line":17}},"branchMap":{"0":{"loc":{"start":{"line":6,"column":2},"end":{"line":7,"column":null}},"type":"if","locations":[{"start":{"line":6,"column":2},"end":{"line":7,"column":null}},{"start":{},"end":{}}],"line":6},"1":{"loc":{"start":{"line":17,"column":6},"end":{"line":19,"column":22}},"type":"cond-expr","locations":[{"start":{"line":18,"column":10},"end":{"line":18,"column":null}},{"start":{"line":19,"column":10},"end":{"line":19,"column":22}}],"line":17}},"s":{"0":4,"1":66,"2":4,"3":60,"4":57,"5":3,"6":3,"7":3,"8":3,"9":3,"10":9,"11":3},"f":{"0":66,"1":60,"2":9},"b":{"0":[57,3],"1":[3,6]},"meta":{"lastBranch":2,"lastFunction":3,"lastStatement":12,"seen":{"s:3:6:3:73":0,"f:3:6:3:16":0,"s:3:30:3:73":1,"s:5:13:23:Infinity":2,"f:5:13:5:30":1,"b:6:2:7:Infinity:undefined:undefined:undefined:undefined":0,"s:6:2:7:Infinity":3,"s:7:4:7:Infinity":4,"s:10:18:10:67":5,"s:11:21:11:53":6,"s:12:21:12:52":7,"s:13:16:13:38":8,"s:15:15:21:13":9,"f:16:5:16:10":2,"s:17:6:19:22":10,"b:18:10:18:Infinity:19:10:19:22":1,"s:23:2:23:Infinity":11}}}
,"/Users/esra/Documents/programming/react/carpathian/src/utils/polygonUtils.ts": {"path":"/Users/esra/Documents/programming/react/carpathian/src/utils/polygonUtils.ts","statementMap":{"0":{"start":{"line":11,"column":53},"end":{"line":15,"column":null}},"1":{"start":{"line":17,"column":13},"end":{"line":53,"column":null}},"2":{"start":{"line":18,"column":51},"end":{"line":22,"column":null}},"3":{"start":{"line":24,"column":16},"end":{"line":24,"column":null}},"4":{"start":{"line":25,"column":20},"end":{"line":25,"column":null}},"5":{"start":{"line":27,"column":61},"end":{"line":46,"column":null}},"6":{"start":{"line":48,"column":24},"end":{"line":48,"column":null}},"7":{"start":{"line":49,"column":2},"end":{"line":50,"column":null}},"8":{"start":{"line":50,"column":4},"end":{"line":50,"column":null}},"9":{"start":{"line":53,"column":2},"end":{"line":53,"column":null}},"10":{"start":{"line":56,"column":13},"end":{"line":65,"column":null}},"11":{"start":{"line":57,"column":22},"end":{"line":57,"column":null}},"12":{"start":{"line":58,"column":32},"end":{"line":58,"column":34}},"13":{"start":{"line":59,"column":2},"end":{"line":63,"column":null}},"14":{"start":{"line":59,"column":15},"end":{"line":59,"column":18}},"15":{"start":{"line":60,"column":19},"end":{"line":60,"column":null}},"16":{"start":{"line":61,"column":18},"end":{"line":61,"column":null}},"17":{"start":{"line":62,"column":18},"end":{"line":62,"column":null}},"18":{"start":{"line":63,"column":4},"end":{"line":63,"column":null}},"19":{"start":{"line":65,"column":2},"end":{"line":65,"column":null}},"20":{"start":{"line":68,"column":29},"end":{"line":68,"column":null}},"21":{"start":{"line":70,"column":13},"end":{"line":86,"column":null}},"22":{"start":{"line":71,"column":22},"end":{"line":71,"column":null}},"23":{"start":{"line":72,"column":17},"end":{"line":72,"column":null}},"24":{"start":{"line":73,"column":20},"end":{"line":73,"column":null}},"25":{"start":{"line":74,"column":27},"end":{"line":74,"column":29}},"26":{"start":{"line":76,"column":2},"end":{"line":82,"column":null}},"27":{"start":{"line":76,"column":15},"end":{"line":76,"column":18}},"28":{"start":{"line":77,"column":19},"end":{"line":77,"column":null}},"29":{"start":{"line":78,"column":22},"end":{"line":78,"column":null}},"30":{"start":{"line":79,"column":14},"end":{"line":79,"column":null}},"31":{"start":{"line":80,"column":18},"end":{"line":80,"column":null}},"32":{"start":{"line":81,"column":18},"end":{"line":81,"column":null}},"33":{"start":{"line":82,"column":4},"end":{"line":82,"column":null}},"34":{"start":{"line":84,"column":2},"end":{"line":84,"column":null}},"35":{"start":{"line":86,"column":2},"end":{"line":86,"column":null}},"36":{"start":{"line":89,"column":13},"end":{"line":92,"column":null}},"37":{"start":{"line":90,"column":2},"end":{"line":92,"column":null}},"38":{"start":{"line":91,"column":28},"end":{"line":91,"column":81}},"39":{"start":{"line":92,"column":25},"end":{"line":92,"column":87}}},"fnMap":{"0":{"name":"(anonymous_0)","decl":{"start":{"line":17,"column":13},"end":{"line":17,"column":32}},"loc":{"start":{"line":17,"column":81},"end":{"line":53,"column":null}},"line":17},"1":{"name":"(anonymous_1)","decl":{"start":{"line":56,"column":13},"end":{"line":56,"column":36}},"loc":{"start":{"line":56,"column":107},"end":{"line":65,"column":null}},"line":56},"2":{"name":"(anonymous_2)","decl":{"start":{"line":70,"column":13},"end":{"line":70,"column":44}},"loc":{"start":{"line":70,"column":114},"end":{"line":86,"column":null}},"line":70},"3":{"name":"(anonymous_3)","decl":{"start":{"line":89,"column":13},"end":{"line":89,"column":32}},"loc":{"start":{"line":89,"column":73},"end":{"line":92,"column":null}},"line":89},"4":{"name":"(anonymous_4)","decl":{"start":{"line":91,"column":5},"end":{"line":91,"column":13}},"loc":{"start":{"line":91,"column":28},"end":{"line":91,"column":81}},"line":91},"5":{"name":"(anonymous_5)","decl":{"start":{"line":92,"column":5},"end":{"line":92,"column":10}},"loc":{"start":{"line":92,"column":25},"end":{"line":92,"column":87}},"line":92}},"branchMap":{"0":{"loc":{"start":{"line":24,"column":16},"end":{"line":24,"column":null}},"type":"binary-expr","locations":[{"start":{"line":24,"column":16},"end":{"line":24,"column":38}},{"start":{"line":24,"column":38},"end":{"line":24,"column":null}}],"line":24},"1":{"loc":{"start":{"line":25,"column":20},"end":{"line":25,"column":null}},"type":"binary-expr","locations":[{"start":{"line":25,"column":20},"end":{"line":25,"column":40}},{"start":{"line":25,"column":44},"end":{"line":25,"column":null}}],"line":25},"2":{"loc":{"start":{"line":49,"column":2},"end":{"line":50,"column":null}},"type":"if","locations":[{"start":{"line":49,"column":2},"end":{"line":50,"column":null}},{"start":{},"end":{}}],"line":49},"3":{"loc":{"start":{"line":50,"column":52},"end":{"line":50,"column":77}},"type":"binary-expr","locations":[{"start":{"line":50,"column":52},"end":{"line":50,"column":71}},{"start":{"line":50,"column":71},"end":{"line":50,"column":77}}],"line":50},"4":{"loc":{"start":{"line":53,"column":32},"end":{"line":53,"column":57}},"type":"binary-expr","locations":[{"start":{"line":53,"column":32},"end":{"line":53,"column":51}},{"start":{"line":53,"column":51},"end":{"line":53,"column":57}}],"line":53},"5":{"loc":{"start":{"line":56,"column":62},"end":{"line":56,"column":77}},"type":"default-arg","locations":[{"start":{"line":56,"column":73},"end":{"line":56,"column":77}}],"line":56},"6":{"loc":{"start":{"line":56,"column":77},"end":{"line":56,"column":107}},"type":"default-arg","locations":[{"start":{"line":56,"column":86},"end":{"line":56,"column":107}}],"line":56},"7":{"loc":{"start":{"line":70,"column":84},"end":{"line":70,"column":114}},"type":"default-arg","locations":[{"start":{"line":70,"column":99},"end":{"line":70,"column":114}}],"line":70},"8":{"loc":{"start":{"line":91,"column":28},"end":{"line":91,"column":81}},"type":"binary-expr","locations":[{"start":{"line":91,"column":28},"end":{"line":91,"column":42}},{"start":{"line":91,"column":42},"end":{"line":91,"column":55}},{"start":{"line":91,"column":55},"end":{"line":91,"column":70}},{"start":{"line":91,"column":70},"end":{"line":91,"column":81}}],"line":91}},"s":{"0":10,"1":10,"2":7,"3":7,"4":7,"5":7,"6":7,"7":7,"8":6,"9":1,"10":10,"11":1,"12":1,"13":1,"14":1,"15":4,"16":4,"17":4,"18":4,"19":1,"20":10,"21":10,"22":48,"23":48,"24":48,"25":48,"26":48,"27":48,"28":432,"29":432,"30":432,"31":432,"32":432,"33":432,"34":48,"35":48,"36":10,"37":1,"38":3,"39":2},"f":{"0":7,"1":1,"2":48,"3":1,"4":3,"5":2},"b":{"0":[7,1],"1":[7,1],"2":[6,1],"3":[6,4],"4":[1,1],"5":[1],"6":[1],"7":[48],"8":[3,3,2,2]},"meta":{"lastBranch":9,"lastFunction":6,"lastStatement":40,"seen":{"s:11:53:15:Infinity":0,"s:17:13:53:Infinity":1,"f:17:13:17:32":0,"s:18:51:22:Infinity":2,"s:24:16:24:Infinity":3,"b:24:16:24:38:24:38:24:Infinity":0,"s:25:20:25:Infinity":4,"b:25:20:25:40:25:44:25:Infinity":1,"s:27:61:46:Infinity":5,"s:48:24:48:Infinity":6,"b:49:2:50:Infinity:undefined:undefined:undefined:undefined":2,"s:49:2:50:Infinity":7,"s:50:4:50:Infinity":8,"b:50:52:50:71:50:71:50:77":3,"s:53:2:53:Infinity":9,"b:53:32:53:51:53:51:53:57":4,"s:56:13:65:Infinity":10,"f:56:13:56:36":1,"b:56:73:56:77":5,"b:56:86:56:107":6,"s:57:22:57:Infinity":11,"s:58:32:58:34":12,"s:59:2:63:Infinity":13,"s:59:15:59:18":14,"s:60:19:60:Infinity":15,"s:61:18:61:Infinity":16,"s:62:18:62:Infinity":17,"s:63:4:63:Infinity":18,"s:65:2:65:Infinity":19,"s:68:29:68:Infinity":20,"s:70:13:86:Infinity":21,"f:70:13:70:44":2,"b:70:99:70:114":7,"s:71:22:71:Infinity":22,"s:72:17:72:Infinity":23,"s:73:20:73:Infinity":24,"s:74:27:74:29":25,"s:76:2:82:Infinity":26,"s:76:15:76:18":27,"s:77:19:77:Infinity":28,"s:78:22:78:Infinity":29,"s:79:14:79:Infinity":30,"s:80:18:80:Infinity":31,"s:81:18:81:Infinity":32,"s:82:4:82:Infinity":33,"s:84:2:84:Infinity":34,"s:86:2:86:Infinity":35,"s:89:13:92:Infinity":36,"f:89:13:89:32":3,"s:90:2:92:Infinity":37,"f:91:5:91:13":4,"s:91:28:91:81":38,"b:91:28:91:42:91:42:91:55:91:55:91:70:91:70:91:81":8,"f:92:5:92:10":5,"s:92:25:92:87":39}}}
,"/Users/esra/Documents/programming/react/carpathian/src/utils/projectBadges.ts": {"path":"/Users/esra/Documents/programming/react/carpathian/src/utils/projectBadges.ts","statementMap":{"0":{"start":{"line":5,"column":52},"end":{"line":9,"column":null}},"1":{"start":{"line":11,"column":54},"end":{"line":16,"column":null}},"2":{"start":{"line":18,"column":13},"end":{"line":18,"column":null}},"3":{"start":{"line":18,"column":64},"end":{"line":18,"column":null}},"4":{"start":{"line":20,"column":13},"end":{"line":21,"column":null}},"5":{"start":{"line":21,"column":2},"end":{"line":21,"column":null}}},"fnMap":{"0":{"name":"(anonymous_0)","decl":{"start":{"line":18,"column":13},"end":{"line":18,"column":38}},"loc":{"start":{"line":18,"column":64},"end":{"line":18,"column":null}},"line":18},"1":{"name":"(anonymous_1)","decl":{"start":{"line":20,"column":13},"end":{"line":20,"column":40}},"loc":{"start":{"line":21,"column":2},"end":{"line":21,"column":null}},"line":21}},"branchMap":{"0":{"loc":{"start":{"line":18,"column":64},"end":{"line":18,"column":null}},"type":"binary-expr","locations":[{"start":{"line":18,"column":64},"end":{"line":18,"column":88}},{"start":{"line":18,"column":88},"end":{"line":18,"column":null}}],"line":18},"1":{"loc":{"start":{"line":21,"column":2},"end":{"line":21,"column":null}},"type":"binary-expr","locations":[{"start":{"line":21,"column":2},"end":{"line":21,"column":55}},{"start":{"line":21,"column":55},"end":{"line":21,"column":null}}],"line":21}},"s":{"0":5,"1":5,"2":5,"3":54,"4":5,"5":54},"f":{"0":54,"1":54},"b":{"0":[54,0],"1":[54,52]},"meta":{"lastBranch":2,"lastFunction":2,"lastStatement":6,"seen":{"s:5:52:9:Infinity":0,"s:11:54:16:Infinity":1,"s:18:13:18:Infinity":2,"f:18:13:18:38":0,"s:18:64:18:Infinity":3,"b:18:64:18:88:18:88:18:Infinity":0,"s:20:13:21:Infinity":4,"f:20:13:20:40":1,"s:21:2:21:Infinity":5,"b:21:2:21:55:21:55:21:Infinity":1}}}
,"/Users/esra/Documents/programming/react/carpathian/src/utils/projectFilterOptions.ts": {"path":"/Users/esra/Documents/programming/react/carpathian/src/utils/projectFilterOptions.ts","statementMap":{"0":{"start":{"line":15,"column":43},"end":{"line":15,"column":null}},"1":{"start":{"line":16,"column":6},"end":{"line":16,"column":44}},"2":{"start":{"line":18,"column":6},"end":{"line":30,"column":null}},"3":{"start":{"line":23,"column":24},"end":{"line":23,"column":null}},"4":{"start":{"line":24,"column":8},"end":{"line":24,"column":82}},"5":{"start":{"line":25,"column":8},"end":{"line":25,"column":65}},"6":{"start":{"line":26,"column":23},"end":{"line":26,"column":null}},"7":{"start":{"line":27,"column":25},"end":{"line":28,"column":74}},"8":{"start":{"line":30,"column":2},"end":{"line":30,"column":null}},"9":{"start":{"line":33,"column":6},"end":{"line":35,"column":null}},"10":{"start":{"line":34,"column":8},"end":{"line":34,"column":83}},"11":{"start":{"line":35,"column":2},"end":{"line":35,"column":null}},"12":{"start":{"line":35,"column":50},"end":{"line":35,"column":100}},"13":{"start":{"line":38,"column":13},"end":{"line":56,"column":null}},"14":{"start":{"line":39,"column":25},"end":{"line":39,"column":69}},"15":{"start":{"line":40,"column":27},"end":{"line":40,"column":70}},"16":{"start":{"line":41,"column":26},"end":{"line":41,"column":71}},"17":{"start":{"line":43,"column":28},"end":{"line":43,"column":105}},"18":{"start":{"line":43,"column":89},"end":{"line":43,"column":104}},"19":{"start":{"line":44,"column":31},"end":{"line":47,"column":null}},"20":{"start":{"line":46,"column":12},"end":{"line":46,"column":80}},"21":{"start":{"line":49,"column":20},"end":{"line":50,"column":39}},"22":{"start":{"line":49,"column":65},"end":{"line":49,"column":81}},"23":{"start":{"line":50,"column":20},"end":{"line":50,"column":38}},"24":{"start":{"line":52,"column":2},"end":{"line":56,"column":null}},"25":{"start":{"line":53,"column":45},"end":{"line":53,"column":74}},"26":{"start":{"line":54,"column":53},"end":{"line":54,"column":90}}},"fnMap":{"0":{"name":"(anonymous_0)","decl":{"start":{"line":18,"column":6},"end":{"line":18,"column":null}},"loc":{"start":{"line":22,"column":5},"end":{"line":30,"column":null}},"line":22},"1":{"name":"(anonymous_1)","decl":{"start":{"line":33,"column":6},"end":{"line":33,"column":25}},"loc":{"start":{"line":33,"column":100},"end":{"line":35,"column":null}},"line":33},"2":{"name":"(anonymous_2)","decl":{"start":{"line":35,"column":30},"end":{"line":35,"column":38}},"loc":{"start":{"line":35,"column":50},"end":{"line":35,"column":100}},"line":35},"3":{"name":"(anonymous_3)","decl":{"start":{"line":38,"column":13},"end":{"line":38,"column":40}},"loc":{"start":{"line":38,"column":112},"end":{"line":56,"column":null}},"line":38},"4":{"name":"(anonymous_4)","decl":{"start":{"line":43,"column":72},"end":{"line":43,"column":77}},"loc":{"start":{"line":43,"column":89},"end":{"line":43,"column":104}},"line":43},"5":{"name":"(anonymous_5)","decl":{"start":{"line":46,"column":7},"end":{"line":46,"column":12}},"loc":{"start":{"line":46,"column":12},"end":{"line":46,"column":80}},"line":46},"6":{"name":"(anonymous_6)","decl":{"start":{"line":49,"column":48},"end":{"line":49,"column":53}},"loc":{"start":{"line":49,"column":65},"end":{"line":49,"column":81}},"line":49},"7":{"name":"(anonymous_7)","decl":{"start":{"line":50,"column":5},"end":{"line":50,"column":11}},"loc":{"start":{"line":50,"column":20},"end":{"line":50,"column":38}},"line":50},"8":{"name":"(anonymous_8)","decl":{"start":{"line":53,"column":26},"end":{"line":53,"column":34}},"loc":{"start":{"line":53,"column":45},"end":{"line":53,"column":74}},"line":53},"9":{"name":"(anonymous_9)","decl":{"start":{"line":54,"column":32},"end":{"line":54,"column":40}},"loc":{"start":{"line":54,"column":53},"end":{"line":54,"column":90}},"line":54}},"branchMap":{"0":{"loc":{"start":{"line":23,"column":24},"end":{"line":23,"column":null}},"type":"binary-expr","locations":[{"start":{"line":23,"column":24},"end":{"line":23,"column":52}},{"start":{"line":23,"column":52},"end":{"line":23,"column":86}},{"start":{"line":23,"column":86},"end":{"line":23,"column":null}}],"line":23},"1":{"loc":{"start":{"line":24,"column":46},"end":{"line":24,"column":82}},"type":"binary-expr","locations":[{"start":{"line":24,"column":46},"end":{"line":24,"column":68}},{"start":{"line":24,"column":68},"end":{"line":24,"column":82}}],"line":24},"2":{"loc":{"start":{"line":26,"column":23},"end":{"line":26,"column":null}},"type":"binary-expr","locations":[{"start":{"line":26,"column":23},"end":{"line":26,"column":50}},{"start":{"line":26,"column":50},"end":{"line":26,"column":84}},{"start":{"line":26,"column":84},"end":{"line":26,"column":105}},{"start":{"line":26,"column":105},"end":{"line":26,"column":null}}],"line":26},"3":{"loc":{"start":{"line":27,"column":25},"end":{"line":28,"column":74}},"type":"binary-expr","locations":[{"start":{"line":27,"column":25},"end":{"line":27,"column":54}},{"start":{"line":27,"column":54},"end":{"line":27,"column":null}},{"start":{"line":28,"column":4},"end":{"line":28,"column":74}}],"line":27},"4":{"loc":{"start":{"line":30,"column":9},"end":{"line":30,"column":null}},"type":"binary-expr","locations":[{"start":{"line":30,"column":9},"end":{"line":30,"column":26}},{"start":{"line":30,"column":26},"end":{"line":30,"column":42}},{"start":{"line":30,"column":42},"end":{"line":30,"column":null}}],"line":30},"5":{"loc":{"start":{"line":46,"column":44},"end":{"line":46,"column":80}},"type":"binary-expr","locations":[{"start":{"line":46,"column":44},"end":{"line":46,"column":66}},{"start":{"line":46,"column":66},"end":{"line":46,"column":80}}],"line":46}},"s":{"0":5,"1":5,"2":5,"3":132,"4":132,"5":132,"6":132,"7":132,"8":132,"9":5,"10":204,"11":204,"12":132,"13":5,"14":68,"15":68,"16":68,"17":68,"18":36,"19":68,"20":39,"21":68,"22":38,"23":12,"24":68,"25":204,"26":680},"f":{"0":132,"1":204,"2":132,"3":68,"4":36,"5":39,"6":38,"7":12,"8":204,"9":680},"b":{"0":[132,88,14],"1":[132,75],"2":[132,88,16,16],"3":[132,88,10],"4":[132,128,119],"5":[39,23]},"meta":{"lastBranch":6,"lastFunction":10,"lastStatement":27,"seen":{"s:15:43:15:Infinity":0,"s:16:6:16:44":1,"s:18:6:30:Infinity":2,"f:18:6:18:Infinity":0,"s:23:24:23:Infinity":3,"b:23:24:23:52:23:52:23:86:23:86:23:Infinity":0,"s:24:8:24:82":4,"b:24:46:24:68:24:68:24:82":1,"s:25:8:25:65":5,"s:26:23:26:Infinity":6,"b:26:23:26:50:26:50:26:84:26:84:26:105:26:105:26:Infinity":2,"s:27:25:28:74":7,"b:27:25:27:54:27:54:27:Infinity:28:4:28:74":3,"s:30:2:30:Infinity":8,"b:30:9:30:26:30:26:30:42:30:42:30:Infinity":4,"s:33:6:35:Infinity":9,"f:33:6:33:25":1,"s:34:8:34:83":10,"s:35:2:35:Infinity":11,"f:35:30:35:38":2,"s:35:50:35:100":12,"s:38:13:56:Infinity":13,"f:38:13:38:40":3,"s:39:25:39:69":14,"s:40:27:40:70":15,"s:41:26:41:71":16,"s:43:28:43:105":17,"f:43:72:43:77":4,"s:43:89:43:104":18,"s:44:31:47:Infinity":19,"f:46:7:46:12":5,"s:46:12:46:80":20,"b:46:44:46:66:46:66:46:80":5,"s:49:20:50:39":21,"f:49:48:49:53":6,"s:49:65:49:81":22,"f:50:5:50:11":7,"s:50:20:50:38":23,"s:52:2:56:Infinity":24,"f:53:26:53:34":8,"s:53:45:53:74":25,"f:54:32:54:40":9,"s:54:53:54:90":26}}}
}
