TN:
SF:src/App.tsx
FN:21,(anonymous_0)
FN:22,(anonymous_1)
FN:23,(anonymous_2)
FN:24,(anonymous_3)
FN:26,App
FN:35,(anonymous_5)
FN:39,(anonymous_6)
FN:53,(anonymous_7)
FN:76,(anonymous_8)
FN:117,(anonymous_9)
FN:125,(anonymous_10)
FN:156,(anonymous_11)
FN:157,(anonymous_12)
FN:165,(anonymous_13)
FN:168,(anonymous_14)
FN:193,(anonymous_15)
FN:201,(anonymous_16)
FN:227,(anonymous_17)
FNF:18
FNH:13
FNDA:2,(anonymous_0)
FNDA:1,(anonymous_1)
FNDA:0,(anonymous_2)
FNDA:1,(anonymous_3)
FNDA:74,App
FNDA:23,(anonymous_5)
FNDA:23,(anonymous_6)
FNDA:243,(anonymous_7)
FNDA:0,(anonymous_8)
FNDA:0,(anonymous_9)
FNDA:2,(anonymous_10)
FNDA:0,(anonymous_11)
FNDA:2,(anonymous_12)
FNDA:15,(anonymous_13)
FNDA:5,(anonymous_14)
FNDA:3,(anonymous_15)
FNDA:0,(anonymous_16)
FNDA:2,(anonymous_17)
DA:21,2
DA:22,2
DA:23,2
DA:24,2
DA:27,74
DA:28,74
DA:29,74
DA:32,74
DA:35,74
DA:39,74
DA:43,74
DA:44,74
DA:45,74
DA:47,74
DA:48,74
DA:49,74
DA:50,74
DA:51,74
DA:52,74
DA:53,243
DA:55,74
DA:56,74
DA:57,74
DA:58,74
DA:59,74
DA:71,74
DA:72,0
DA:76,0
DA:81,74
DA:117,0
DA:125,2
DA:156,0
DA:157,2
DA:166,15
DA:169,5
DA:193,3
DA:202,0
DA:218,0
DA:219,0
DA:227,2
LF:40
LH:33
BRDA:45,0,0,74
BRDA:45,0,1,34
BRDA:45,0,2,32
BRDA:57,1,0,71
BRDA:57,1,1,3
BRDA:58,2,0,74
BRDA:58,2,1,74
BRDA:58,2,2,74
BRDA:58,2,3,74
BRDA:59,3,0,71
BRDA:59,3,1,3
BRDA:65,4,0,2
BRDA:65,4,1,1
BRDA:66,5,0,2
BRDA:66,5,1,1
BRDA:71,6,0,0
BRDA:71,6,1,74
BRDA:95,7,0,74
BRDA:95,7,1,13
BRDA:98,8,0,9
BRDA:98,8,1,4
BRDA:100,9,0,3
BRDA:100,9,1,1
BRDA:104,10,0,1
BRDA:104,10,1,12
BRDA:118,11,0,72
BRDA:118,11,1,2
BRDA:126,12,0,2
BRDA:126,12,1,72
BRDA:156,13,0,71
BRDA:156,13,1,3
BRDA:157,14,0,3
BRDA:157,14,1,71
BRDA:161,15,0,32
BRDA:161,15,1,42
BRDA:165,16,0,42
BRDA:165,16,1,39
BRDA:168,17,0,42
BRDA:168,17,1,3
BRDA:173,18,0,74
BRDA:173,18,1,42
BRDA:173,18,2,26
BRDA:177,19,0,26
BRDA:177,19,1,0
BRDA:191,20,0,74
BRDA:191,20,1,6
BRDA:196,21,0,74
BRDA:196,21,1,0
BRDA:225,22,0,74
BRDA:225,22,1,4
BRF:50
BRH:47
end_of_record
TN:
SF:src/components/cards/ExpertCard.tsx
FN:6,(anonymous_0)
FN:8,(anonymous_1)
FN:11,(anonymous_2)
FN:13,(anonymous_3)
FN:38,(anonymous_4)
FN:47,(anonymous_5)
FN:48,(anonymous_6)
FN:49,(anonymous_7)
FN:80,(anonymous_8)
FN:100,(anonymous_9)
FN:101,(anonymous_10)
FN:102,(anonymous_11)
FN:123,(anonymous_12)
FN:131,(anonymous_13)
FN:147,(anonymous_14)
FN:158,(anonymous_15)
FN:160,(anonymous_16)
FN:250,(anonymous_17)
FNF:18
FNH:18
FNDA:18,(anonymous_0)
FNDA:36,(anonymous_1)
FNDA:18,(anonymous_2)
FNDA:305,(anonymous_3)
FNDA:5,(anonymous_4)
FNDA:5,(anonymous_5)
FNDA:5,(anonymous_6)
FNDA:18,(anonymous_7)
FNDA:18,(anonymous_8)
FNDA:30,(anonymous_9)
FNDA:30,(anonymous_10)
FNDA:30,(anonymous_11)
FNDA:5,(anonymous_12)
FNDA:4,(anonymous_13)
FNDA:36,(anonymous_14)
FNDA:36,(anonymous_15)
FNDA:140,(anonymous_16)
FNDA:37,(anonymous_17)
DA:6,3
DA:7,18
DA:8,36
DA:11,3
DA:12,18
DA:13,305
DA:14,18
DA:19,18
DA:20,18
DA:35,18
DA:38,3
DA:39,5
DA:40,5
DA:41,5
DA:42,5
DA:44,0
DA:47,5
DA:48,5
DA:49,3
DA:50,18
DA:80,3
DA:99,18
DA:100,30
DA:101,30
DA:102,30
DA:103,18
DA:104,18
DA:105,18
DA:106,18
DA:107,18
DA:108,18
DA:109,18
DA:110,18
DA:115,18
DA:123,18
DA:124,5
DA:125,5
DA:126,4
DA:128,1
DA:131,18
DA:132,4
DA:133,4
DA:135,4
DA:136,2
DA:137,2
DA:138,2
DA:141,2
DA:142,2
DA:143,2
DA:147,18
DA:148,36
DA:158,18
DA:159,36
DA:161,140
DA:176,18
DA:251,37
LF:56
LH:55
BRDA:8,0,0,18
BRDA:8,0,1,0
BRDA:41,1,0,5
BRDA:41,1,1,0
BRDA:44,2,0,0
BRDA:44,2,1,0
BRDA:50,3,0,18
BRDA:50,3,1,1
BRDA:90,4,0,18
BRDA:91,5,0,18
BRDA:104,6,0,18
BRDA:104,6,1,5
BRDA:105,7,0,18
BRDA:105,7,1,5
BRDA:108,8,0,1
BRDA:108,8,1,17
BRDA:109,9,0,17
BRDA:109,9,1,1
BRDA:116,10,0,18
BRDA:116,10,1,0
BRDA:117,11,0,13
BRDA:117,11,1,5
BRDA:118,12,0,13
BRDA:118,12,1,5
BRDA:119,13,0,13
BRDA:119,13,1,5
BRDA:120,14,0,13
BRDA:120,14,1,5
BRDA:125,15,0,4
BRDA:125,15,1,1
BRDA:135,16,0,2
BRDA:135,16,1,2
BRDA:135,17,0,4
BRDA:135,17,1,3
BRDA:141,18,0,2
BRDA:141,18,1,0
BRDA:147,19,0,36
BRDA:159,20,0,18
BRDA:159,20,1,18
BRDA:164,21,0,104
BRDA:164,21,1,36
BRDA:165,22,0,104
BRDA:165,22,1,36
BRDA:179,23,0,0
BRDA:179,23,1,18
BRDA:182,24,0,0
BRDA:182,24,1,18
BRDA:184,25,0,2
BRDA:184,25,1,16
BRDA:189,26,0,0
BRDA:189,26,1,18
BRDA:189,27,0,2
BRDA:189,27,1,16
BRDA:194,28,0,2
BRDA:194,28,1,16
BRDA:207,29,0,18
BRDA:207,29,1,5
BRDA:237,30,0,16
BRDA:237,30,1,2
BRF:59
BRH:50
end_of_record
TN:
SF:src/components/cards/ProjectCard.tsx
FN:28,(anonymous_0)
FN:34,(anonymous_1)
FN:41,(anonymous_2)
FN:54,(anonymous_3)
FN:59,(anonymous_4)
FN:79,(anonymous_5)
FN:80,(anonymous_6)
FN:81,(anonymous_7)
FN:82,(anonymous_8)
FN:83,(anonymous_9)
FN:97,(anonymous_10)
FN:109,(anonymous_11)
FN:259,(anonymous_12)
FNF:13
FNH:13
FNDA:14,(anonymous_0)
FNDA:31,(anonymous_1)
FNDA:14,(anonymous_2)
FNDA:14,(anonymous_3)
FNDA:31,(anonymous_4)
FNDA:63,(anonymous_5)
FNDA:63,(anonymous_6)
FNDA:63,(anonymous_7)
FNDA:63,(anonymous_8)
FNDA:63,(anonymous_9)
FNDA:1,(anonymous_10)
FNDA:4,(anonymous_11)
FNDA:1,(anonymous_12)
DA:28,4
DA:29,14
DA:30,14
DA:31,14
DA:34,4
DA:35,31
DA:36,8
DA:37,8
DA:38,2
DA:41,4
DA:42,14
DA:44,7
DA:46,0
DA:48,7
DA:50,0
DA:54,4
DA:55,14
DA:59,4
DA:78,31
DA:79,63
DA:80,63
DA:81,63
DA:82,63
DA:83,63
DA:84,31
DA:85,31
DA:86,31
DA:87,31
DA:88,31
DA:89,31
DA:90,31
DA:91,31
DA:97,31
DA:98,1
DA:99,1
DA:101,1
DA:102,1
DA:103,1
DA:109,31
DA:110,4
DA:111,4
DA:112,3
DA:114,1
DA:117,31
DA:259,1
LF:45
LH:43
BRDA:31,0,0,12
BRDA:31,0,1,2
BRDA:31,1,0,14
BRDA:31,1,1,12
BRDA:35,2,0,23
BRDA:35,2,1,8
BRDA:36,3,0,0
BRDA:36,3,1,8
BRDA:37,4,0,6
BRDA:37,4,1,2
BRDA:38,5,0,2
BRDA:38,5,1,0
BRDA:42,6,0,7
BRDA:42,6,1,0
BRDA:42,6,2,7
BRDA:42,6,3,0
BRDA:55,7,0,13
BRDA:55,7,1,1
BRDA:80,8,0,63
BRDA:80,8,1,0
BRDA:84,9,0,31
BRDA:84,9,1,14
BRDA:86,10,0,31
BRDA:86,10,1,14
BRDA:87,11,0,31
BRDA:87,11,1,14
BRDA:90,12,0,31
BRDA:90,12,1,14
BRDA:99,13,0,0
BRDA:99,13,1,1
BRDA:104,14,0,0
BRDA:104,14,1,1
BRDA:111,15,0,3
BRDA:111,15,1,1
BRDA:120,16,0,1
BRDA:120,16,1,30
BRDA:125,17,0,3
BRDA:125,17,1,28
BRDA:130,18,0,1
BRDA:130,18,1,30
BRDA:130,19,0,3
BRDA:130,19,1,28
BRDA:135,20,0,3
BRDA:135,20,1,28
BRDA:191,21,0,17
BRDA:191,21,1,14
BRDA:230,22,0,28
BRDA:230,22,1,3
BRF:48
BRH:41
end_of_record
TN:
SF:src/components/cards/expertProfileImage.ts
FN:1,(anonymous_0)
FNF:1
FNH:1
FNDA:60,(anonymous_0)
DA:1,60
LF:1
LH:1
BRF:0
BRH:0
end_of_record
TN:
SF:src/components/common/ErrorBoundary.tsx
FN:7,(anonymous_0)
FN:9,(anonymous_1)
FN:10,(anonymous_2)
FN:12,(anonymous_3)
FN:18,(anonymous_4)
FNF:5
FNH:4
FNDA:6,(anonymous_0)
FNDA:1,(anonymous_1)
FNDA:2,(anonymous_2)
FNDA:9,(anonymous_3)
FNDA:0,(anonymous_4)
DA:7,6
DA:9,4
DA:10,2
DA:13,9
DA:14,4
DA:18,0
DA:22,5
LF:7
LH:6
BRDA:13,0,0,4
BRDA:13,0,1,5
BRDA:14,1,0,4
BRDA:14,1,1,2
BRF:4
BRH:4
end_of_record
TN:
SF:src/components/common/Modal.tsx
FN:13,(anonymous_0)
FN:20,(anonymous_1)
FN:29,(anonymous_2)
FN:35,(anonymous_3)
FN:62,(anonymous_4)
FNF:5
FNH:5
FNDA:193,(anonymous_0)
FNDA:54,(anonymous_1)
FNDA:35,(anonymous_2)
FNDA:638,(anonymous_3)
FNDA:59,(anonymous_4)
DA:13,7
DA:14,193
DA:15,193
DA:16,193
DA:18,193
DA:20,193
DA:21,54
DA:23,35
DA:24,35
DA:26,35
DA:27,54
DA:29,54
DA:30,35
DA:31,35
DA:35,193
DA:36,638
DA:37,636
DA:39,1
DA:40,1
DA:42,1
DA:43,1
DA:45,1
DA:46,0
DA:47,1
DA:48,0
DA:52,193
DA:54,121
DA:62,59
DA:79,121
LF:29
LH:27
BRDA:13,0,0,193
BRDA:21,1,0,19
BRDA:21,1,1,35
BRDA:36,2,0,2
BRDA:36,2,1,636
BRDA:37,3,0,635
BRDA:37,3,1,1
BRDA:37,4,0,636
BRDA:37,4,1,1
BRDA:40,5,0,0
BRDA:40,5,1,1
BRDA:45,6,0,0
BRDA:45,6,1,1
BRDA:45,7,0,1
BRDA:45,7,1,0
BRDA:47,8,0,0
BRDA:47,8,1,1
BRDA:47,9,0,1
BRDA:47,9,1,1
BRDA:52,10,0,72
BRDA:52,10,1,121
BRDA:62,11,0,1
BRDA:62,11,1,58
BRF:23
BRH:19
end_of_record
TN:
SF:src/components/layout/AccessibilityControls.tsx
FN:6,(anonymous_0)
FN:9,(anonymous_1)
FN:14,(anonymous_2)
FN:21,(anonymous_3)
FN:29,(anonymous_4)
FN:30,(anonymous_5)
FN:40,(anonymous_6)
FN:51,(anonymous_7)
FNF:8
FNH:6
FNDA:74,(anonymous_0)
FNDA:3,(anonymous_1)
FNDA:6,(anonymous_2)
FNDA:0,(anonymous_3)
FNDA:2,(anonymous_4)
FNDA:1,(anonymous_5)
FNDA:1,(anonymous_6)
FNDA:0,(anonymous_7)
DA:6,3
DA:7,74
DA:8,74
DA:9,74
DA:11,74
DA:14,6
DA:21,0
DA:29,2
DA:30,1
DA:40,1
DA:51,0
LF:11
LH:9
BRDA:41,0,0,0
BRDA:41,0,1,74
BRDA:44,1,0,0
BRDA:44,1,1,74
BRDA:52,2,0,0
BRDA:52,2,1,74
BRDA:55,3,0,0
BRDA:55,3,1,74
BRF:8
BRH:4
end_of_record
TN:
SF:src/components/layout/FilterBar.tsx
FN:4,(anonymous_0)
FN:5,(anonymous_1)
FNF:2
FNH:2
FNDA:68,(anonymous_0)
FNDA:233,(anonymous_1)
DA:4,3
DA:5,233
DA:7,68
LF:3
LH:3
BRF:0
BRH:0
end_of_record
TN:
SF:src/components/layout/FilterControls.tsx
FN:20,(anonymous_0)
FN:25,(anonymous_1)
FN:27,(anonymous_2)
FN:33,(anonymous_3)
FN:34,(anonymous_4)
FN:35,(anonymous_5)
FN:36,(anonymous_6)
FN:37,(anonymous_7)
FN:38,(anonymous_8)
FN:39,(anonymous_9)
FN:40,(anonymous_10)
FN:44,(anonymous_11)
FN:48,(anonymous_12)
FN:53,(anonymous_13)
FN:57,(anonymous_14)
FN:69,(anonymous_15)
FN:75,(anonymous_16)
FN:81,(anonymous_17)
FN:103,(anonymous_18)
FN:114,(anonymous_19)
FN:118,(anonymous_20)
FN:129,(anonymous_21)
FN:133,(anonymous_22)
FN:144,(anonymous_23)
FN:148,(anonymous_24)
FNF:25
FNH:23
FNDA:147,(anonymous_0)
FNDA:0,(anonymous_1)
FNDA:0,(anonymous_2)
FNDA:147,(anonymous_3)
FNDA:500,(anonymous_4)
FNDA:500,(anonymous_5)
FNDA:500,(anonymous_6)
FNDA:500,(anonymous_7)
FNDA:500,(anonymous_8)
FNDA:500,(anonymous_9)
FNDA:500,(anonymous_10)
FNDA:62,(anonymous_11)
FNDA:29,(anonymous_12)
FNDA:29,(anonymous_13)
FNDA:3,(anonymous_14)
FNDA:1,(anonymous_15)
FNDA:1,(anonymous_16)
FNDA:1,(anonymous_17)
FNDA:2,(anonymous_18)
FNDA:1,(anonymous_19)
FNDA:51,(anonymous_20)
FNDA:1,(anonymous_21)
FNDA:51,(anonymous_22)
FNDA:1,(anonymous_23)
FNDA:37,(anonymous_24)
DA:14,4
DA:20,147
DA:25,4
DA:26,0
DA:27,0
DA:30,4
DA:31,4
DA:33,4
DA:34,500
DA:35,500
DA:36,500
DA:37,500
DA:38,500
DA:39,500
DA:40,500
DA:41,147
DA:42,147
DA:43,147
DA:44,147
DA:45,147
DA:46,147
DA:48,147
DA:49,29
DA:50,0
DA:53,147
DA:54,29
DA:57,147
DA:58,3
DA:59,0
DA:61,3
DA:62,0
DA:64,3
DA:65,0
DA:69,147
DA:70,1
DA:71,1
DA:72,1
DA:75,147
DA:76,1
DA:77,1
DA:78,1
DA:81,147
DA:82,1
DA:83,1
DA:84,1
DA:87,147
DA:90,147
DA:91,147
DA:95,147
DA:103,2
DA:114,1
DA:119,51
DA:129,1
DA:134,51
DA:144,1
DA:149,37
LF:56
LH:50
BRDA:20,0,0,147
BRDA:20,0,1,146
BRDA:20,0,2,145
BRDA:20,0,3,145
BRDA:27,1,0,0
BRDA:27,1,1,0
BRDA:33,2,0,147
BRDA:33,3,0,147
BRDA:41,4,0,147
BRDA:41,4,1,0
BRDA:45,5,0,147
BRDA:45,5,1,146
BRDA:49,6,0,29
BRDA:49,6,1,0
BRDA:58,7,0,0
BRDA:58,7,1,3
BRDA:58,8,0,3
BRDA:58,8,1,2
BRDA:58,8,2,0
BRDA:61,9,0,0
BRDA:61,9,1,3
BRDA:61,10,0,3
BRDA:61,10,1,2
BRDA:61,10,2,0
BRDA:64,11,0,0
BRDA:64,11,1,3
BRDA:64,12,0,3
BRDA:64,12,1,2
BRDA:64,12,2,0
BRDA:87,13,0,72
BRDA:87,13,1,75
BRDA:90,14,0,72
BRDA:90,14,1,75
BRDA:91,15,0,72
BRDA:91,15,1,75
BRF:35
BRH:25
end_of_record
TN:
SF:src/components/layout/StatsSection.tsx
FN:5,(anonymous_0)
FN:6,(anonymous_1)
FN:7,(anonymous_2)
FN:18,(anonymous_3)
FNF:4
FNH:4
FNDA:63,(anonymous_0)
FNDA:19,(anonymous_1)
FNDA:19,(anonymous_2)
FNDA:252,(anonymous_3)
DA:5,3
DA:6,63
DA:7,63
DA:8,63
DA:15,63
DA:19,252
LF:6
LH:6
BRF:0
BRH:0
end_of_record
TN:
SF:src/components/map/MapDrawingControl.tsx
FN:18,(anonymous_0)
FN:30,(anonymous_1)
FN:32,(anonymous_2)
FN:36,(anonymous_3)
FN:40,(anonymous_4)
FN:88,(anonymous_5)
FN:92,(anonymous_6)
FN:101,(anonymous_7)
FN:109,(anonymous_8)
FN:117,(anonymous_9)
FNF:10
FNH:10
FNDA:30,(anonymous_0)
FNDA:15,(anonymous_1)
FNDA:44,(anonymous_2)
FNDA:15,(anonymous_3)
FNDA:15,(anonymous_4)
FNDA:1,(anonymous_5)
FNDA:3,(anonymous_6)
FNDA:14,(anonymous_7)
FNDA:15,(anonymous_8)
FNDA:15,(anonymous_9)
DA:18,3
DA:19,30
DA:20,30
DA:22,0
DA:30,3
DA:31,15
DA:32,44
DA:33,15
DA:34,15
DA:36,15
DA:37,15
DA:40,15
DA:41,15
DA:42,15
DA:43,15
DA:46,15
DA:47,15
DA:48,15
DA:49,15
DA:51,15
DA:52,1
DA:56,14
DA:57,5
DA:58,5
DA:62,14
DA:63,5
DA:83,5
DA:84,5
DA:88,14
DA:89,1
DA:90,1
DA:91,1
DA:92,3
DA:93,1
DA:94,1
DA:95,1
DA:99,14
DA:101,14
DA:102,14
DA:103,14
DA:108,15
DA:109,15
DA:110,15
DA:111,10
DA:112,10
DA:114,5
DA:117,15
DA:118,15
DA:119,15
DA:123,15
LF:50
LH:49
BRDA:37,0,0,0
BRDA:37,0,1,15
BRDA:37,1,0,15
BRDA:37,1,1,15
BRDA:43,2,0,13
BRDA:43,2,1,2
BRDA:46,3,0,15
BRDA:46,3,1,2
BRDA:51,4,0,1
BRDA:51,4,1,14
BRDA:51,5,0,15
BRDA:51,5,1,14
BRDA:56,6,0,5
BRDA:56,6,1,9
BRDA:62,7,0,5
BRDA:62,7,1,9
BRDA:90,8,0,1
BRDA:90,8,1,0
BRDA:103,9,0,14
BRDA:103,9,1,0
BRDA:110,10,0,10
BRDA:110,10,1,5
BRF:22
BRH:19
end_of_record
TN:
SF:src/components/map/MapDrawingWrapper.tsx
FN:12,(anonymous_0)
FNF:1
FNH:1
FNDA:18,(anonymous_0)
DA:12,3
DA:18,18
LF:2
LH:2
BRDA:13,0,0,18
BRDA:14,1,0,18
BRDA:31,2,0,18
BRDA:31,2,1,1
BRF:4
BRH:4
end_of_record
TN:
SF:src/components/map/MapSidebar.tsx
FN:16,(anonymous_0)
FN:17,(anonymous_1)
FN:18,(anonymous_2)
FN:19,(anonymous_3)
FN:22,(anonymous_4)
FN:31,(anonymous_5)
FN:32,(anonymous_6)
FN:35,(anonymous_7)
FN:88,(anonymous_8)
FN:104,(anonymous_9)
FNF:10
FNH:9
FNDA:68,(anonymous_0)
FNDA:248,(anonymous_1)
FNDA:248,(anonymous_2)
FNDA:248,(anonymous_3)
FNDA:14,(anonymous_4)
FNDA:1,(anonymous_5)
FNDA:1,(anonymous_6)
FNDA:1,(anonymous_7)
FNDA:23,(anonymous_8)
FNDA:0,(anonymous_9)
DA:16,3
DA:17,248
DA:18,248
DA:19,248
DA:20,68
DA:22,68
DA:23,14
DA:25,1
DA:29,14
DA:31,14
DA:32,1
DA:35,14
DA:38,68
DA:89,23
DA:90,23
DA:91,23
DA:92,23
DA:94,23
DA:104,0
LF:19
LH:18
BRDA:16,0,0,68
BRDA:23,1,0,13
BRDA:23,1,1,1
BRDA:26,2,0,0
BRDA:26,2,1,1
BRDA:32,3,0,1
BRDA:32,3,1,0
BRDA:53,4,0,68
BRDA:53,4,1,61
BRDA:62,5,0,68
BRDA:62,5,1,61
BRDA:71,6,0,68
BRDA:71,6,1,61
BRDA:87,7,0,19
BRDA:87,7,1,49
BRDA:91,8,0,23
BRDA:91,8,1,10
BRDA:100,9,0,3
BRDA:100,9,1,20
BRDA:103,10,0,1
BRDA:103,10,1,22
BRDA:105,11,0,3
BRDA:105,11,1,20
BRDA:119,12,0,23
BRDA:119,12,1,0
BRDA:119,12,2,0
BRDA:119,12,3,0
BRF:27
BRH:22
end_of_record
TN:
SF:src/components/map/MapView.tsx
FN:27,(anonymous_0)
FN:36,(anonymous_1)
FN:50,(anonymous_2)
FN:70,(anonymous_3)
FN:76,(anonymous_4)
FN:78,(anonymous_5)
FN:79,(anonymous_6)
FN:80,(anonymous_7)
FN:82,(anonymous_8)
FN:86,(anonymous_9)
FN:96,(anonymous_10)
FN:100,(anonymous_11)
FN:107,(anonymous_12)
FN:109,(anonymous_13)
FN:117,(anonymous_14)
FN:120,(anonymous_15)
FN:122,(anonymous_16)
FN:130,(anonymous_17)
FN:131,(anonymous_18)
FN:136,(anonymous_19)
FN:137,(anonymous_20)
FN:138,(anonymous_21)
FN:143,(anonymous_22)
FN:148,(anonymous_23)
FN:148,(anonymous_24)
FN:149,(anonymous_25)
FN:155,(anonymous_26)
FN:168,(anonymous_27)
FN:185,(anonymous_28)
FN:193,(anonymous_29)
FN:235,(anonymous_30)
FN:240,(anonymous_31)
FN:241,(anonymous_32)
FN:243,(anonymous_33)
FN:254,(anonymous_34)
FNF:35
FNH:33
FNDA:3,(anonymous_0)
FNDA:6,(anonymous_1)
FNDA:39,(anonymous_2)
FNDA:63,(anonymous_3)
FNDA:21,(anonymous_4)
FNDA:27,(anonymous_5)
FNDA:27,(anonymous_6)
FNDA:27,(anonymous_7)
FNDA:21,(anonymous_8)
FNDA:4,(anonymous_9)
FNDA:63,(anonymous_10)
FNDA:21,(anonymous_11)
FNDA:21,(anonymous_12)
FNDA:2,(anonymous_13)
FNDA:1,(anonymous_14)
FNDA:21,(anonymous_15)
FNDA:37,(anonymous_16)
FNDA:21,(anonymous_17)
FNDA:27,(anonymous_18)
FNDA:27,(anonymous_19)
FNDA:27,(anonymous_20)
FNDA:27,(anonymous_21)
FNDA:1,(anonymous_22)
FNDA:1,(anonymous_23)
FNDA:1,(anonymous_24)
FNDA:39,(anonymous_25)
FNDA:3,(anonymous_26)
FNDA:3,(anonymous_27)
FNDA:1,(anonymous_28)
FNDA:0,(anonymous_29)
FNDA:5,(anonymous_30)
FNDA:1,(anonymous_31)
FNDA:1,(anonymous_32)
FNDA:5,(anonymous_33)
FNDA:0,(anonymous_34)
DA:27,3
DA:28,3
DA:29,3
DA:32,3
DA:33,3
DA:34,3
DA:36,3
DA:37,6
DA:43,3
DA:44,3
DA:50,3
DA:51,39
DA:52,39
DA:54,4
DA:55,39
DA:62,39
DA:63,39
DA:70,63
DA:76,3
DA:77,21
DA:78,27
DA:79,27
DA:80,27
DA:82,21
DA:83,21
DA:84,21
DA:86,21
DA:87,4
DA:89,2
DA:90,2
DA:96,63
DA:97,21
DA:98,21
DA:100,21
DA:101,21
DA:102,21
DA:103,21
DA:107,21
DA:108,21
DA:109,2
DA:110,1
DA:111,1
DA:116,21
DA:117,1
DA:120,21
DA:121,21
DA:122,37
DA:123,20
DA:127,21
DA:130,3
DA:131,27
DA:132,21
DA:133,21
DA:134,21
DA:135,21
DA:136,27
DA:137,27
DA:138,27
DA:140,21
DA:141,21
DA:143,21
DA:144,1
DA:145,1
DA:148,21
DA:149,21
DA:150,39
DA:156,3
DA:157,3
DA:158,3
DA:169,3
DA:179,21
DA:185,1
DA:193,0
DA:236,5
DA:240,1
DA:241,1
DA:243,5
DA:255,0
DA:256,0
DA:257,0
LF:80
LH:76
BRDA:38,0,0,1
BRDA:38,0,1,3
BRDA:52,1,0,35
BRDA:52,1,1,4
BRDA:54,2,0,4
BRDA:54,2,1,0
BRDA:71,3,0,41
BRDA:71,3,1,22
BRDA:87,4,0,2
BRDA:87,4,1,2
BRDA:87,5,0,4
BRDA:87,5,1,4
BRDA:98,6,0,18
BRDA:98,6,1,3
BRDA:108,7,0,1
BRDA:108,7,1,20
BRDA:108,8,0,21
BRDA:108,8,1,1
BRDA:110,9,0,1
BRDA:110,9,1,0
BRDA:121,10,0,20
BRDA:121,10,1,1
BRDA:121,11,0,21
BRDA:121,11,1,21
BRDA:130,12,0,21
BRDA:132,13,0,21
BRDA:132,13,1,21
BRDA:145,14,0,1
BRDA:145,14,1,0
BRDA:221,15,0,2
BRDA:221,15,1,19
BRDA:231,16,0,20
BRDA:231,16,1,1
BRDA:243,17,0,5
BRDA:243,17,1,0
BRF:35
BRH:31
end_of_record
TN:
SF:src/components/map/TileToggle.tsx
FN:10,(anonymous_0)
FN:14,(anonymous_1)
FN:22,(anonymous_2)
FNF:3
FNH:3
FNDA:9,(anonymous_0)
FNDA:1,(anonymous_1)
FNDA:2,(anonymous_2)
DA:10,2
DA:11,9
DA:14,1
DA:22,2
LF:4
LH:4
BRDA:15,0,0,7
BRDA:15,0,1,2
BRDA:23,1,0,2
BRDA:23,1,1,7
BRF:4
BRH:4
end_of_record
TN:
SF:src/components/map/TileToggleWrapper.tsx
FN:11,(anonymous_0)
FN:16,(anonymous_1)
FN:22,(anonymous_2)
FN:23,(anonymous_3)
FN:27,(anonymous_4)
FN:29,(anonymous_5)
FNF:6
FNH:6
FNDA:5,(anonymous_0)
FNDA:5,(anonymous_1)
FNDA:5,(anonymous_2)
FNDA:10,(anonymous_3)
FNDA:1,(anonymous_4)
FNDA:2,(anonymous_5)
DA:6,1
DA:11,1
DA:12,5
DA:13,5
DA:14,5
DA:16,5
DA:17,5
DA:18,4
DA:19,4
DA:21,5
DA:22,5
DA:23,10
DA:27,5
DA:28,1
DA:29,2
DA:30,1
DA:31,1
DA:34,5
LF:18
LH:18
BRDA:17,0,0,4
BRDA:17,0,1,1
BRDA:28,1,0,0
BRDA:28,1,1,1
BRDA:28,2,0,1
BRDA:28,2,1,1
BRF:6
BRH:5
end_of_record
TN:
SF:src/components/modals/AddExpertModal.tsx
FN:22,(anonymous_0)
FN:54,(anonymous_1)
FN:75,(anonymous_2)
FN:100,(anonymous_3)
FN:109,(anonymous_4)
FN:110,(anonymous_5)
FN:118,(anonymous_6)
FN:119,(anonymous_7)
FN:125,(anonymous_8)
FN:134,(anonymous_9)
FN:144,(anonymous_10)
FN:168,(anonymous_11)
FN:175,(anonymous_12)
FN:185,(anonymous_13)
FN:192,(anonymous_14)
FN:200,(anonymous_15)
FN:208,(anonymous_16)
FN:216,(anonymous_17)
FN:218,(anonymous_18)
FN:223,(anonymous_19)
FN:226,(anonymous_20)
FN:230,(anonymous_21)
FN:244,(anonymous_22)
FN:254,(anonymous_23)
FN:259,(anonymous_24)
FN:272,(anonymous_25)
FN:277,(anonymous_26)
FN:294,(anonymous_27)
FN:300,(anonymous_28)
FN:322,(anonymous_29)
FNF:30
FNH:16
FNDA:71,(anonymous_0)
FNDA:0,(anonymous_1)
FNDA:0,(anonymous_2)
FNDA:0,(anonymous_3)
FNDA:0,(anonymous_4)
FNDA:0,(anonymous_5)
FNDA:0,(anonymous_6)
FNDA:0,(anonymous_7)
FNDA:0,(anonymous_8)
FNDA:0,(anonymous_9)
FNDA:1,(anonymous_10)
FNDA:98,(anonymous_11)
FNDA:74,(anonymous_12)
FNDA:84,(anonymous_13)
FNDA:70,(anonymous_14)
FNDA:70,(anonymous_15)
FNDA:201,(anonymous_16)
FNDA:70,(anonymous_17)
FNDA:700,(anonymous_18)
FNDA:0,(anonymous_19)
FNDA:0,(anonymous_20)
FNDA:1050,(anonymous_21)
FNDA:96,(anonymous_22)
FNDA:70,(anonymous_23)
FNDA:0,(anonymous_24)
FNDA:70,(anonymous_25)
FNDA:0,(anonymous_26)
FNDA:70,(anonymous_27)
FNDA:70,(anonymous_28)
FNDA:0,(anonymous_29)
DA:16,1
DA:22,1
DA:23,71
DA:24,71
DA:25,71
DA:33,71
DA:54,71
DA:55,0
DA:56,0
DA:58,0
DA:59,0
DA:61,0
DA:62,0
DA:65,0
DA:66,0
DA:67,0
DA:68,0
DA:71,0
DA:72,0
DA:73,0
DA:75,0
DA:76,0
DA:77,0
DA:78,0
DA:79,0
DA:83,0
DA:84,0
DA:85,0
DA:86,0
DA:88,0
DA:89,0
DA:91,0
DA:94,0
DA:96,0
DA:100,71
DA:103,0
DA:104,0
DA:105,0
DA:106,0
DA:107,0
DA:108,0
DA:109,0
DA:110,0
DA:111,0
DA:113,0
DA:114,0
DA:118,71
DA:119,0
DA:120,0
DA:121,0
DA:123,0
DA:125,0
DA:126,0
DA:127,0
DA:131,0
DA:134,71
DA:135,0
DA:136,0
DA:137,0
DA:138,0
DA:140,0
DA:144,71
DA:145,1
DA:146,1
DA:147,1
DA:150,71
DA:169,98
DA:176,74
DA:186,84
DA:193,70
DA:201,70
DA:209,201
DA:217,70
DA:219,700
DA:224,0
DA:226,0
DA:227,0
DA:230,1050
DA:245,96
DA:255,70
DA:259,0
DA:273,70
DA:277,0
DA:295,70
DA:301,70
DA:322,0
LF:86
LH:29
BRDA:22,0,0,71
BRDA:55,1,0,0
BRDA:55,1,1,0
BRDA:56,2,0,0
BRDA:56,2,1,0
BRDA:63,3,0,0
BRDA:63,3,1,0
BRDA:66,4,0,0
BRDA:66,4,1,0
BRDA:66,5,0,0
BRDA:66,5,1,0
BRDA:67,6,0,0
BRDA:67,6,1,0
BRDA:76,7,0,0
BRDA:76,7,1,0
BRDA:78,8,0,0
BRDA:78,8,1,0
BRDA:78,9,0,0
BRDA:78,9,1,0
BRDA:78,9,2,0
BRDA:83,10,0,0
BRDA:83,10,1,0
BRDA:83,11,0,0
BRDA:83,11,1,0
BRDA:84,12,0,0
BRDA:84,12,1,0
BRDA:84,13,0,0
BRDA:84,13,1,0
BRDA:85,14,0,0
BRDA:85,14,1,0
BRDA:85,15,0,0
BRDA:85,15,1,0
BRDA:86,16,0,0
BRDA:86,16,1,0
BRDA:86,17,0,0
BRDA:86,17,1,0
BRDA:88,18,0,0
BRDA:88,18,1,0
BRDA:103,19,0,0
BRDA:103,19,1,0
BRDA:104,20,0,0
BRDA:104,20,1,0
BRDA:104,21,0,0
BRDA:104,21,1,0
BRDA:105,22,0,0
BRDA:105,22,1,0
BRDA:105,23,0,0
BRDA:105,23,1,0
BRDA:106,24,0,0
BRDA:106,24,1,0
BRDA:106,25,0,0
BRDA:106,25,1,0
BRDA:107,26,0,0
BRDA:107,26,1,0
BRDA:107,27,0,0
BRDA:107,27,1,0
BRDA:111,28,0,0
BRDA:111,28,1,0
BRDA:113,29,0,0
BRDA:113,29,1,0
BRDA:113,30,0,0
BRDA:113,30,1,0
BRDA:113,30,2,0
BRDA:114,31,0,0
BRDA:114,31,1,0
BRDA:114,32,0,0
BRDA:114,32,1,0
BRDA:123,33,0,0
BRDA:123,33,1,0
BRDA:126,34,0,0
BRDA:126,34,1,0
BRDA:140,35,0,0
BRDA:140,35,1,0
BRDA:154,36,0,71
BRDA:154,36,1,2
BRDA:159,37,0,71
BRDA:159,37,1,0
BRDA:169,38,0,1
BRDA:169,38,1,97
BRDA:171,39,0,71
BRDA:171,39,1,1
BRDA:176,40,0,1
BRDA:176,40,1,73
BRDA:178,41,0,71
BRDA:178,41,1,1
BRDA:186,42,0,1
BRDA:186,42,1,83
BRDA:188,43,0,71
BRDA:188,43,1,1
BRDA:203,44,0,71
BRDA:203,44,1,3
BRDA:209,45,0,1
BRDA:209,45,1,200
BRDA:211,46,0,71
BRDA:211,46,1,1
BRDA:224,47,0,0
BRDA:224,47,1,0
BRDA:235,48,0,71
BRDA:235,48,1,3
BRDA:245,49,0,2
BRDA:245,49,1,94
BRDA:247,50,0,71
BRDA:247,50,1,2
BRDA:255,51,0,2
BRDA:255,51,1,68
BRDA:260,52,0,71
BRDA:260,52,1,50
BRDA:263,53,0,0
BRDA:263,53,1,71
BRDA:266,54,0,71
BRDA:266,54,1,2
BRDA:273,55,0,2
BRDA:273,55,1,68
BRDA:278,56,0,71
BRDA:278,56,1,0
BRDA:281,57,0,0
BRDA:281,57,1,71
BRDA:284,58,0,71
BRDA:284,58,1,2
BRDA:311,59,0,71
BRDA:311,59,1,68
BRDA:314,60,0,3
BRDA:314,60,1,68
BRDA:323,61,0,71
BRDA:323,61,1,71
BRF:125
BRH:47
end_of_record
TN:
SF:src/components/modals/AddProjectModal.tsx
FN:32,(anonymous_0)
FN:33,(anonymous_1)
FN:34,(anonymous_2)
FN:35,(anonymous_3)
FN:57,(anonymous_4)
FN:61,(anonymous_5)
FN:69,(anonymous_6)
FN:74,(anonymous_7)
FN:79,(anonymous_8)
FN:85,(anonymous_9)
FN:116,(anonymous_10)
FN:137,(anonymous_11)
FN:151,(anonymous_12)
FN:153,(anonymous_13)
FN:167,(anonymous_14)
FN:180,(anonymous_15)
FN:201,(anonymous_16)
FN:217,(anonymous_17)
FN:227,(anonymous_18)
FNF:19
FNH:19
FNDA:76,(anonymous_0)
FNDA:118,(anonymous_1)
FNDA:118,(anonymous_2)
FNDA:118,(anonymous_3)
FNDA:13,(anonymous_4)
FNDA:13,(anonymous_5)
FNDA:3,(anonymous_6)
FNDA:1,(anonymous_7)
FNDA:2,(anonymous_8)
FNDA:7,(anonymous_9)
FNDA:183,(anonymous_10)
FNDA:77,(anonymous_11)
FNDA:75,(anonymous_12)
FNDA:750,(anonymous_13)
FNDA:72,(anonymous_14)
FNDA:69,(anonymous_15)
FNDA:641,(anonymous_16)
FNDA:128,(anonymous_17)
FNDA:152,(anonymous_18)
DA:10,3
DA:23,3
DA:32,3
DA:33,118
DA:34,118
DA:35,118
DA:36,76
DA:43,76
DA:57,76
DA:58,13
DA:61,76
DA:62,13
DA:63,0
DA:67,76
DA:69,76
DA:70,3
DA:71,3
DA:74,76
DA:75,1
DA:76,1
DA:79,76
DA:80,2
DA:81,2
DA:82,2
DA:85,76
DA:86,7
DA:87,7
DA:88,7
DA:89,6
DA:90,6
DA:92,1
DA:96,76
DA:117,183
DA:138,77
DA:152,75
DA:154,750
DA:168,72
DA:181,69
DA:202,641
DA:218,128
DA:228,152
LF:41
LH:40
BRDA:32,0,0,76
BRDA:50,1,0,76
BRDA:50,1,1,6
BRDA:58,2,0,0
BRDA:58,2,1,13
BRDA:62,3,0,0
BRDA:62,3,1,13
BRDA:62,4,0,13
BRDA:62,4,1,2
BRDA:88,5,0,7
BRDA:88,5,1,7
BRDA:92,6,0,1
BRDA:92,6,1,0
BRDA:100,7,0,76
BRDA:100,7,1,2
BRDA:105,8,0,76
BRDA:105,8,1,2
BRDA:121,9,0,14
BRDA:121,9,1,169
BRDA:127,10,0,76
BRDA:127,10,1,5
BRDA:172,11,0,0
BRDA:172,11,1,72
BRDA:177,12,0,3
BRDA:177,12,1,69
BRDA:192,13,0,76
BRDA:192,13,1,0
BRDA:203,14,0,68
BRDA:203,14,1,573
BRDA:207,15,0,76
BRDA:207,15,1,8
BRDA:231,16,0,76
BRDA:231,16,1,3
BRDA:246,17,0,21
BRDA:246,17,1,55
BRDA:248,18,0,21
BRDA:248,18,1,55
BRDA:258,19,0,76
BRDA:258,19,1,8
BRDA:268,20,0,76
BRDA:268,20,1,54
BRDA:268,20,2,52
BRDA:272,21,0,22
BRDA:272,21,1,54
BRF:44
BRH:39
end_of_record
TN:
SF:src/components/modals/ImportConflictDialog.tsx
FN:18,(anonymous_0)
FN:19,(anonymous_1)
FN:19,(anonymous_2)
FN:22,(anonymous_3)
FN:23,(anonymous_4)
FN:31,(anonymous_5)
FN:33,(anonymous_6)
FN:36,(anonymous_7)
FN:59,(anonymous_8)
FN:67,(anonymous_9)
FNF:10
FNH:9
FNDA:82,(anonymous_0)
FNDA:18,(anonymous_1)
FNDA:30,(anonymous_2)
FNDA:1,(anonymous_3)
FNDA:1,(anonymous_4)
FNDA:1,(anonymous_5)
FNDA:0,(anonymous_6)
FNDA:2,(anonymous_7)
FNDA:33,(anonymous_8)
FNDA:1,(anonymous_9)
DA:18,2
DA:19,82
DA:20,82
DA:22,82
DA:23,1
DA:24,1
DA:25,1
DA:26,0
DA:27,1
DA:31,82
DA:32,1
DA:33,0
DA:36,82
DA:37,2
DA:40,82
DA:42,11
DA:60,33
DA:67,1
LF:18
LH:16
BRDA:25,0,0,1
BRDA:25,0,1,0
BRDA:32,1,0,1
BRDA:32,1,1,0
BRDA:40,2,0,71
BRDA:40,2,1,11
BRDA:54,3,0,9
BRDA:54,3,1,2
BRDA:93,4,0,11
BRDA:93,4,1,0
BRF:10
BRH:7
end_of_record
TN:
SF:src/components/modals/VolunteerModal.tsx
FN:19,(anonymous_0)
FN:41,(anonymous_1)
FN:75,(anonymous_2)
FN:92,(anonymous_3)
FN:110,(anonymous_4)
FN:127,(anonymous_5)
FN:148,(anonymous_6)
FN:158,(anonymous_7)
FN:168,(anonymous_8)
FN:186,(anonymous_9)
FN:188,(anonymous_10)
FN:193,(anonymous_11)
FN:196,(anonymous_12)
FN:214,(anonymous_13)
FN:229,(anonymous_14)
FN:234,(anonymous_15)
FNF:16
FNH:15
FNDA:31,(anonymous_0)
FNDA:4,(anonymous_1)
FNDA:86,(anonymous_2)
FNDA:121,(anonymous_3)
FNDA:61,(anonymous_4)
FNDA:66,(anonymous_5)
FNDA:31,(anonymous_6)
FNDA:31,(anonymous_7)
FNDA:37,(anonymous_8)
FNDA:36,(anonymous_9)
FNDA:360,(anonymous_10)
FNDA:5,(anonymous_11)
FNDA:0,(anonymous_12)
FNDA:31,(anonymous_13)
FNDA:35,(anonymous_14)
FNDA:4,(anonymous_15)
DA:17,2
DA:19,2
DA:20,31
DA:24,31
DA:41,31
DA:42,4
DA:43,4
DA:44,4
DA:45,2
DA:47,2
DA:51,31
DA:76,86
DA:93,121
DA:111,61
DA:128,66
DA:149,31
DA:159,31
DA:169,37
DA:187,36
DA:189,360
DA:194,5
DA:196,0
DA:197,5
DA:215,31
DA:230,35
DA:234,4
LF:26
LH:25
BRDA:19,0,0,31
BRDA:47,1,0,2
BRDA:47,1,1,0
BRDA:58,2,0,31
BRDA:58,2,1,2
BRDA:63,3,0,31
BRDA:63,3,1,4
BRDA:79,4,0,0
BRDA:79,4,1,86
BRDA:84,5,0,31
BRDA:84,5,1,0
BRDA:97,6,0,0
BRDA:97,6,1,121
BRDA:102,7,0,31
BRDA:102,7,1,0
BRDA:114,8,0,0
BRDA:114,8,1,61
BRDA:119,9,0,31
BRDA:119,9,1,0
BRDA:131,10,0,0
BRDA:131,10,1,66
BRDA:136,11,0,31
BRDA:136,11,1,0
BRDA:174,12,0,31
BRDA:174,12,1,31
BRDA:174,12,2,31
BRDA:174,12,3,0
BRDA:176,13,0,0
BRDA:176,13,1,0
BRDA:176,13,2,0
BRDA:194,14,0,5
BRDA:194,14,1,0
BRDA:206,15,0,31
BRDA:206,15,1,0
BRDA:243,16,0,31
BRDA:243,16,1,1
BRDA:249,17,0,31
BRDA:249,17,1,18
BRDA:252,18,0,13
BRDA:252,18,1,18
BRF:40
BRH:25
end_of_record
TN:
SF:src/components/ui/AnimatedCounter.tsx
FN:8,(anonymous_0)
FN:12,(anonymous_1)
FN:14,(anonymous_2)
FN:22,(anonymous_3)
FNF:4
FNH:4
FNDA:9,(anonymous_0)
FNDA:3,(anonymous_1)
FNDA:8,(anonymous_2)
FNDA:3,(anonymous_3)
DA:8,1
DA:9,9
DA:10,9
DA:12,9
DA:13,3
DA:14,3
DA:15,8
DA:16,8
DA:17,8
DA:18,8
DA:19,8
DA:21,3
DA:22,3
DA:25,9
LF:14
LH:14
BRDA:8,0,0,9
BRDA:15,1,0,2
BRDA:15,1,1,6
BRDA:19,2,0,6
BRDA:19,2,1,2
BRDA:22,3,0,3
BRDA:22,3,1,0
BRF:7
BRH:6
end_of_record
TN:
SF:src/components/ui/SkeletonCard.tsx
FN:1,(anonymous_0)
FNF:1
FNH:1
FNDA:50,(anonymous_0)
DA:1,3
DA:2,50
LF:2
LH:2
BRDA:1,0,0,50
BRDA:7,1,0,49
BRDA:7,1,1,1
BRF:3
BRH:3
end_of_record
TN:
SF:src/components/ui/ThemeToggle.tsx
FN:4,(anonymous_0)
FN:10,(anonymous_1)
FN:17,(anonymous_2)
FN:24,(anonymous_3)
FNF:4
FNH:1
FNDA:64,(anonymous_0)
FNDA:0,(anonymous_1)
FNDA:0,(anonymous_2)
FNDA:0,(anonymous_3)
DA:4,3
DA:5,64
DA:7,64
DA:10,0
DA:17,0
DA:24,0
LF:6
LH:3
BRDA:11,0,0,64
BRDA:11,0,1,0
BRDA:18,1,0,0
BRDA:18,1,1,64
BRDA:25,2,0,0
BRDA:25,2,1,64
BRF:6
BRH:3
end_of_record
TN:
SF:src/hooks/useApplyAccessibility.ts
FN:5,(anonymous_0)
FN:11,(anonymous_1)
FN:22,(anonymous_2)
FN:23,(anonymous_3)
FN:25,(anonymous_4)
FN:32,(anonymous_5)
FNF:6
FNH:6
FNDA:80,(anonymous_0)
FNDA:15,(anonymous_1)
FNDA:22,(anonymous_2)
FNDA:15,(anonymous_3)
FNDA:15,(anonymous_4)
FNDA:15,(anonymous_5)
DA:5,3
DA:6,80
DA:8,80
DA:9,80
DA:11,80
DA:12,15
DA:13,15
DA:14,7
DA:16,15
DA:17,15
DA:18,7
DA:22,80
DA:23,80
DA:25,80
DA:26,15
DA:27,15
DA:28,15
DA:29,15
DA:32,80
DA:33,15
DA:34,15
DA:35,15
DA:36,15
DA:37,15
DA:40,80
LF:25
LH:25
BRDA:6,0,0,80
BRDA:13,1,0,7
BRDA:13,1,1,8
BRDA:17,2,0,7
BRDA:17,2,1,8
BRDA:17,3,0,15
BRDA:17,3,1,7
BRF:7
BRH:7
end_of_record
TN:
SF:src/hooks/useCardFlip.ts
FN:9,(anonymous_0)
FN:14,(anonymous_1)
FN:21,(anonymous_2)
FN:24,(anonymous_3)
FN:33,(anonymous_4)
FN:39,(anonymous_5)
FN:40,(anonymous_6)
FNF:7
FNH:7
FNDA:31,(anonymous_0)
FNDA:21,(anonymous_1)
FNDA:5,(anonymous_2)
FNDA:5,(anonymous_3)
FNDA:2,(anonymous_4)
FNDA:16,(anonymous_5)
FNDA:16,(anonymous_6)
DA:9,4
DA:10,31
DA:11,31
DA:12,31
DA:14,31
DA:15,21
DA:16,3
DA:17,3
DA:21,31
DA:22,5
DA:24,5
DA:25,5
DA:26,5
DA:27,5
DA:30,5
DA:32,5
DA:33,5
DA:34,2
DA:35,2
DA:39,31
DA:40,16
DA:43,31
LF:22
LH:22
BRDA:9,0,0,31
BRDA:9,1,0,31
BRDA:15,2,0,3
BRDA:15,2,1,18
BRDA:22,3,0,0
BRDA:22,3,1,5
BRF:6
BRH:5
end_of_record
TN:
SF:src/hooks/useCardShare.ts
FN:6,(anonymous_0)
FN:28,(anonymous_1)
FN:47,(anonymous_2)
FN:48,(anonymous_3)
FN:50,(anonymous_4)
FNF:5
FNH:5
FNDA:3,(anonymous_0)
FNDA:9,(anonymous_1)
FNDA:49,(anonymous_2)
FNDA:44,(anonymous_3)
FNDA:9,(anonymous_4)
DA:6,5
DA:7,3
DA:9,1
DA:10,1
DA:11,1
DA:12,1
DA:13,1
DA:14,1
DA:15,1
DA:16,1
DA:17,1
DA:19,1
DA:20,1
DA:22,0
DA:24,1
DA:28,5
DA:29,9
DA:30,9
DA:31,0
DA:34,9
DA:35,6
DA:37,3
DA:47,5
DA:48,49
DA:50,49
DA:51,9
DA:52,9
DA:55,49
LF:28
LH:26
BRDA:7,0,0,2
BRDA:7,0,1,1
BRDA:30,1,0,0
BRDA:30,1,1,9
BRF:4
BRH:3
end_of_record
TN:
SF:src/hooks/useDebounce.ts
FN:3,(anonymous_0)
FN:6,(anonymous_1)
FN:7,(anonymous_2)
FN:8,(anonymous_3)
FNF:4
FNH:4
FNDA:155,(anonymous_0)
FNDA:37,(anonymous_1)
FNDA:17,(anonymous_2)
FNDA:37,(anonymous_3)
DA:3,5
DA:4,155
DA:6,155
DA:7,37
DA:8,37
DA:11,155
LF:6
LH:6
BRDA:3,0,0,155
BRF:1
BRH:1
end_of_record
TN:
SF:src/hooks/useExpertFilters.ts
FN:6,(anonymous_0)
FN:7,(anonymous_1)
FN:8,(anonymous_2)
FN:11,(anonymous_3)
FN:12,(anonymous_4)
FN:13,(anonymous_5)
FNF:6
FNH:6
FNDA:83,(anonymous_0)
FNDA:252,(anonymous_1)
FNDA:252,(anonymous_2)
FNDA:32,(anonymous_3)
FNDA:27,(anonymous_4)
FNDA:5,(anonymous_5)
DA:6,3
DA:7,252
DA:8,252
DA:9,83
DA:11,83
DA:12,32
DA:13,27
DA:14,2
DA:16,25
DA:17,1
DA:19,24
DA:23,83
LF:12
LH:12
BRDA:9,0,0,83
BRDA:9,0,1,8
BRDA:13,1,0,2
BRDA:13,1,1,25
BRDA:13,2,0,27
BRDA:13,2,1,4
BRDA:16,3,0,1
BRDA:16,3,1,24
BRDA:16,4,0,25
BRDA:16,4,1,25
BRDA:16,4,2,3
BRF:11
BRH:11
end_of_record
TN:
SF:src/hooks/useLocalStorage.ts
FN:3,useLocalStorage
FN:4,(anonymous_1)
FN:13,(anonymous_2)
FN:23,(anonymous_3)
FN:24,(anonymous_4)
FN:30,(anonymous_5)
FNF:6
FNH:6
FNDA:157,useLocalStorage
FNDA:24,(anonymous_1)
FNDA:27,(anonymous_2)
FNDA:24,(anonymous_3)
FNDA:1,(anonymous_4)
FNDA:24,(anonymous_5)
DA:4,157
DA:5,24
DA:6,24
DA:7,24
DA:9,1
DA:13,157
DA:14,27
DA:15,27
DA:16,27
DA:17,27
DA:19,0
DA:23,157
DA:24,24
DA:25,1
DA:26,1
DA:29,24
DA:30,24
DA:33,157
LF:18
LH:17
BRDA:7,0,0,16
BRDA:7,0,1,8
BRDA:15,1,0,1
BRDA:15,1,1,26
BRDA:25,2,0,1
BRDA:25,2,1,0
BRDA:25,3,0,1
BRDA:25,3,1,1
BRF:8
BRH:7
end_of_record
TN:
SF:src/hooks/useModal.ts
FN:3,(anonymous_0)
FN:5,(anonymous_1)
FN:6,(anonymous_2)
FNF:3
FNH:3
FNDA:228,(anonymous_0)
FNDA:6,(anonymous_1)
FNDA:9,(anonymous_2)
DA:3,3
DA:4,228
DA:5,228
DA:6,228
DA:7,228
LF:5
LH:5
BRDA:3,0,0,228
BRF:1
BRH:1
end_of_record
TN:
SF:src/hooks/useOnlineStatus.ts
FN:4,(anonymous_0)
FN:6,(anonymous_1)
FN:8,(anonymous_2)
FN:9,(anonymous_3)
FN:12,(anonymous_4)
FNF:5
FNH:5
FNDA:3,(anonymous_0)
FNDA:12,(anonymous_1)
FNDA:1,(anonymous_2)
FNDA:2,(anonymous_3)
FNDA:1,(anonymous_4)
DA:4,1
DA:5,3
DA:6,12
DA:8,3
DA:9,2
DA:10,1
DA:11,1
DA:12,1
DA:15,3
LF:9
LH:9
BRF:0
BRH:0
end_of_record
TN:
SF:src/hooks/usePolygonLayer.ts
FN:15,(anonymous_0)
FN:16,(anonymous_1)
FN:17,(anonymous_2)
FN:20,(anonymous_3)
FN:23,(anonymous_4)
FNF:5
FNH:5
FNDA:5,(anonymous_0)
FNDA:5,(anonymous_1)
FNDA:5,(anonymous_2)
FNDA:5,(anonymous_3)
FNDA:4,(anonymous_4)
DA:15,1
DA:16,5
DA:17,5
DA:18,5
DA:20,5
DA:21,5
DA:23,4
DA:24,4
DA:26,3
DA:28,3
DA:32,5
LF:11
LH:11
BRDA:18,0,0,5
BRDA:18,0,1,4
BRDA:21,1,0,1
BRDA:21,1,1,4
BRDA:24,2,0,1
BRDA:24,2,1,3
BRDA:28,3,0,3
BRDA:28,3,1,0
BRF:8
BRH:7
end_of_record
TN:
SF:src/hooks/useProjectFilters.ts
FN:7,(anonymous_0)
FN:8,(anonymous_1)
FN:10,(anonymous_2)
FN:11,(anonymous_3)
FN:21,(anonymous_4)
FNF:5
FNH:5
FNDA:101,(anonymous_0)
FNDA:276,(anonymous_1)
FNDA:50,(anonymous_2)
FNDA:60,(anonymous_3)
FNDA:24,(anonymous_4)
DA:7,6
DA:8,276
DA:10,101
DA:11,50
DA:12,60
DA:13,60
DA:14,60
DA:15,60
DA:16,60
DA:18,60
DA:21,50
DA:22,24
DA:23,24
DA:24,24
DA:25,24
DA:28,50
DA:31,101
LF:17
LH:17
BRDA:12,0,0,60
BRDA:12,0,1,4
BRDA:13,1,0,60
BRDA:13,1,1,57
BRDA:15,2,0,60
BRDA:15,2,1,3
BRDA:15,2,2,2
BRDA:16,3,0,60
BRDA:16,3,1,0
BRDA:18,4,0,60
BRDA:18,4,1,59
BRDA:18,4,2,58
BRDA:22,5,0,24
BRDA:22,5,1,4
BRDA:23,6,0,24
BRDA:23,6,1,4
BRDA:25,7,0,20
BRDA:25,7,1,4
BRF:18
BRH:17
end_of_record
TN:
SF:src/hooks/useProjectSubmission.ts
FN:10,(anonymous_0)
FN:15,(anonymous_1)
FN:20,(anonymous_2)
FN:21,(anonymous_3)
FN:22,(anonymous_4)
FN:23,(anonymous_5)
FN:25,(anonymous_6)
FN:31,(anonymous_7)
FNF:8
FNH:7
FNDA:4,(anonymous_0)
FNDA:0,(anonymous_1)
FNDA:77,(anonymous_2)
FNDA:246,(anonymous_3)
FNDA:246,(anonymous_4)
FNDA:246,(anonymous_5)
FNDA:6,(anonymous_6)
FNDA:5,(anonymous_7)
DA:10,3
DA:11,4
DA:12,4
DA:15,0
DA:16,0
DA:17,0
DA:20,3
DA:21,246
DA:22,246
DA:23,246
DA:25,77
DA:26,6
DA:27,1
DA:30,5
DA:31,5
DA:32,5
DA:33,1
DA:36,4
DA:49,4
DA:50,4
DA:51,3
DA:53,1
DA:56,4
DA:59,77
LF:24
LH:21
BRDA:11,0,0,4
BRDA:11,0,1,0
BRDA:11,1,0,4
BRDA:11,1,1,0
BRDA:26,2,0,1
BRDA:26,2,1,5
BRDA:32,3,0,1
BRDA:32,3,1,4
BRF:8
BRH:6
end_of_record
TN:
SF:src/hooks/useRealtimeSync.ts
FN:5,(anonymous_0)
FN:8,(anonymous_1)
FN:13,(anonymous_2)
FN:18,(anonymous_3)
FN:21,(anonymous_4)
FN:25,(anonymous_5)
FN:30,(anonymous_6)
FN:31,(anonymous_7)
FN:32,(anonymous_8)
FN:35,(anonymous_9)
FNF:10
FNH:7
FNDA:74,(anonymous_0)
FNDA:9,(anonymous_1)
FNDA:9,(anonymous_2)
FNDA:0,(anonymous_3)
FNDA:9,(anonymous_4)
FNDA:9,(anonymous_5)
FNDA:9,(anonymous_6)
FNDA:0,(anonymous_7)
FNDA:0,(anonymous_8)
FNDA:9,(anonymous_9)
DA:5,2
DA:6,74
DA:8,74
DA:9,9
DA:10,9
DA:12,9
DA:14,9
DA:15,9
DA:16,9
DA:19,0
DA:22,9
DA:25,9
DA:26,9
DA:30,74
DA:31,9
DA:32,9
DA:33,9
DA:34,9
DA:35,9
DA:36,9
DA:37,9
LF:21
LH:20
BRDA:14,0,0,0
BRDA:14,0,1,9
BRDA:19,1,0,0
BRDA:19,1,1,0
BRDA:22,2,0,9
BRDA:22,2,1,0
BRF:6
BRH:2
end_of_record
TN:
SF:src/hooks/useUrlSync.ts
FN:13,(anonymous_0)
FN:14,(anonymous_1)
FN:17,(anonymous_2)
FN:19,(anonymous_3)
FN:22,(anonymous_4)
FN:31,(anonymous_5)
FN:37,(anonymous_6)
FN:44,(anonymous_7)
FN:57,(anonymous_8)
FN:62,(anonymous_9)
FN:63,(anonymous_10)
FN:64,(anonymous_11)
FN:65,(anonymous_12)
FN:66,(anonymous_13)
FN:67,(anonymous_14)
FN:68,(anonymous_15)
FN:69,(anonymous_16)
FN:70,(anonymous_17)
FN:71,(anonymous_18)
FN:72,(anonymous_19)
FN:74,(anonymous_20)
FN:79,(anonymous_21)
FN:88,(anonymous_22)
FN:93,(anonymous_23)
FN:114,(anonymous_24)
FN:120,(anonymous_25)
FN:123,(anonymous_26)
FN:139,(anonymous_27)
FN:144,(anonymous_28)
FNF:29
FNH:28
FNDA:18,(anonymous_0)
FNDA:18,(anonymous_1)
FNDA:18,(anonymous_2)
FNDA:18,(anonymous_3)
FNDA:55,(anonymous_4)
FNDA:11,(anonymous_5)
FNDA:26,(anonymous_6)
FNDA:18,(anonymous_7)
FNDA:89,(anonymous_8)
FNDA:312,(anonymous_9)
FNDA:312,(anonymous_10)
FNDA:312,(anonymous_11)
FNDA:312,(anonymous_12)
FNDA:312,(anonymous_13)
FNDA:312,(anonymous_14)
FNDA:312,(anonymous_15)
FNDA:312,(anonymous_16)
FNDA:312,(anonymous_17)
FNDA:312,(anonymous_18)
FNDA:312,(anonymous_19)
FNDA:11,(anonymous_20)
FNDA:4,(anonymous_21)
FNDA:1,(anonymous_22)
FNDA:18,(anonymous_23)
FNDA:7,(anonymous_24)
FNDA:26,(anonymous_25)
FNDA:11,(anonymous_26)
FNDA:26,(anonymous_27)
FNDA:0,(anonymous_28)
DA:5,3
DA:6,3
DA:7,3
DA:8,3
DA:9,3
DA:10,3
DA:11,3
DA:13,18
DA:14,3
DA:15,18
DA:17,3
DA:18,18
DA:19,3
DA:20,18
DA:22,3
DA:23,55
DA:24,7
DA:25,7
DA:28,48
DA:31,3
DA:32,11
DA:33,11
DA:34,11
DA:37,3
DA:38,26
DA:39,26
DA:40,24
DA:41,20
DA:44,3
DA:45,18
DA:46,18
DA:47,18
DA:48,18
DA:49,18
DA:50,18
DA:54,18
DA:57,3
DA:58,89
DA:59,89
DA:60,89
DA:61,89
DA:62,312
DA:63,312
DA:64,312
DA:65,312
DA:66,312
DA:67,312
DA:68,312
DA:69,312
DA:70,312
DA:71,312
DA:72,312
DA:74,89
DA:75,11
DA:77,11
DA:78,5
DA:79,5
DA:80,4
DA:82,5
DA:85,6
DA:86,6
DA:88,6
DA:89,1
DA:93,89
DA:94,18
DA:95,18
DA:96,18
DA:97,18
DA:98,18
DA:99,18
DA:100,18
DA:102,18
DA:103,18
DA:104,18
DA:105,18
DA:106,18
DA:107,18
DA:109,18
DA:110,18
DA:112,7
DA:114,7
DA:115,7
DA:116,7
DA:120,89
DA:121,26
DA:123,26
DA:124,11
DA:125,11
DA:131,11
DA:132,11
DA:133,11
DA:134,11
DA:135,11
DA:136,11
DA:139,26
DA:140,26
DA:144,89
DA:145,0
DA:146,0
DA:147,0
DA:150,89
LF:101
LH:98
BRDA:13,0,0,18
BRDA:13,0,1,16
BRDA:15,1,0,18
BRDA:15,1,1,2
BRDA:18,2,0,18
BRDA:18,2,1,5
BRDA:20,3,0,18
BRDA:20,3,1,5
BRDA:23,4,0,7
BRDA:23,4,1,48
BRDA:23,5,0,55
BRDA:23,5,1,45
BRDA:33,6,0,3
BRDA:33,6,1,8
BRDA:39,7,0,2
BRDA:39,7,1,24
BRDA:40,8,0,4
BRDA:40,8,1,20
BRDA:47,9,0,5
BRDA:47,9,1,13
BRDA:48,10,0,18
BRDA:48,10,1,12
BRDA:48,11,0,1
BRDA:48,11,1,11
BRDA:49,12,0,18
BRDA:49,12,1,12
BRDA:49,13,0,1
BRDA:49,13,1,11
BRDA:49,14,0,12
BRDA:49,14,1,1
BRDA:50,15,0,5
BRDA:50,15,1,13
BRDA:52,16,0,2
BRDA:52,16,1,11
BRDA:54,17,0,7
BRDA:54,17,1,11
BRDA:74,18,0,11
BRDA:77,19,0,5
BRDA:77,19,1,6
BRDA:78,20,0,0
BRDA:78,20,1,5
BRDA:102,21,0,5
BRDA:102,21,1,13
BRDA:103,22,0,2
BRDA:103,22,1,16
BRDA:104,23,0,2
BRDA:104,23,1,16
BRDA:105,24,0,2
BRDA:105,24,1,16
BRDA:106,25,0,2
BRDA:106,25,1,16
BRDA:107,26,0,7
BRDA:107,26,1,11
BRDA:110,27,0,11
BRDA:110,27,1,7
BRDA:115,28,0,2
BRDA:115,28,1,5
BRDA:116,29,0,6
BRDA:116,29,1,1
BRDA:121,30,0,0
BRDA:121,30,1,26
BRDA:126,31,0,11
BRDA:126,31,1,9
BRDA:126,31,2,8
BRDA:126,31,3,8
BRDA:131,32,0,3
BRDA:131,32,1,8
BRDA:140,33,0,26
BRDA:140,33,1,0
BRDA:146,34,0,0
BRDA:146,34,1,0
BRF:71
BRH:66
end_of_record
TN:
SF:src/hooks/useVolunteerSubscription.ts
FN:7,(anonymous_0)
FN:8,(anonymous_1)
FN:10,(anonymous_2)
FNF:3
FNH:3
FNDA:74,(anonymous_0)
FNDA:243,(anonymous_1)
FNDA:2,(anonymous_2)
DA:7,2
DA:8,243
DA:10,74
DA:11,2
DA:12,0
DA:15,2
DA:16,2
DA:17,1
DA:19,1
DA:20,1
DA:24,74
LF:11
LH:10
BRDA:11,0,0,0
BRDA:11,0,1,2
BRF:2
BRH:1
end_of_record
TN:
SF:src/lib/supabase.ts
FN:13,(anonymous_0)
FNF:1
FNH:1
FNDA:1,(anonymous_0)
DA:4,3
DA:5,3
DA:7,3
DA:9,3
DA:13,3
DA:14,1
DA:15,1
DA:18,0
DA:21,3
DA:22,3
LF:10
LH:9
BRDA:7,0,0,3
BRDA:7,0,1,2
BRDA:9,1,0,2
BRDA:9,1,1,1
BRDA:14,2,0,1
BRDA:14,2,1,0
BRF:6
BRH:5
end_of_record
TN:
SF:src/services/apiService.ts
FN:17,(anonymous_0)
FN:21,(anonymous_1)
FN:29,(anonymous_2)
FN:38,(anonymous_3)
FN:45,(anonymous_4)
FN:51,(anonymous_5)
FN:87,(anonymous_6)
FN:110,(anonymous_7)
FN:119,(anonymous_8)
FN:128,(anonymous_9)
FN:159,(anonymous_10)
FN:188,(anonymous_11)
FN:210,(anonymous_12)
FN:211,(anonymous_13)
FN:212,(anonymous_14)
FN:226,(anonymous_15)
FN:227,(anonymous_16)
FNF:17
FNH:16
FNDA:39,(anonymous_0)
FNDA:6,(anonymous_1)
FNDA:4,(anonymous_2)
FNDA:2,(anonymous_3)
FNDA:2,(anonymous_4)
FNDA:2,(anonymous_5)
FNDA:1,(anonymous_6)
FNDA:2,(anonymous_7)
FNDA:1,(anonymous_8)
FNDA:2,(anonymous_9)
FNDA:0,(anonymous_10)
FNDA:1,(anonymous_11)
FNDA:2,(anonymous_12)
FNDA:2,(anonymous_13)
FNDA:2,(anonymous_14)
FNDA:4,(anonymous_15)
FNDA:3,(anonymous_16)
DA:17,3
DA:18,39
DA:21,3
DA:22,6
DA:23,6
DA:24,1
DA:26,5
DA:29,3
DA:30,4
DA:31,0
DA:32,0
DA:33,0
DA:35,0
DA:38,3
DA:39,2
DA:40,0
DA:41,2
DA:42,2
DA:45,3
DA:46,2
DA:47,2
DA:48,2
DA:51,3
DA:52,2
DA:53,2
DA:54,2
DA:55,2
DA:56,2
DA:57,2
DA:58,2
DA:60,2
DA:87,3
DA:109,3
DA:111,2
DA:115,2
DA:116,2
DA:120,1
DA:124,1
DA:125,1
DA:129,2
DA:130,2
DA:131,2
DA:132,2
DA:150,2
DA:155,1
DA:156,1
DA:160,0
DA:179,0
DA:184,0
DA:185,0
DA:189,1
DA:190,1
DA:202,1
DA:207,1
DA:209,1
DA:210,2
DA:211,2
DA:212,2
DA:214,1
DA:215,0
DA:218,1
DA:221,1
DA:223,1
DA:226,4
DA:227,3
LF:65
LH:55
BRDA:18,0,0,18
BRDA:18,0,1,21
BRDA:18,1,0,39
BRDA:18,1,1,18
BRDA:23,2,0,1
BRDA:23,2,1,5
BRDA:30,3,0,4
BRDA:30,3,1,0
BRDA:30,4,0,4
BRDA:30,4,1,4
BRDA:31,5,0,0
BRDA:31,5,1,0
BRDA:33,6,0,0
BRDA:33,6,1,0
BRDA:39,7,0,2
BRDA:39,7,1,0
BRDA:40,8,0,0
BRDA:40,8,1,0
BRDA:41,9,0,2
BRDA:41,9,1,0
BRDA:47,10,0,0
BRDA:47,10,1,2
BRDA:54,11,0,2
BRDA:54,11,1,0
BRDA:55,12,0,2
BRDA:55,12,1,0
BRDA:55,12,2,0
BRDA:63,13,0,2
BRDA:63,13,1,0
BRDA:67,14,0,2
BRDA:67,14,1,0
BRDA:67,14,2,0
BRDA:69,15,0,2
BRDA:69,15,1,2
BRDA:75,16,0,1
BRDA:75,16,1,1
BRDA:95,17,0,1
BRDA:95,17,1,0
BRDA:96,18,0,1
BRDA:96,18,1,0
BRDA:97,19,0,1
BRDA:97,19,1,1
BRDA:98,20,0,1
BRDA:98,20,1,1
BRDA:115,21,0,0
BRDA:115,21,1,2
BRDA:116,22,0,2
BRDA:116,22,1,0
BRDA:124,23,0,0
BRDA:124,23,1,1
BRDA:125,24,0,1
BRDA:125,24,1,0
BRDA:133,25,0,2
BRDA:133,25,1,0
BRDA:134,26,0,2
BRDA:134,26,1,0
BRDA:136,27,0,2
BRDA:136,27,1,0
BRDA:137,28,0,2
BRDA:137,28,1,0
BRDA:140,29,0,2
BRDA:140,29,1,1
BRDA:140,29,2,1
BRDA:141,30,0,2
BRDA:141,30,1,1
BRDA:142,31,0,2
BRDA:142,31,1,1
BRDA:143,32,0,2
BRDA:143,32,1,1
BRDA:145,33,0,2
BRDA:145,33,1,1
BRDA:146,34,0,2
BRDA:146,34,1,1
BRDA:147,35,0,2
BRDA:147,35,1,1
BRDA:155,36,0,0
BRDA:155,36,1,1
BRDA:161,37,0,0
BRDA:161,37,1,0
BRDA:162,38,0,0
BRDA:162,38,1,0
BRDA:163,39,0,0
BRDA:163,39,1,0
BRDA:164,40,0,0
BRDA:164,40,1,0
BRDA:165,41,0,0
BRDA:165,41,1,0
BRDA:166,42,0,0
BRDA:166,42,1,0
BRDA:167,43,0,0
BRDA:167,43,1,0
BRDA:168,44,0,0
BRDA:168,44,1,0
BRDA:169,45,0,0
BRDA:169,45,1,0
BRDA:170,46,0,0
BRDA:170,46,1,0
BRDA:171,47,0,0
BRDA:171,47,1,0
BRDA:172,48,0,0
BRDA:172,48,1,0
BRDA:173,49,0,0
BRDA:173,49,1,0
BRDA:174,50,0,0
BRDA:174,50,1,0
BRDA:175,51,0,0
BRDA:175,51,1,0
BRDA:176,52,0,0
BRDA:176,52,1,0
BRDA:184,53,0,0
BRDA:184,53,1,0
BRDA:197,54,0,1
BRDA:197,54,1,0
BRDA:207,55,0,0
BRDA:207,55,1,1
BRDA:214,56,0,0
BRDA:214,56,1,1
BRDA:221,57,0,0
BRDA:221,57,1,1
BRF:119
BRH:54
end_of_record
TN:
SF:src/services/importValidator.ts
FN:12,(anonymous_0)
FN:26,(anonymous_1)
FN:40,(anonymous_2)
FNF:3
FNH:3
FNDA:7,(anonymous_0)
FNDA:6,(anonymous_1)
FNDA:4,(anonymous_2)
DA:11,1
DA:13,7
DA:14,7
DA:15,3
DA:18,4
DA:19,4
DA:20,1
DA:23,3
DA:27,6
DA:28,6
DA:29,2
DA:32,4
DA:33,4
DA:34,1
DA:37,3
DA:41,4
DA:43,4
DA:44,2
DA:46,4
DA:47,2
DA:50,4
LF:21
LH:21
BRDA:14,0,0,3
BRDA:14,0,1,4
BRDA:19,1,0,1
BRDA:19,1,1,3
BRDA:28,2,0,2
BRDA:28,2,1,4
BRDA:33,3,0,1
BRDA:33,3,1,3
BRDA:43,4,0,2
BRDA:43,4,1,2
BRDA:46,5,0,2
BRDA:46,5,1,2
BRF:12
BRH:12
end_of_record
TN:
SF:src/services/loadAppData.ts
FN:11,(anonymous_0)
FN:13,(anonymous_1)
FN:25,(anonymous_2)
FN:38,(anonymous_3)
FN:40,(anonymous_4)
FN:40,(anonymous_5)
FN:41,(anonymous_6)
FN:41,(anonymous_7)
FNF:8
FNH:8
FNDA:8,(anonymous_0)
FNDA:24,(anonymous_1)
FNDA:24,(anonymous_2)
FNDA:12,(anonymous_3)
FNDA:12,(anonymous_4)
FNDA:9,(anonymous_5)
FNDA:12,(anonymous_6)
FNDA:9,(anonymous_7)
DA:11,8
DA:13,2
DA:17,24
DA:18,24
DA:19,8
DA:21,16
DA:25,2
DA:26,24
DA:27,24
DA:28,18
DA:29,18
DA:30,15
DA:32,3
DA:35,24
DA:38,2
DA:39,12
DA:40,12
DA:41,12
DA:44,12
LF:19
LH:19
BRDA:19,0,0,2
BRDA:19,0,1,6
BRDA:29,1,0,15
BRDA:29,1,1,3
BRF:4
BRH:4
end_of_record
TN:
SF:src/services/mockApi.ts
FN:20,(anonymous_0)
FN:25,(anonymous_1)
FN:39,(anonymous_2)
FN:42,(anonymous_3)
FN:45,(anonymous_4)
FN:50,(anonymous_5)
FN:53,(anonymous_6)
FN:59,(anonymous_7)
FN:74,(anonymous_8)
FN:134,(anonymous_9)
FN:142,(anonymous_10)
FN:142,(anonymous_11)
FN:145,(anonymous_12)
FN:145,(anonymous_13)
FN:146,(anonymous_14)
FN:146,(anonymous_15)
FN:147,(anonymous_16)
FN:147,(anonymous_17)
FN:148,(anonymous_18)
FN:148,(anonymous_19)
FNF:20
FNH:16
FNDA:80,(anonymous_0)
FNDA:48,(anonymous_1)
FNDA:48,(anonymous_2)
FNDA:48,(anonymous_3)
FNDA:168,(anonymous_4)
FNDA:168,(anonymous_5)
FNDA:168,(anonymous_6)
FNDA:4,(anonymous_7)
FNDA:48,(anonymous_8)
FNDA:168,(anonymous_9)
FNDA:14,(anonymous_10)
FNDA:14,(anonymous_11)
FNDA:6,(anonymous_12)
FNDA:72,(anonymous_13)
FNDA:0,(anonymous_14)
FNDA:0,(anonymous_15)
FNDA:8,(anonymous_16)
FNDA:336,(anonymous_17)
FNDA:0,(anonymous_18)
FNDA:0,(anonymous_19)
DA:6,4
DA:13,4
DA:20,4
DA:21,80
DA:22,64
DA:25,4
DA:26,48
DA:27,48
DA:28,24
DA:30,24
DA:31,8
DA:33,16
DA:34,8
DA:36,8
DA:39,4
DA:40,48
DA:42,4
DA:43,48
DA:45,4
DA:46,168
DA:47,168
DA:50,4
DA:51,168
DA:53,4
DA:54,168
DA:55,168
DA:56,168
DA:59,4
DA:60,4
DA:74,4
DA:75,48
DA:76,48
DA:77,48
DA:89,4
DA:134,168
DA:142,14
DA:144,4
DA:145,72
DA:146,0
DA:147,336
DA:148,0
LF:41
LH:39
BRDA:21,0,0,16
BRDA:21,0,1,64
BRDA:22,1,0,64
BRDA:22,1,1,0
BRDA:27,2,0,24
BRDA:27,2,1,24
BRDA:30,3,0,8
BRDA:30,3,1,16
BRDA:33,4,0,8
BRDA:33,4,1,8
BRDA:36,5,0,8
BRDA:36,5,1,0
BRDA:40,6,0,48
BRDA:40,6,1,4
BRDA:43,7,0,48
BRDA:43,7,1,4
BRDA:46,8,0,168
BRDA:46,9,0,168
BRDA:75,10,0,48
BRDA:75,10,1,0
BRDA:79,11,0,8
BRDA:79,11,1,40
BRDA:79,12,0,8
BRDA:79,12,1,0
BRDA:136,13,0,168
BRDA:136,13,1,168
BRDA:137,14,0,168
BRDA:137,14,1,168
BRDA:146,15,0,0
BRDA:146,15,1,0
BRDA:148,16,0,0
BRDA:148,16,1,0
BRF:32
BRH:24
end_of_record
TN:
SF:src/services/orcidService.ts
FN:24,(anonymous_0)
FN:35,(anonymous_1)
FN:39,(anonymous_2)
FN:52,(anonymous_3)
FNF:4
FNH:4
FNDA:8,(anonymous_0)
FNDA:3,(anonymous_1)
FNDA:4,(anonymous_2)
FNDA:2,(anonymous_3)
DA:3,1
DA:21,1
DA:23,1
DA:25,8
DA:26,8
DA:27,8
DA:28,3
DA:29,3
DA:31,3
DA:36,3
DA:40,4
DA:41,4
DA:45,3
DA:47,2
DA:48,2
DA:52,2
DA:56,1
LF:17
LH:17
BRDA:27,0,0,2
BRDA:27,0,1,6
BRDA:29,1,0,3
BRDA:29,1,1,0
BRDA:45,2,0,1
BRDA:45,2,1,2
BRF:6
BRH:5
end_of_record
TN:
SF:src/services/serpapiService.ts
FN:23,(anonymous_0)
FN:34,(anonymous_1)
FN:38,(anonymous_2)
FN:42,(anonymous_3)
FNF:4
FNH:4
FNDA:9,(anonymous_0)
FNDA:3,(anonymous_1)
FNDA:1,(anonymous_2)
FNDA:5,(anonymous_3)
DA:3,1
DA:22,1
DA:24,9
DA:25,9
DA:26,9
DA:27,4
DA:28,4
DA:30,3
DA:35,3
DA:39,1
DA:43,5
DA:44,5
DA:46,4
DA:47,4
DA:48,4
DA:49,4
DA:50,4
DA:52,4
DA:53,3
DA:55,2
DA:56,2
DA:65,1
LF:22
LH:22
BRDA:26,0,0,2
BRDA:26,0,1,7
BRDA:28,1,0,3
BRDA:28,1,1,1
BRDA:44,2,0,1
BRDA:44,2,1,4
BRDA:53,3,0,1
BRDA:53,3,1,2
BRF:8
BRH:8
end_of_record
TN:
SF:src/store/appStore.ts
FN:83,(anonymous_0)
FN:100,(anonymous_1)
FN:100,(anonymous_2)
FN:101,(anonymous_3)
FN:101,(anonymous_4)
FN:102,(anonymous_5)
FN:102,(anonymous_6)
FN:103,(anonymous_7)
FN:103,(anonymous_8)
FN:104,(anonymous_9)
FN:104,(anonymous_10)
FN:105,(anonymous_11)
FN:105,(anonymous_12)
FN:106,(anonymous_13)
FN:106,(anonymous_14)
FN:107,(anonymous_15)
FN:107,(anonymous_16)
FN:108,(anonymous_17)
FN:108,(anonymous_18)
FN:109,(anonymous_19)
FN:109,(anonymous_20)
FN:110,(anonymous_21)
FN:110,(anonymous_22)
FN:111,(anonymous_23)
FN:111,(anonymous_24)
FN:112,(anonymous_25)
FN:112,(anonymous_26)
FN:113,(anonymous_27)
FN:113,(anonymous_28)
FN:114,(anonymous_29)
FN:114,(anonymous_30)
FN:115,(anonymous_31)
FN:115,(anonymous_32)
FN:116,(anonymous_33)
FN:116,(anonymous_34)
FN:117,(anonymous_35)
FN:117,(anonymous_36)
FN:118,(anonymous_37)
FN:118,(anonymous_38)
FN:119,(anonymous_39)
FN:119,(anonymous_40)
FN:120,(anonymous_41)
FN:120,(anonymous_42)
FN:142,(anonymous_43)
FN:142,(anonymous_44)
FN:157,(anonymous_45)
FN:157,(anonymous_46)
FN:158,(anonymous_47)
FN:158,(anonymous_48)
FN:159,(anonymous_49)
FN:159,(anonymous_50)
FNF:51
FNH:51
FNDA:10,(anonymous_0)
FNDA:11,(anonymous_1)
FNDA:11,(anonymous_2)
FNDA:8,(anonymous_3)
FNDA:8,(anonymous_4)
FNDA:3,(anonymous_5)
FNDA:3,(anonymous_6)
FNDA:5,(anonymous_7)
FNDA:5,(anonymous_8)
FNDA:6,(anonymous_9)
FNDA:6,(anonymous_10)
FNDA:4,(anonymous_11)
FNDA:4,(anonymous_12)
FNDA:4,(anonymous_13)
FNDA:4,(anonymous_14)
FNDA:10,(anonymous_15)
FNDA:10,(anonymous_16)
FNDA:1,(anonymous_17)
FNDA:1,(anonymous_18)
FNDA:1,(anonymous_19)
FNDA:1,(anonymous_20)
FNDA:2,(anonymous_21)
FNDA:2,(anonymous_22)
FNDA:2,(anonymous_23)
FNDA:2,(anonymous_24)
FNDA:1,(anonymous_25)
FNDA:1,(anonymous_26)
FNDA:2,(anonymous_27)
FNDA:2,(anonymous_28)
FNDA:1,(anonymous_29)
FNDA:1,(anonymous_30)
FNDA:11,(anonymous_31)
FNDA:11,(anonymous_32)
FNDA:10,(anonymous_33)
FNDA:10,(anonymous_34)
FNDA:19,(anonymous_35)
FNDA:19,(anonymous_36)
FNDA:1,(anonymous_37)
FNDA:1,(anonymous_38)
FNDA:8,(anonymous_39)
FNDA:8,(anonymous_40)
FNDA:5,(anonymous_41)
FNDA:5,(anonymous_42)
FNDA:1,(anonymous_43)
FNDA:1,(anonymous_44)
FNDA:7,(anonymous_45)
FNDA:7,(anonymous_46)
FNDA:1,(anonymous_47)
FNDA:1,(anonymous_48)
FNDA:2,(anonymous_49)
FNDA:2,(anonymous_50)
DA:78,10
DA:82,10
DA:83,10
DA:100,11
DA:101,8
DA:102,3
DA:103,5
DA:104,6
DA:105,4
DA:106,4
DA:107,10
DA:108,1
DA:109,1
DA:110,2
DA:111,2
DA:112,1
DA:113,2
DA:114,1
DA:115,11
DA:116,10
DA:117,19
DA:118,1
DA:119,8
DA:120,5
DA:121,5
DA:122,1
DA:124,4
DA:125,4
DA:140,5
DA:142,1
DA:143,1
DA:155,1
DA:157,7
DA:158,1
DA:159,2
LF:35
LH:35
BRDA:86,0,0,10
BRDA:86,0,1,0
BRDA:121,1,0,1
BRDA:121,1,1,4
BRDA:121,2,0,5
BRDA:121,2,1,4
BRDA:126,3,0,4
BRDA:126,3,1,4
BRDA:127,4,0,5
BRDA:127,4,1,0
BRDA:128,5,0,5
BRDA:128,5,1,1
BRDA:131,6,0,5
BRDA:131,6,1,1
BRDA:132,7,0,5
BRDA:132,7,1,1
BRDA:132,8,0,1
BRDA:132,8,1,1
BRDA:132,9,0,1
BRDA:132,9,1,1
BRDA:133,10,0,5
BRDA:133,10,1,1
BRDA:133,10,2,1
BRDA:134,11,0,5
BRDA:134,11,1,1
BRDA:135,12,0,5
BRDA:135,12,1,1
BRDA:136,13,0,5
BRDA:136,13,1,1
BRDA:137,14,0,5
BRDA:137,14,1,4
BRDA:144,15,0,1
BRDA:144,15,1,0
BRDA:145,16,0,1
BRDA:145,16,1,0
BRDA:146,17,0,1
BRDA:146,17,1,1
BRDA:147,18,0,1
BRDA:147,18,1,1
BRDA:148,19,0,1
BRDA:148,19,1,1
BRDA:149,20,0,1
BRDA:149,20,1,1
BRDA:150,21,0,1
BRDA:150,21,1,1
BRDA:151,22,0,1
BRDA:151,22,1,1
BRDA:152,23,0,1
BRDA:152,23,1,1
BRF:49
BRH:45
end_of_record
TN:
SF:src/types/expert.ts
FN:3,(anonymous_0)
FN:53,(anonymous_1)
FNF:2
FNH:2
FNDA:380,(anonymous_0)
FNDA:17,(anonymous_1)
DA:3,10
DA:4,380
DA:5,380
DA:6,380
DA:8,380
DA:12,10
DA:36,10
DA:38,10
DA:54,17
DA:55,4
DA:60,4
LF:11
LH:11
BRDA:8,0,0,380
BRDA:8,0,1,379
BRDA:54,1,0,4
BRDA:54,1,1,13
BRDA:54,2,0,17
BRDA:54,2,1,7
BRF:6
BRH:6
end_of_record
TN:
SF:src/types/project.ts
FNF:0
FNH:0
DA:3,9
LF:1
LH:1
BRF:0
BRH:0
end_of_record
TN:
SF:src/types/volunteer.ts
FNF:0
FNH:0
DA:3,3
LF:1
LH:1
BRF:0
BRH:0
end_of_record
TN:
SF:src/utils/cardShare.ts
FN:13,(anonymous_0)
FN:16,(anonymous_1)
FN:18,(anonymous_2)
FNF:3
FNH:3
FNDA:46,(anonymous_0)
FNDA:45,(anonymous_1)
FNDA:44,(anonymous_2)
DA:13,6
DA:14,46
DA:16,45
DA:18,6
DA:25,44
DA:26,44
DA:27,44
DA:28,44
DA:29,44
DA:30,44
DA:31,44
LF:11
LH:11
BRDA:14,0,0,27
BRDA:14,0,1,19
BRDA:22,1,0,44
BRDA:23,2,0,44
BRDA:23,3,0,44
BRDA:23,3,1,0
BRF:6
BRH:5
end_of_record
TN:
SF:src/utils/categories.ts
FN:32,(anonymous_0)
FN:34,(anonymous_1)
FN:61,(anonymous_2)
FN:69,(anonymous_3)
FN:77,(anonymous_4)
FN:82,(anonymous_5)
FN:82,(anonymous_6)
FN:86,(anonymous_7)
FNF:8
FNH:8
FNDA:220,(anonymous_0)
FNDA:220,(anonymous_1)
FNDA:723,(anonymous_2)
FNDA:723,(anonymous_3)
FNDA:82,(anonymous_4)
FNDA:11,(anonymous_5)
FNDA:99,(anonymous_6)
FNDA:13,(anonymous_7)
DA:19,22
DA:32,220
DA:33,22
DA:34,220
DA:37,22
DA:61,22
DA:62,723
DA:69,22
DA:70,723
DA:72,723
DA:73,723
DA:74,404
DA:77,22
DA:78,82
DA:79,82
DA:82,99
DA:84,22
DA:86,22
DA:90,13
LF:19
LH:19
BRDA:70,0,0,0
BRDA:70,0,1,723
BRDA:73,1,0,319
BRDA:73,1,1,404
BRDA:74,2,0,404
BRDA:74,2,1,362
BRDA:77,3,0,82
BRDA:79,4,0,82
BRDA:79,4,1,0
BRDA:79,5,0,82
BRDA:79,5,1,0
BRDA:89,6,0,13
BRDA:90,7,0,13
BRDA:90,7,1,0
BRDA:90,8,0,13
BRDA:90,8,1,3
BRF:16
BRH:12
end_of_record
TN:
SF:src/utils/constants.ts
FNF:0
FNH:0
DA:1,4
DA:2,4
LF:2
LH:2
BRF:0
BRH:0
end_of_record
TN:
SF:src/utils/datasetScope.ts
FN:5,(anonymous_0)
FN:7,(anonymous_1)
FN:12,(anonymous_2)
FN:16,(anonymous_3)
FN:23,(anonymous_4)
FN:24,(anonymous_5)
FN:28,(anonymous_6)
FN:29,(anonymous_7)
FN:32,(anonymous_8)
FN:38,(anonymous_9)
FNF:10
FNH:10
FNDA:28,(anonymous_0)
FNDA:47,(anonymous_1)
FNDA:22,(anonymous_2)
FNDA:22,(anonymous_3)
FNDA:7,(anonymous_4)
FNDA:14,(anonymous_5)
FNDA:7,(anonymous_6)
FNDA:7,(anonymous_7)
FNDA:21,(anonymous_8)
FNDA:25,(anonymous_9)
DA:5,28
DA:7,3
DA:11,47
DA:12,22
DA:16,3
DA:20,22
DA:21,22
DA:23,7
DA:24,14
DA:26,22
DA:28,7
DA:29,7
DA:32,22
DA:33,21
DA:34,21
DA:38,3
DA:43,25
LF:17
LH:17
BRDA:11,0,0,44
BRDA:11,0,1,3
BRDA:23,1,0,7
BRDA:23,1,1,3
BRDA:34,2,0,21
BRDA:34,2,1,11
BRDA:34,3,0,11
BRDA:34,3,1,11
BRDA:43,4,0,22
BRDA:43,4,1,3
BRF:10
BRH:10
end_of_record
TN:
SF:src/utils/fuzzySearch.ts
FN:5,(anonymous_0)
FN:7,(anonymous_1)
FN:19,(anonymous_2)
FN:22,(anonymous_3)
FN:37,(anonymous_4)
FNF:5
FNH:5
FNDA:286,(anonymous_0)
FNDA:286,(anonymous_1)
FNDA:7,(anonymous_2)
FNDA:254,(anonymous_3)
FNDA:32,(anonymous_4)
DA:5,286
DA:7,10
DA:8,286
DA:9,286
DA:11,11
DA:19,11
DA:22,254
DA:37,32
LF:8
LH:8
BRDA:9,0,0,275
BRDA:9,0,1,11
BRF:2
BRH:2
end_of_record
TN:
SF:src/utils/geometry.ts
FN:1,perpendicularDistance
FN:21,douglasPeucker
FN:44,simplifyPolygon
FN:65,calculateAdaptiveTolerance
FN:66,(anonymous_4)
FN:82,generateAutoCircle
FNF:6
FNH:6
FNDA:364,perpendicularDistance
FNDA:43,douglasPeucker
FNDA:7,simplifyPolygon
FNDA:2,calculateAdaptiveTolerance
FNDA:107,(anonymous_4)
FNDA:8,generateAutoCircle
DA:2,364
DA:3,364
DA:4,364
DA:6,364
DA:7,364
DA:8,364
DA:10,364
DA:11,131
DA:14,233
DA:15,233
DA:16,233
DA:18,233
DA:22,43
DA:24,27
DA:25,27
DA:27,27
DA:28,364
DA:29,364
DA:30,211
DA:31,211
DA:35,27
DA:36,17
DA:37,17
DA:38,17
DA:41,10
DA:49,7
DA:50,2
DA:52,2
DA:53,7
DA:55,7
DA:56,7
DA:57,7
DA:58,7
DA:59,7
DA:62,2
DA:66,2
DA:67,107
DA:76,2
DA:77,2
DA:79,2
DA:87,8
DA:89,7
DA:90,7
DA:91,7
DA:93,7
DA:94,7
DA:96,7
DA:98,7
DA:99,231
DA:100,231
DA:101,231
DA:102,231
DA:105,7
LF:53
LH:53
BRDA:10,0,0,131
BRDA:10,0,1,233
BRDA:22,1,0,16
BRDA:22,1,1,27
BRDA:29,2,0,211
BRDA:29,2,1,153
BRDA:35,3,0,17
BRDA:35,3,1,10
BRDA:46,4,0,7
BRDA:49,5,0,5
BRDA:49,5,1,2
BRDA:50,6,0,0
BRDA:50,6,1,2
BRDA:52,7,0,2
BRDA:52,7,1,2
BRDA:56,8,0,7
BRDA:56,8,1,7
BRDA:84,9,0,8
BRDA:85,10,0,8
BRDA:87,11,0,1
BRDA:87,11,1,7
BRF:21
BRH:20
end_of_record
TN:
SF:src/utils/geometryUtils.ts
FN:8,parseGeometryString
FN:25,(anonymous_1)
FN:36,getPolygonCoords
FN:42,isPointGeometry
FNF:4
FNH:4
FNDA:15,parseGeometryString
FNDA:44,(anonymous_1)
FNDA:5,getPolygonCoords
FNDA:3,isPointGeometry
DA:9,15
DA:14,15
DA:15,4
DA:16,4
DA:17,4
DA:18,3
DA:21,11
DA:22,8
DA:23,8
DA:24,8
DA:25,8
DA:26,44
DA:27,44
DA:29,8
DA:30,7
DA:33,3
DA:37,5
DA:38,5
DA:39,4
DA:43,3
DA:44,3
LF:21
LH:21
BRDA:14,0,0,4
BRDA:14,0,1,11
BRDA:17,1,0,1
BRDA:17,1,1,3
BRDA:17,2,0,4
BRDA:17,2,1,4
BRDA:17,2,2,3
BRDA:21,3,0,8
BRDA:21,3,1,3
BRDA:29,4,0,1
BRDA:29,4,1,7
BRDA:38,5,0,1
BRDA:38,5,1,4
BRDA:38,6,0,5
BRDA:38,6,1,5
BRF:15
BRH:15
end_of_record
TN:
SF:src/utils/highlightText.ts
FN:3,(anonymous_0)
FN:5,(anonymous_1)
FN:16,(anonymous_2)
FNF:3
FNH:3
FNDA:66,(anonymous_0)
FNDA:60,(anonymous_1)
FNDA:9,(anonymous_2)
DA:3,66
DA:5,4
DA:6,60
DA:7,57
DA:10,3
DA:11,3
DA:12,3
DA:13,3
DA:15,3
DA:17,9
DA:23,3
LF:11
LH:11
BRDA:6,0,0,57
BRDA:6,0,1,3
BRDA:17,1,0,3
BRDA:17,1,1,6
BRF:4
BRH:4
end_of_record
TN:
SF:src/utils/polygonUtils.ts
FN:17,(anonymous_0)
FN:56,(anonymous_1)
FN:70,(anonymous_2)
FN:89,(anonymous_3)
FN:91,(anonymous_4)
FN:92,(anonymous_5)
FNF:6
FNH:6
FNDA:7,(anonymous_0)
FNDA:1,(anonymous_1)
FNDA:48,(anonymous_2)
FNDA:1,(anonymous_3)
FNDA:3,(anonymous_4)
FNDA:2,(anonymous_5)
DA:11,10
DA:17,10
DA:18,7
DA:24,7
DA:25,7
DA:27,7
DA:48,7
DA:49,7
DA:50,6
DA:53,1
DA:56,10
DA:57,1
DA:58,1
DA:59,1
DA:60,4
DA:61,4
DA:62,4
DA:63,4
DA:65,1
DA:68,10
DA:70,10
DA:71,48
DA:72,48
DA:73,48
DA:74,48
DA:76,48
DA:77,432
DA:78,432
DA:79,432
DA:80,432
DA:81,432
DA:82,432
DA:84,48
DA:86,48
DA:89,10
DA:90,1
DA:91,3
DA:92,2
LF:38
LH:38
BRDA:24,0,0,7
BRDA:24,0,1,1
BRDA:25,1,0,7
BRDA:25,1,1,1
BRDA:49,2,0,6
BRDA:49,2,1,1
BRDA:50,3,0,6
BRDA:50,3,1,4
BRDA:53,4,0,1
BRDA:53,4,1,1
BRDA:56,5,0,1
BRDA:56,6,0,1
BRDA:70,7,0,48
BRDA:91,8,0,3
BRDA:91,8,1,3
BRDA:91,8,2,2
BRDA:91,8,3,2
BRF:17
BRH:17
end_of_record
TN:
SF:src/utils/projectBadges.ts
FN:18,(anonymous_0)
FN:20,(anonymous_1)
FNF:2
FNH:2
FNDA:54,(anonymous_0)
FNDA:54,(anonymous_1)
DA:5,5
DA:11,5
DA:18,54
DA:20,5
DA:21,54
LF:5
LH:5
BRDA:18,0,0,54
BRDA:18,0,1,0
BRDA:21,1,0,54
BRDA:21,1,1,52
BRF:4
BRH:3
end_of_record
TN:
SF:src/utils/projectFilterOptions.ts
FN:18,(anonymous_0)
FN:33,(anonymous_1)
FN:35,(anonymous_2)
FN:38,(anonymous_3)
FN:43,(anonymous_4)
FN:46,(anonymous_5)
FN:49,(anonymous_6)
FN:50,(anonymous_7)
FN:53,(anonymous_8)
FN:54,(anonymous_9)
FNF:10
FNH:10
FNDA:132,(anonymous_0)
FNDA:204,(anonymous_1)
FNDA:132,(anonymous_2)
FNDA:68,(anonymous_3)
FNDA:36,(anonymous_4)
FNDA:39,(anonymous_5)
FNDA:38,(anonymous_6)
FNDA:12,(anonymous_7)
FNDA:204,(anonymous_8)
FNDA:680,(anonymous_9)
DA:15,5
DA:16,5
DA:18,5
DA:23,132
DA:24,132
DA:25,132
DA:26,132
DA:27,132
DA:30,132
DA:33,5
DA:34,204
DA:35,204
DA:38,5
DA:39,68
DA:40,68
DA:41,68
DA:43,68
DA:44,68
DA:46,39
DA:49,68
DA:50,12
DA:52,68
DA:53,204
DA:54,680
LF:24
LH:24
BRDA:23,0,0,132
BRDA:23,0,1,88
BRDA:23,0,2,14
BRDA:24,1,0,132
BRDA:24,1,1,75
BRDA:26,2,0,132
BRDA:26,2,1,88
BRDA:26,2,2,16
BRDA:26,2,3,16
BRDA:27,3,0,132
BRDA:27,3,1,88
BRDA:27,3,2,10
BRDA:30,4,0,132
BRDA:30,4,1,128
BRDA:30,4,2,119
BRDA:46,5,0,39
BRDA:46,5,1,23
BRF:17
BRH:17
end_of_record
